/home/zhaos5/anaconda3/lib/python3.6/site-packages/h5py/__init__.py:36: FutureWarning: Conversion of the second argument of issubdtype from `float` to `np.floating` is deprecated. In future, it will be treated as `np.float64 == np.dtype(float).type`.
  from ._conv import register_converters as _register_converters
WARNING:tensorflow:From /home/zhaos5/anaconda3/lib/python3.6/site-packages/tensorflow/contrib/learn/python/learn/datasets/base.py:198: retry (from tensorflow.contrib.learn.python.learn.datasets.base) is deprecated and will be removed in a future version.
Instructions for updating:
Use the retry module or similar alternatives.
WARNING:tensorflow:From /home/zhaos5/projs/wsd/wsd_code/tensor2tensor/layers/common_layers.py:513: calling reduce_mean (from tensorflow.python.ops.math_ops) with keep_dims is deprecated and will be removed in a future version.
Instructions for updating:
keep_dims is deprecated, use keepdims instead
2018-04-09 04:36:11.972174: I tensorflow/core/platform/cpu_feature_guard.cc:140] Your CPU supports instructions that this TensorFlow binary was not compiled to use: AVX2 FMA
2018-04-09 04:36:18.211872: I tensorflow/stream_executor/cuda/cuda_gpu_executor.cc:898] successful NUMA node read from SysFS had negative value (-1), but there must be at least one NUMA node, so returning NUMA node zero
2018-04-09 04:36:18.213257: I tensorflow/core/common_runtime/gpu/gpu_device.cc:1344] Found device 0 with properties: 
name: Tesla K80 major: 3 minor: 7 memoryClockRate(GHz): 0.8235
pciBusID: 0000:00:1a.0
totalMemory: 11.17GiB freeMemory: 11.10GiB
2018-04-09 04:36:18.213297: I tensorflow/core/common_runtime/gpu/gpu_device.cc:1423] Adding visible gpu devices: 0
2018-04-09 04:36:18.576019: I tensorflow/core/common_runtime/gpu/gpu_device.cc:911] Device interconnect StreamExecutor with strength 1 edge matrix:
2018-04-09 04:36:18.576084: I tensorflow/core/common_runtime/gpu/gpu_device.cc:917]      0 
2018-04-09 04:36:18.576095: I tensorflow/core/common_runtime/gpu/gpu_device.cc:930] 0:   N 
2018-04-09 04:36:18.576385: I tensorflow/core/common_runtime/gpu/gpu_device.cc:1041] Created TensorFlow device (/job:localhost/replica:0/task:0/device:GPU:0 with 10764 MB memory) -> physical GPU (device: 0, name: Tesla K80, pci bus id: 0000:00:1a.0, compute capability: 3.7)
Subword Vocab Populated with size 49588 for path /home/zhaos5/projs/wsd/wsd_code/model/../../wsd_data/medline/subvoc.txt.
Finished Populate Data with 383360 samples.
Perplexity:	350.522217 at step 1001 using 0:03:38.893274.
Perplexity:	35.602890 at step 2002 using 0:02:53.346581.
Perplexity:	48.522545 at step 3003 using 0:02:53.576164.
Perplexity:	8.241085 at step 4004 using 0:02:57.712623.
Perplexity:	83.583656 at step 5005 using 0:03:02.944953.
Perplexity:	9.363657 at step 6006 using 0:02:53.901530.
Perplexity:	30.795349 at step 7007 using 0:02:57.322545.
Perplexity:	3.372247 at step 8008 using 0:02:53.648451.
Perplexity:	3.414496 at step 9009 using 0:02:53.171230.
Perplexity:	7.258673 at step 10010 using 0:02:53.259191.
Perplexity:	2.031002 at step 11011 using 0:02:57.190434.
Perplexity:	13.242818 at step 12012 using 0:02:52.989696.
Perplexity:	21.075499 at step 13013 using 0:02:53.636977.
Perplexity:	2.084524 at step 14014 using 0:02:57.176247.
Perplexity:	6.465654 at step 15015 using 0:03:01.102840.
Perplexity:	47.311077 at step 16016 using 0:02:52.748826.
Perplexity:	15.884876 at step 17017 using 0:02:53.138480.
Perplexity:	4.002786 at step 18018 using 0:02:58.791791.
Perplexity:	3.691723 at step 19019 using 0:02:52.706222.
Perplexity:	10.016573 at step 20020 using 0:02:53.274415.
Perplexity:	78.437065 at step 21021 using 0:02:57.007695.
Perplexity:	9.474045 at step 22022 using 0:02:52.801677.
Perplexity:	5.246002 at step 23023 using 0:02:52.820193.
Perplexity:	4373.967285 at step 24024 using 0:02:57.681001.
Perplexity:	5.108662 at step 25025 using 0:02:53.275595.
Perplexity:	3.864876 at step 26026 using 0:03:00.423314.
Perplexity:	13.252496 at step 27027 using 0:02:52.867086.
Perplexity:	11.488004 at step 28028 using 0:02:57.889540.
Perplexity:	1.194956 at step 29029 using 0:02:52.882568.
Perplexity:	8.732978 at step 30030 using 0:02:53.377226.
Perplexity:	5.347443 at step 31031 using 0:02:57.251434.
Perplexity:	1.374895 at step 32032 using 0:02:52.997485.
Perplexity:	1.867088 at step 33033 using 0:02:53.082612.
Perplexity:	8.140562 at step 34034 using 0:02:53.030685.
Perplexity:	32.872478 at step 35035 using 0:02:57.279688.
Perplexity:	1.008911 at step 36036 using 0:02:54.022167.
Perplexity:	4.361042 at step 37037 using 0:03:00.528778.
Perplexity:	4.738047 at step 38038 using 0:02:58.604747.
Perplexity:	18.831009 at step 39039 using 0:02:52.906274.
Perplexity:	21.839327 at step 40040 using 0:02:53.378566.
Perplexity:	195.776886 at step 41041 using 0:02:53.659230.
Perplexity:	9.016460 at step 42042 using 0:02:57.793907.
Perplexity:	44.143806 at step 43043 using 0:02:53.465931.
Perplexity:	6.032770 at step 44044 using 0:02:53.648132.
Perplexity:	1.074994 at step 45045 using 0:02:58.328065.
Perplexity:	8.979707 at step 46046 using 0:02:53.552094.
Perplexity:	37.668365 at step 47047 using 0:03:02.573747.
Perplexity:	53.506355 at step 48048 using 0:02:59.103230.
Perplexity:	10.836391 at step 49049 using 0:02:53.247212.
Perplexity:	4.057502 at step 50050 using 0:02:53.275768.
Perplexity:	5.339420 at step 51051 using 0:02:53.992550.
Perplexity:	8.699771 at step 52052 using 0:02:58.007894.
Perplexity:	1.482502 at step 53053 using 0:02:53.540865.
Perplexity:	50.322689 at step 54054 using 0:02:52.487168.
Perplexity:	4.251755 at step 55055 using 0:02:57.772128.
Perplexity:	10.277144 at step 56056 using 0:02:53.622090.
Perplexity:	20.487980 at step 57057 using 0:02:53.237710.
Perplexity:	5.643498 at step 58058 using 0:03:03.014530.
Perplexity:	6.117875 at step 59059 using 0:02:58.661890.
Perplexity:	2.902932 at step 60060 using 0:02:53.566968.
Perplexity:	1.317876 at step 61061 using 0:02:53.244402.
Perplexity:	19.175503 at step 62062 using 0:02:58.245163.
Perplexity:	2.246650 at step 63063 using 0:02:53.740743.
Perplexity:	2.095304 at step 64064 using 0:02:53.799571.
Perplexity:	4.886333 at step 65065 using 0:02:51.992208.
Perplexity:	2.748668 at step 66066 using 0:02:57.835492.
Perplexity:	1.388954 at step 67067 using 0:02:54.091584.
Perplexity:	1.692556 at step 68068 using 0:02:52.831535.
Perplexity:	9.370998 at step 69069 using 0:03:06.324050.
Perplexity:	8.194385 at step 70070 using 0:02:53.281780.
Perplexity:	2.496037 at step 71071 using 0:02:51.658116.
Perplexity:	4.619788 at step 72072 using 0:02:57.692661.
Perplexity:	3.417552 at step 73073 using 0:02:53.720144.
Perplexity:	10.635365 at step 74074 using 0:02:54.353842.
Perplexity:	5.935275 at step 75075 using 0:02:52.581617.
Perplexity:	5.138492 at step 76076 using 0:02:57.856550.
Perplexity:	4.332577 at step 77077 using 0:02:53.456535.
Perplexity:	4.345403 at step 78078 using 0:02:53.210872.
Perplexity:	26.191809 at step 79079 using 0:03:05.698417.
Perplexity:	2.335040 at step 80080 using 0:02:53.009180.
Perplexity:	1.037822 at step 81081 using 0:02:52.511204.
Perplexity:	4.646090 at step 82082 using 0:02:52.925740.
Perplexity:	13.738860 at step 83083 using 0:02:57.941148.
Perplexity:	2.823745 at step 84084 using 0:02:53.710968.
Perplexity:	3.462775 at step 85085 using 0:02:54.070487.
Perplexity:	35.410835 at step 86086 using 0:02:57.469614.
Perplexity:	9.724715 at step 87087 using 0:02:52.833960.
Perplexity:	8.137329 at step 88088 using 0:02:54.021404.
Perplexity:	2.181050 at step 89089 using 0:02:53.445776.
Perplexity:	3.210768 at step 90090 using 0:03:05.529913.
Perplexity:	3.083311 at step 91091 using 0:02:53.551862.
Perplexity:	1.816980 at step 92092 using 0:02:53.632911.
Perplexity:	37.224216 at step 93093 using 0:02:57.462384.
Perplexity:	1.456836 at step 94094 using 0:02:54.101105.
Perplexity:	1.692057 at step 95095 using 0:02:53.683992.
Perplexity:	11.464622 at step 96096 using 0:02:57.735935.
Perplexity:	1.096844 at step 97097 using 0:02:52.899996.
Perplexity:	13.685124 at step 98098 using 0:02:53.230011.
Perplexity:	12.191842 at step 99099 using 0:02:53.667985.
Perplexity:	10.819910 at step 100100 using 0:03:06.444826.
Perplexity:	2.544726 at step 101101 using 0:02:53.077061.
Perplexity:	3.619784 at step 102102 using 0:02:53.602630.
Perplexity:	83.548630 at step 103103 using 0:02:57.623034.
Perplexity:	2.135073 at step 104104 using 0:02:53.485565.
Perplexity:	6.402176 at step 105105 using 0:02:53.848669.
Perplexity:	8.860586 at step 106106 using 0:02:53.132875.
Perplexity:	2.943040 at step 107107 using 0:02:58.333407.
Perplexity:	1.607497 at step 108108 using 0:02:52.953104.
Perplexity:	53.392918 at step 109109 using 0:02:52.799445.
Perplexity:	3.317167 at step 110110 using 0:02:58.413582.
Perplexity:	62.156437 at step 111111 using 0:03:01.764421.
Perplexity:	2.969671 at step 112112 using 0:02:52.906989.
Perplexity:	3.239972 at step 113113 using 0:02:57.040366.
Perplexity:	3.084007 at step 114114 using 0:02:53.277821.
Perplexity:	6.602527 at step 115115 using 0:02:52.529665.
Perplexity:	9.518822 at step 116116 using 0:02:53.408059.
Perplexity:	14.513684 at step 117117 using 0:02:58.133894.
Perplexity:	2.852151 at step 118118 using 0:02:53.566110.
Perplexity:	19.253872 at step 119119 using 0:02:52.642413.
Perplexity:	8.225558 at step 120120 using 0:02:58.367507.
Perplexity:	2.139596 at step 121121 using 0:02:53.793682.
Perplexity:	2.991651 at step 122122 using 0:03:00.376740.
Perplexity:	12.338767 at step 123123 using 0:02:53.456295.
Perplexity:	4.694850 at step 124124 using 0:02:58.792383.
Perplexity:	10.834020 at step 125125 using 0:02:53.525514.
Perplexity:	3.009257 at step 126126 using 0:02:53.700022.
Perplexity:	15.798612 at step 127127 using 0:02:57.073789.
Perplexity:	5.918944 at step 128128 using 0:02:52.646998.
Perplexity:	9.146820 at step 129129 using 0:02:52.667488.
Perplexity:	1.850712 at step 130130 using 0:02:53.042594.
Perplexity:	9.958108 at step 131131 using 0:02:58.202710.
Perplexity:	13.347923 at step 132132 using 0:02:53.101147.
Perplexity:	17.492739 at step 133133 using 0:03:01.040325.
Perplexity:	6.783739 at step 134134 using 0:02:57.838052.
Perplexity:	1.298576 at step 135135 using 0:02:52.488823.
Perplexity:	562.860962 at step 136136 using 0:02:52.647044.
Perplexity:	2.448494 at step 137137 using 0:02:58.622061.
Perplexity:	5.283692 at step 138138 using 0:02:53.821685.
Perplexity:	37.280170 at step 139139 using 0:02:53.500464.
Perplexity:	14.689119 at step 140140 using 0:02:53.477894.
Perplexity:	1.196925 at step 141141 using 0:02:58.317837.
Perplexity:	8.466186 at step 142142 using 0:02:52.538754.
Perplexity:	9.950057 at step 143143 using 0:03:00.015423.
Perplexity:	4.097322 at step 144144 using 0:02:58.725482.
Perplexity:	14.496473 at step 145145 using 0:02:52.661583.
Perplexity:	2.370209 at step 146146 using 0:02:52.851212.
Perplexity:	18.649656 at step 147147 using 0:02:53.057201.
Perplexity:	7.797777 at step 148148 using 0:02:59.185165.
Perplexity:	118.535583 at step 149149 using 0:02:53.492848.
Perplexity:	153.097656 at step 150150 using 0:02:53.352497.
Perplexity:	22.932623 at step 151151 using 0:02:57.676203.
Perplexity:	3.823452 at step 152152 using 0:02:53.760137.
Perplexity:	5.851873 at step 153153 using 0:02:53.080370.
Perplexity:	2.114656 at step 154154 using 0:02:57.635570.
Perplexity:	4.494364 at step 155155 using 0:02:57.710945.
Perplexity:	11.817126 at step 156156 using 0:02:53.048020.
Perplexity:	2.704629 at step 157157 using 0:02:51.229681.
Perplexity:	1.430356 at step 158158 using 0:02:57.016921.
Perplexity:	2.226130 at step 159159 using 0:02:52.049781.
Perplexity:	2.403167 at step 160160 using 0:02:51.440551.
Perplexity:	3.602140 at step 161161 using 0:02:51.077013.
Perplexity:	26.107290 at step 162162 using 0:02:55.840524.
Perplexity:	3.765027 at step 163163 using 0:02:51.781522.
Perplexity:	1.244135 at step 164164 using 0:02:51.074370.
Perplexity:	23.096825 at step 165165 using 0:03:01.657171.
Perplexity:	2.710021 at step 166166 using 0:02:51.027169.
Perplexity:	2.476588 at step 167167 using 0:02:50.681017.
Perplexity:	2.774618 at step 168168 using 0:02:56.352952.
Perplexity:	5.553792 at step 169169 using 0:02:50.649779.
Perplexity:	2.241883 at step 170170 using 0:02:50.939230.
Perplexity:	10.799743 at step 171171 using 0:02:50.847879.
Perplexity:	2.763677 at step 172172 using 0:02:55.920537.
Perplexity:	4.021367 at step 173173 using 0:02:50.870226.
Perplexity:	5.930062 at step 174174 using 0:02:52.540497.
Perplexity:	8.124763 at step 175175 using 0:03:01.031867.
Perplexity:	22.245998 at step 176176 using 0:02:50.841949.
Perplexity:	1.515057 at step 177177 using 0:02:50.753295.
Perplexity:	1.815796 at step 178178 using 0:02:51.120545.
Perplexity:	2.772265 at step 179179 using 0:02:55.603574.
Perplexity:	17.543346 at step 180180 using 0:02:51.085593.
Perplexity:	5.291350 at step 181181 using 0:02:50.581586.
Perplexity:	7.923876 at step 182182 using 0:02:54.856293.
Perplexity:	2.032011 at step 183183 using 0:02:51.339889.
Perplexity:	4.788596 at step 184184 using 0:02:51.216380.
Perplexity:	2.906346 at step 185185 using 0:02:51.198770.
Perplexity:	4.234998 at step 186186 using 0:03:01.263473.
Perplexity:	2.430224 at step 187187 using 0:02:51.227080.
Perplexity:	1.471284 at step 188188 using 0:02:51.057112.
Perplexity:	1.608555 at step 189189 using 0:02:55.251985.
Perplexity:	8.739593 at step 190190 using 0:02:52.435088.
Perplexity:	60.567722 at step 191191 using 0:02:51.464573.
Perplexity:	7.365723 at step 192192 using 0:02:50.813813.
Perplexity:	1.243226 at step 193193 using 0:02:55.347291.
Perplexity:	2.983005 at step 194194 using 0:02:51.332201.
Perplexity:	1.190709 at step 195195 using 0:02:51.275543.
Perplexity:	16.383287 at step 196196 using 0:03:01.046627.
Perplexity:	7.304288 at step 197197 using 0:02:51.776053.
Perplexity:	1.008083 at step 198198 using 0:02:51.706628.
Perplexity:	2.383954 at step 199199 using 0:02:51.073847.
Perplexity:	44.039875 at step 200200 using 0:02:56.718269.
Perplexity:	6.781032 at step 201201 using 0:02:51.241682.
Perplexity:	14.566968 at step 202202 using 0:02:51.219409.
Perplexity:	2.111970 at step 203203 using 0:02:55.292326.
Perplexity:	6.157053 at step 204204 using 0:02:50.577746.
Perplexity:	24.913279 at step 205205 using 0:02:51.531932.
Perplexity:	2.614625 at step 206206 using 0:02:51.230524.
Perplexity:	11.765672 at step 207207 using 0:03:01.432079.
Perplexity:	156.909958 at step 208208 using 0:02:51.380164.
Perplexity:	1.403190 at step 209209 using 0:02:50.164573.
Perplexity:	4.355305 at step 210210 using 0:02:54.952828.
Perplexity:	5.553095 at step 211211 using 0:02:51.601922.
Perplexity:	4.432113 at step 212212 using 0:02:51.341632.
Perplexity:	84.168823 at step 213213 using 0:02:50.786857.
Perplexity:	3.132056 at step 214214 using 0:02:54.431097.
Perplexity:	3.763246 at step 215215 using 0:02:51.278638.
Perplexity:	6.135263 at step 216216 using 0:02:51.176256.
Perplexity:	6.751308 at step 217217 using 0:02:55.426174.
Perplexity:	8.218107 at step 218218 using 0:02:57.250714.
Perplexity:	3.742744 at step 219219 using 0:02:51.442997.
Perplexity:	4.510424 at step 220220 using 0:02:51.032731.
Perplexity:	1.839284 at step 221221 using 0:02:56.045867.
Perplexity:	3.081614 at step 222222 using 0:02:51.271331.
Perplexity:	6.597515 at step 223223 using 0:02:50.488575.
Perplexity:	26.618326 at step 224224 using 0:02:55.071532.
Perplexity:	6.774545 at step 225225 using 0:02:50.888692.
Perplexity:	2.255854 at step 226226 using 0:02:51.084271.
Perplexity:	4.482749 at step 227227 using 0:02:55.164905.
Perplexity:	4.050966 at step 228228 using 0:02:56.871041.
Perplexity:	1.073556 at step 229229 using 0:02:51.697629.
Perplexity:	5.670215 at step 230230 using 0:02:52.157124.
Perplexity:	1.420741 at step 231231 using 0:02:55.167742.
Perplexity:	2.470459 at step 232232 using 0:02:51.200402.
Perplexity:	2.190033 at step 233233 using 0:02:50.831900.
Perplexity:	3.875185 at step 234234 using 0:02:56.408270.
Perplexity:	4.336702 at step 235235 using 0:02:50.336074.
Perplexity:	1.470125 at step 236236 using 0:02:51.434597.
Perplexity:	2.515713 at step 237237 using 0:02:52.090465.
Perplexity:	1.833395 at step 238238 using 0:02:55.710777.
Perplexity:	1.874130 at step 239239 using 0:02:56.306387.
Perplexity:	7.489779 at step 240240 using 0:02:51.986862.
Perplexity:	3.055353 at step 241241 using 0:02:54.500797.
Perplexity:	1.822914 at step 242242 using 0:02:51.323155.
Perplexity:	1.324242 at step 243243 using 0:02:50.737276.
Perplexity:	4.943918 at step 244244 using 0:02:51.283663.
Perplexity:	5.049358 at step 245245 using 0:02:55.680191.
Perplexity:	3.285832 at step 246246 using 0:02:52.403069.
Perplexity:	8.862463 at step 247247 using 0:02:50.738012.
Perplexity:	1.573201 at step 248248 using 0:02:55.725077.
Perplexity:	1.186707 at step 249249 using 0:02:51.405799.
Perplexity:	2.428543 at step 250250 using 0:02:57.069846.
Perplexity:	13.497602 at step 251251 using 0:02:51.452712.
Perplexity:	16.582022 at step 252252 using 0:02:55.696505.
Perplexity:	4.972685 at step 253253 using 0:02:52.370212.
Perplexity:	6.121448 at step 254254 using 0:02:51.830264.
Perplexity:	3.328119 at step 255255 using 0:02:55.693737.
Perplexity:	1.115933 at step 256256 using 0:02:51.104115.
Perplexity:	6.088328 at step 257257 using 0:02:50.873390.
Perplexity:	4.200055 at step 258258 using 0:02:50.367140.
Perplexity:	1.442140 at step 259259 using 0:02:55.288584.
Perplexity:	1.402630 at step 260260 using 0:02:56.720061.
Perplexity:	6.440754 at step 261261 using 0:02:51.214093.
Perplexity:	1.691033 at step 262262 using 0:02:55.302655.
Perplexity:	4.536104 at step 263263 using 0:02:51.419242.
Perplexity:	17.526432 at step 264264 using 0:02:50.604607.
Perplexity:	14.957072 at step 265265 using 0:02:51.253686.
Perplexity:	10.942704 at step 266266 using 0:02:54.918276.
Perplexity:	5.519842 at step 267267 using 0:02:51.604918.
Perplexity:	7.713999 at step 268268 using 0:02:51.262393.
Perplexity:	2.006653 at step 269269 using 0:02:55.938256.
Perplexity:	13.553769 at step 270270 using 0:02:51.512799.
Perplexity:	2.594033 at step 271271 using 0:02:56.163505.
Perplexity:	4.100679 at step 272272 using 0:02:50.854353.
Perplexity:	44.291878 at step 273273 using 0:02:55.528916.
Perplexity:	4.333661 at step 274274 using 0:02:51.338202.
Perplexity:	19.723644 at step 275275 using 0:02:50.479089.
Perplexity:	8.095979 at step 276276 using 0:02:56.428426.
Perplexity:	20.582291 at step 277277 using 0:02:51.638727.
Perplexity:	63.438572 at step 278278 using 0:02:51.652084.
Perplexity:	5.110687 at step 279279 using 0:02:51.950463.
Perplexity:	12.943091 at step 280280 using 0:02:55.335695.
Perplexity:	1.534203 at step 281281 using 0:02:51.004579.
Perplexity:	2.569932 at step 282282 using 0:02:56.788786.
Perplexity:	6.588649 at step 283283 using 0:02:56.152107.
Perplexity:	1.637958 at step 284284 using 0:02:51.256475.
Perplexity:	6.989907 at step 285285 using 0:02:50.898572.
Perplexity:	12.417223 at step 286286 using 0:02:54.975384.
Perplexity:	4.968517 at step 287287 using 0:02:50.957415.
Perplexity:	7.337495 at step 288288 using 0:02:51.301143.
Perplexity:	18.197599 at step 289289 using 0:02:50.707332.
Perplexity:	5.316204 at step 290290 using 0:02:55.709234.
Perplexity:	7.440434 at step 291291 using 0:02:50.991394.
Perplexity:	2.893915 at step 292292 using 0:02:56.971161.
Perplexity:	17.623032 at step 293293 using 0:02:55.387487.
Perplexity:	3.530663 at step 294294 using 0:02:51.469658.
Perplexity:	3.117910 at step 295295 using 0:02:51.082729.
Perplexity:	9.967002 at step 296296 using 0:02:50.297609.
Perplexity:	3.627614 at step 297297 using 0:02:54.789752.
Perplexity:	8.389955 at step 298298 using 0:02:51.506938.
Perplexity:	1.576544 at step 299299 using 0:02:49.902798.
Perplexity:	4.012434 at step 300300 using 0:02:55.691829.
Perplexity:	10.482644 at step 301301 using 0:02:51.102177.
Perplexity:	11.921162 at step 302302 using 0:02:50.442248.
Perplexity:	63.769005 at step 303303 using 0:02:56.808649.
Perplexity:	3.925921 at step 304304 using 0:02:55.622480.
Perplexity:	14.638146 at step 305305 using 0:02:50.946394.
Perplexity:	5.404505 at step 306306 using 0:02:51.631141.
Perplexity:	8.473107 at step 307307 using 0:02:55.195780.
Perplexity:	4.857771 at step 308308 using 0:02:50.757452.
Perplexity:	14.738474 at step 309309 using 0:02:52.096185.
Perplexity:	1.239120 at step 310310 using 0:02:51.500469.
Perplexity:	7.177007 at step 311311 using 0:02:56.294240.
Perplexity:	7.083025 at step 312312 using 0:02:51.054298.
Perplexity:	3.910498 at step 313313 using 0:02:50.536299.
Perplexity:	6.309327 at step 314314 using 0:03:01.844447.
Perplexity:	1.445246 at step 315315 using 0:02:51.346423.
Perplexity:	3.417227 at step 316316 using 0:02:50.942650.
Perplexity:	1.123409 at step 317317 using 0:02:51.236274.
Perplexity:	2.894860 at step 318318 using 0:02:54.255821.
Perplexity:	1.019042 at step 319319 using 0:02:50.857497.
Perplexity:	9.627096 at step 320320 using 0:02:50.873674.
Perplexity:	4.820133 at step 321321 using 0:02:54.410070.
Perplexity:	9.879211 at step 322322 using 0:02:51.431581.
Perplexity:	3.011606 at step 323323 using 0:02:51.852561.
Perplexity:	3.489693 at step 324324 using 0:02:51.147895.
Perplexity:	1.930176 at step 325325 using 0:03:01.445845.
Perplexity:	12.225522 at step 326326 using 0:02:51.139768.
Perplexity:	2.894023 at step 327327 using 0:02:51.668185.
Perplexity:	1.049508 at step 328328 using 0:02:54.378165.
Perplexity:	4.133249 at step 329329 using 0:02:51.808109.
Perplexity:	2.866414 at step 330330 using 0:02:51.634750.
Perplexity:	4.672519 at step 331331 using 0:02:51.734812.
Perplexity:	4.970896 at step 332332 using 0:02:55.501472.
Perplexity:	1.528931 at step 333333 using 0:02:50.832361.
Perplexity:	11.954393 at step 334334 using 0:02:51.249247.
Perplexity:	4.922738 at step 335335 using 0:02:59.995729.
Perplexity:	11.728179 at step 336336 using 0:02:50.960532.
Perplexity:	4.027384 at step 337337 using 0:02:50.303411.
Perplexity:	3.004401 at step 338338 using 0:02:50.962457.
Perplexity:	2.541989 at step 339339 using 0:02:55.025367.
Perplexity:	1.583021 at step 340340 using 0:02:51.096393.
Perplexity:	6.037889 at step 341341 using 0:02:51.326926.
Perplexity:	84.006752 at step 342342 using 0:02:55.513942.
Perplexity:	6.181494 at step 343343 using 0:02:51.766915.
Perplexity:	4.746119 at step 344344 using 0:02:50.401753.
Perplexity:	2.334284 at step 345345 using 0:02:51.793627.
Perplexity:	2.208159 at step 346346 using 0:03:01.369162.
Perplexity:	6.867872 at step 347347 using 0:02:50.756844.
Perplexity:	4.301635 at step 348348 using 0:02:51.251865.
Perplexity:	4.911210 at step 349349 using 0:02:55.899238.
Perplexity:	1.186799 at step 350350 using 0:02:50.764952.
Perplexity:	4.835182 at step 351351 using 0:02:51.030354.
Perplexity:	9.746227 at step 352352 using 0:02:56.289062.
Perplexity:	2.527193 at step 353353 using 0:02:50.696319.
Perplexity:	9.313708 at step 354354 using 0:02:51.035310.
Perplexity:	22.264973 at step 355355 using 0:02:50.598471.
Perplexity:	2.891358 at step 356356 using 0:03:00.961030.
Perplexity:	1.082116 at step 357357 using 0:02:51.400013.
Perplexity:	4.044213 at step 358358 using 0:02:50.935225.
Perplexity:	2.871874 at step 359359 using 0:02:56.129032.
Perplexity:	5.393820 at step 360360 using 0:02:50.720343.
Perplexity:	1.248707 at step 361361 using 0:02:50.632967.
Perplexity:	3.504622 at step 362362 using 0:02:51.126575.
Perplexity:	5.363890 at step 363363 using 0:02:55.432061.
Perplexity:	1.928490 at step 364364 using 0:02:51.331700.
Perplexity:	12.528258 at step 365365 using 0:02:50.956600.
Perplexity:	1.660244 at step 366366 using 0:02:54.903334.
Perplexity:	2.236088 at step 367367 using 0:02:56.745027.
Perplexity:	4.428575 at step 368368 using 0:02:51.261254.
Perplexity:	8.122585 at step 369369 using 0:02:50.682301.
Perplexity:	5.110696 at step 370370 using 0:02:55.545469.
Perplexity:	3.575005 at step 371371 using 0:02:51.306915.
Perplexity:	4.625131 at step 372372 using 0:02:50.416836.
Perplexity:	2.188755 at step 373373 using 0:02:54.654896.
Perplexity:	35.960155 at step 374374 using 0:02:50.370207.
Perplexity:	41.619579 at step 375375 using 0:02:51.339581.
Perplexity:	112.551521 at step 376376 using 0:02:50.815404.
Perplexity:	20.239519 at step 377377 using 0:02:56.812964.
Perplexity:	3.074857 at step 378378 using 0:02:56.586911.
Perplexity:	3.263032 at step 379379 using 0:02:51.138408.
Perplexity:	2.745901 at step 380380 using 0:02:55.936638.
Perplexity:	2.513727 at step 381381 using 0:02:50.349492.
Perplexity:	1.055574 at step 382382 using 0:02:51.426069.
Perplexity:	106.588165 at step 383383 using 0:02:51.793829.
Perplexity:	8.637349 at step 384384 using 0:02:55.767415.
Perplexity:	2.388865 at step 385385 using 0:02:50.275425.
Perplexity:	3.800201 at step 386386 using 0:02:50.694152.
Perplexity:	1.003657 at step 387387 using 0:02:55.805254.
Perplexity:	7.057307 at step 388388 using 0:02:57.009567.
Perplexity:	18.228464 at step 389389 using 0:02:51.173063.
Perplexity:	4.301330 at step 390390 using 0:02:50.652165.
Perplexity:	8.182392 at step 391391 using 0:02:55.972978.
Perplexity:	2.918586 at step 392392 using 0:02:50.230924.
Perplexity:	5.455877 at step 393393 using 0:02:51.243191.
Perplexity:	1.519296 at step 394394 using 0:02:56.124130.
Perplexity:	3.259132 at step 395395 using 0:02:52.002975.
Perplexity:	16.936991 at step 396396 using 0:02:50.861606.
Perplexity:	2.352292 at step 397397 using 0:02:51.698685.
Perplexity:	18.899700 at step 398398 using 0:02:55.315767.
Perplexity:	1.515682 at step 399399 using 0:02:56.779269.
Perplexity:	2.766411 at step 400400 using 0:02:51.139091.
Perplexity:	3.519094 at step 401401 using 0:02:54.728747.
Perplexity:	2.397162 at step 402402 using 0:02:50.799650.
Perplexity:	1.736255 at step 403403 using 0:02:51.058293.
Perplexity:	4.145635 at step 404404 using 0:02:50.742323.
Perplexity:	80.020988 at step 405405 using 0:02:54.997146.
Perplexity:	7.651921 at step 406406 using 0:02:50.186068.
Perplexity:	2.058096 at step 407407 using 0:02:51.110246.
Perplexity:	1.714178 at step 408408 using 0:02:55.586746.
Perplexity:	2.983175 at step 409409 using 0:02:52.257977.
Perplexity:	6.669782 at step 410410 using 0:02:56.816410.
Perplexity:	22.587257 at step 411411 using 0:02:51.237703.
Perplexity:	1.696564 at step 412412 using 0:02:55.064494.
Perplexity:	97.813087 at step 413413 using 0:02:50.816182.
Perplexity:	3.550405 at step 414414 using 0:02:51.180479.
Perplexity:	3.185274 at step 415415 using 0:02:54.816807.
Perplexity:	6.498374 at step 416416 using 0:02:52.254945.
Perplexity:	1.706871 at step 417417 using 0:02:50.862083.
Perplexity:	6.800613 at step 418418 using 0:02:50.742174.
Perplexity:	34.564220 at step 419419 using 0:02:55.293568.
Perplexity:	2.574547 at step 420420 using 0:02:57.078182.
Perplexity:	9.048787 at step 421421 using 0:02:51.056068.
Perplexity:	2.720799 at step 422422 using 0:02:55.685877.
Perplexity:	1.791545 at step 423423 using 0:02:51.048764.
Perplexity:	20.593334 at step 424424 using 0:02:51.255154.
Perplexity:	2.418094 at step 425425 using 0:02:55.862338.
Perplexity:	6.940228 at step 426426 using 0:02:51.508268.
Perplexity:	5.550693 at step 427427 using 0:02:51.497150.
Perplexity:	1.002830 at step 428428 using 0:02:51.434859.
Perplexity:	12.097157 at step 429429 using 0:02:54.815777.
Perplexity:	2.377205 at step 430430 using 0:02:51.217699.
Perplexity:	1.835131 at step 431431 using 0:02:56.099663.
Perplexity:	12.595228 at step 432432 using 0:02:55.356851.
Perplexity:	2.710057 at step 433433 using 0:02:50.466465.
Perplexity:	6.889864 at step 434434 using 0:02:52.155925.
Perplexity:	2.866887 at step 435435 using 0:02:51.144081.
Perplexity:	2.635167 at step 436436 using 0:03:13.651983.
Perplexity:	11.502630 at step 437437 using 0:02:53.685936.
Perplexity:	1.832092 at step 438438 using 0:02:56.157211.
Perplexity:	3.434994 at step 439439 using 0:02:56.015734.
Perplexity:	8.079061 at step 440440 using 0:02:51.206363.
Perplexity:	8.762761 at step 441441 using 0:02:51.167701.
Perplexity:	1.306414 at step 442442 using 0:02:56.825795.
Perplexity:	1.315062 at step 443443 using 0:02:56.312455.
Perplexity:	4.919529 at step 444444 using 0:02:51.181342.
Perplexity:	4.223636 at step 445445 using 0:02:51.368707.
Perplexity:	4.177316 at step 446446 using 0:02:57.207749.
Perplexity:	3.796413 at step 447447 using 0:02:51.144923.
Perplexity:	2.913683 at step 448448 using 0:02:51.041285.
Perplexity:	31.065439 at step 449449 using 0:03:03.990222.
Perplexity:	5.849153 at step 450450 using 0:02:57.704745.
Perplexity:	2.255046 at step 451451 using 0:02:52.348917.
Perplexity:	6.572502 at step 452452 using 0:02:51.537165.
Perplexity:	8.045093 at step 453453 using 0:03:00.774256.
Perplexity:	2.633835 at step 454454 using 0:02:51.347269.
Perplexity:	7.261514 at step 455455 using 0:02:50.825690.
Perplexity:	4.245309 at step 456456 using 0:02:56.327620.
Perplexity:	2.425824 at step 457457 using 0:02:51.010158.
Perplexity:	1.637290 at step 458458 using 0:02:50.993827.
Perplexity:	91.448868 at step 459459 using 0:02:51.729974.
Perplexity:	3.798411 at step 460460 using 0:02:54.385758.
Perplexity:	7.197251 at step 461461 using 0:02:51.144733.
Perplexity:	4.008896 at step 462462 using 0:02:51.510856.
Perplexity:	8.841858 at step 463463 using 0:03:01.676576.
Perplexity:	2.195688 at step 464464 using 0:02:51.531630.
Perplexity:	1.480773 at step 465465 using 0:02:50.659200.
Perplexity:	11.790897 at step 466466 using 0:02:51.594147.
Perplexity:	73.499413 at step 467467 using 0:02:54.736642.
Perplexity:	7.302598 at step 468468 using 0:02:51.391352.
Perplexity:	3.092436 at step 469469 using 0:02:50.244372.
Perplexity:	5.104074 at step 470470 using 0:02:56.368189.
Perplexity:	1.076653 at step 471471 using 0:02:51.166489.
Perplexity:	6.723023 at step 472472 using 0:02:51.647260.
Perplexity:	1.066794 at step 473473 using 0:02:50.348369.
Perplexity:	8.120934 at step 474474 using 0:03:00.526098.
Perplexity:	2.852572 at step 475475 using 0:02:51.125994.
Perplexity:	6.172778 at step 476476 using 0:02:50.751525.
Perplexity:	1.304913 at step 477477 using 0:02:55.529918.
Perplexity:	1.795275 at step 478478 using 0:02:51.135091.
Perplexity:	2.095616 at step 479479 using 0:02:50.790089.
Perplexity:	43.507164 at step 480480 using 0:02:50.872759.
Perplexity:	12.424905 at step 481481 using 0:02:55.655521.
Perplexity:	11.058351 at step 482482 using 0:02:51.151431.
Perplexity:	4.286270 at step 483483 using 0:02:51.529403.
Perplexity:	22.350008 at step 484484 using 0:03:01.398957.
Perplexity:	1.110959 at step 485485 using 0:02:51.666058.
Perplexity:	9.038563 at step 486486 using 0:02:50.124110.
Perplexity:	2.321669 at step 487487 using 0:02:51.394977.
Perplexity:	1.465395 at step 488488 using 0:02:55.717493.
Perplexity:	3.333549 at step 489489 using 0:02:51.474353.
Perplexity:	3.682228 at step 490490 using 0:02:51.579183.
Perplexity:	4.074353 at step 491491 using 0:02:55.805384.
Perplexity:	5.640194 at step 492492 using 0:02:51.097715.
Perplexity:	2.076832 at step 493493 using 0:02:51.379738.
Perplexity:	1.194366 at step 494494 using 0:02:51.685873.
Perplexity:	3.970993 at step 495495 using 0:03:01.324483.
Perplexity:	2.902033 at step 496496 using 0:02:51.302508.
Perplexity:	3.919271 at step 497497 using 0:02:51.439815.
Perplexity:	1.904169 at step 498498 using 0:02:55.494312.
Perplexity:	1.532234 at step 499499 using 0:02:51.391531.
Perplexity:	1.536883 at step 500500 using 0:02:51.157582.
Perplexity:	1.002412 at step 501501 using 0:02:51.646761.
Perplexity:	1.092680 at step 502502 using 0:02:56.249043.
Perplexity:	10.395859 at step 503503 using 0:02:51.615488.
Perplexity:	6.209257 at step 504504 using 0:02:51.199211.
Perplexity:	3.015147 at step 505505 using 0:03:00.418929.
Perplexity:	7.417085 at step 506506 using 0:02:51.594317.
Perplexity:	1.669859 at step 507507 using 0:02:50.523404.
Perplexity:	2.594647 at step 508508 using 0:02:51.573157.
Perplexity:	7.561197 at step 509509 using 0:02:56.018858.
Perplexity:	3.856919 at step 510510 using 0:02:51.418689.
Perplexity:	21.424417 at step 511511 using 0:02:50.691718.
Perplexity:	22.744490 at step 512512 using 0:02:55.925222.
Perplexity:	2.244936 at step 513513 using 0:02:51.352509.
Perplexity:	2.219968 at step 514514 using 0:02:50.455117.
Perplexity:	2.325730 at step 515515 using 0:02:52.014314.
Perplexity:	8.331965 at step 516516 using 0:03:01.640244.
Perplexity:	5.062794 at step 517517 using 0:02:51.392083.
Perplexity:	11.975073 at step 518518 using 0:02:52.205748.
Perplexity:	1.838872 at step 519519 using 0:02:55.847426.
Perplexity:	3.434400 at step 520520 using 0:02:51.401628.
Perplexity:	2.586111 at step 521521 using 0:02:51.404107.
Perplexity:	2.843292 at step 522522 using 0:02:55.148234.
Perplexity:	1.317361 at step 523523 using 0:02:50.659713.
Perplexity:	3.824754 at step 524524 using 0:02:51.401215.
Perplexity:	6.388940 at step 525525 using 0:02:51.801888.
Perplexity:	5.308980 at step 526526 using 0:02:54.418822.
Perplexity:	1.835374 at step 527527 using 0:02:56.991453.
Perplexity:	5.974492 at step 528528 using 0:02:51.253855.
Perplexity:	2.835913 at step 529529 using 0:02:54.476778.
Perplexity:	2.391070 at step 530530 using 0:02:51.309231.
Perplexity:	5.248035 at step 531531 using 0:02:51.050020.
Perplexity:	4.209257 at step 532532 using 0:02:51.404706.
Perplexity:	1.022203 at step 533533 using 0:02:55.553659.
Perplexity:	1.661681 at step 534534 using 0:02:51.592236.
Perplexity:	1.711497 at step 535535 using 0:02:50.885922.
Perplexity:	7.190741 at step 536536 using 0:02:55.521091.
Perplexity:	1.071658 at step 537537 using 0:02:56.511723.
Perplexity:	2.367640 at step 538538 using 0:02:51.106899.
Perplexity:	4.629853 at step 539539 using 0:02:51.072248.
Perplexity:	32.244507 at step 540540 using 0:02:55.149162.
Perplexity:	1.834146 at step 541541 using 0:02:51.215609.
Perplexity:	4.221693 at step 542542 using 0:02:50.389586.
Perplexity:	7.696512 at step 543543 using 0:02:55.840135.
Perplexity:	5.515359 at step 544544 using 0:02:51.125903.
Perplexity:	2.243367 at step 545545 using 0:02:51.008083.
Perplexity:	19.325537 at step 546546 using 0:02:50.411538.
Perplexity:	2.002030 at step 547547 using 0:02:56.471606.
Perplexity:	12.850887 at step 548548 using 0:02:57.281758.
Perplexity:	2.298969 at step 549549 using 0:02:51.171578.
Perplexity:	6.187774 at step 550550 using 0:02:56.179200.
Perplexity:	4.945122 at step 551551 using 0:02:52.296220.
Perplexity:	1.649691 at step 552552 using 0:02:51.645202.
Perplexity:	3.758388 at step 553553 using 0:02:51.520103.
Perplexity:	3.146500 at step 554554 using 0:02:55.657612.
Perplexity:	28.372437 at step 555555 using 0:02:51.443981.
Perplexity:	2.549491 at step 556556 using 0:02:51.494611.
Perplexity:	1.969929 at step 557557 using 0:02:55.731970.
Perplexity:	12.943363 at step 558558 using 0:02:51.669597.
Perplexity:	1.370997 at step 559559 using 0:02:57.002319.
Perplexity:	5.133404 at step 560560 using 0:02:50.388810.
Perplexity:	7.065341 at step 561561 using 0:02:53.667080.
Perplexity:	5.449255 at step 562562 using 0:02:51.014989.
Perplexity:	3.870793 at step 563563 using 0:02:51.879469.
Perplexity:	1.325181 at step 564564 using 0:02:55.345947.
Perplexity:	1.559755 at step 565565 using 0:02:50.880980.
Perplexity:	10.141292 at step 566566 using 0:02:51.248916.
Perplexity:	1.837962 at step 567567 using 0:02:51.628087.
Perplexity:	8.453074 at step 568568 using 0:02:55.891904.
Perplexity:	4.132753 at step 569569 using 0:02:51.815758.
Perplexity:	4.835408 at step 570570 using 0:02:56.660624.
Perplexity:	24.806971 at step 571571 using 0:02:55.820044.
Perplexity:	1.608668 at step 572572 using 0:02:50.933743.
Perplexity:	1.663833 at step 573573 using 0:02:50.605793.
Perplexity:	77.631340 at step 574574 using 0:02:51.389167.
Perplexity:	5.336773 at step 575575 using 0:02:55.514393.
Perplexity:	3.080671 at step 576576 using 0:02:50.672602.
Perplexity:	13.719122 at step 577577 using 0:02:50.000758.
Perplexity:	3.556519 at step 578578 using 0:02:55.945477.
Perplexity:	14.600173 at step 579579 using 0:02:50.883203.
Perplexity:	2.107365 at step 580580 using 0:02:56.707110.
Perplexity:	29.794458 at step 581581 using 0:02:55.306455.
Perplexity:	2.066520 at step 582582 using 0:02:51.624356.
Perplexity:	8.800507 at step 583583 using 0:02:51.208737.
Perplexity:	22.958740 at step 584584 using 0:02:51.370491.
Perplexity:	9.632365 at step 585585 using 0:02:55.877735.
Perplexity:	1.637156 at step 586586 using 0:02:51.035975.
Perplexity:	1.619294 at step 587587 using 0:02:51.347532.
Perplexity:	1.506237 at step 588588 using 0:02:55.400408.
Perplexity:	3.454700 at step 589589 using 0:02:51.406211.
Perplexity:	6.445491 at step 590590 using 0:02:51.421438.
Perplexity:	3.558435 at step 591591 using 0:02:57.669757.
Perplexity:	15.281317 at step 592592 using 0:02:55.891258.
Perplexity:	2.234277 at step 593593 using 0:02:50.588210.
Perplexity:	2.481766 at step 594594 using 0:02:50.793951.
Perplexity:	4.077816 at step 595595 using 0:02:55.175543.
Perplexity:	2.846581 at step 596596 using 0:02:51.895737.
Perplexity:	5.728080 at step 597597 using 0:02:51.317295.
Perplexity:	1.195994 at step 598598 using 0:02:51.212430.
Perplexity:	1.584148 at step 599599 using 0:02:54.815321.
Perplexity:	11.727102 at step 600600 using 0:02:51.226549.
Perplexity:	8.298820 at step 601601 using 0:02:50.644025.
Perplexity:	1.486652 at step 602602 using 0:03:00.870975.
Perplexity:	29.627285 at step 603603 using 0:02:51.193734.
Perplexity:	3.361769 at step 604604 using 0:02:51.093285.
Perplexity:	2.471630 at step 605605 using 0:02:50.960799.
Perplexity:	22.158281 at step 606606 using 0:02:55.305989.
Perplexity:	1.860609 at step 607607 using 0:02:51.030725.
Perplexity:	7.782530 at step 608608 using 0:02:51.352038.
Perplexity:	8.979706 at step 609609 using 0:02:54.382085.
Perplexity:	118.000229 at step 610610 using 0:02:50.861632.
Perplexity:	2.652339 at step 611611 using 0:02:51.045316.
Perplexity:	14.646864 at step 612612 using 0:02:57.063505.
Perplexity:	1.985813 at step 613613 using 0:02:55.634746.
Perplexity:	6.183737 at step 614614 using 0:02:50.608719.
Perplexity:	7.088135 at step 615615 using 0:02:51.405329.
Perplexity:	2.315824 at step 616616 using 0:02:55.560400.
Perplexity:	7.618951 at step 617617 using 0:02:52.725642.
Perplexity:	29.118069 at step 618618 using 0:02:51.033193.
Perplexity:	5.391558 at step 619619 using 0:02:52.040864.
Perplexity:	3.172026 at step 620620 using 0:02:55.460402.
Perplexity:	1.251152 at step 621621 using 0:02:51.974969.
Perplexity:	22.997725 at step 622622 using 0:02:51.193975.
Perplexity:	2.201419 at step 623623 using 0:03:01.446185.
Perplexity:	4.128369 at step 624624 using 0:02:51.540859.
Perplexity:	14.255909 at step 625625 using 0:02:50.451966.
Perplexity:	2.677883 at step 626626 using 0:02:51.770436.
Perplexity:	3.753872 at step 627627 using 0:02:55.582408.
Perplexity:	1.052406 at step 628628 using 0:02:52.110279.
Perplexity:	38.969856 at step 629629 using 0:02:52.363128.
Perplexity:	10.839672 at step 630630 using 0:02:56.238290.
Perplexity:	73.644272 at step 631631 using 0:02:51.099041.
Perplexity:	7.103778 at step 632632 using 0:02:51.231376.
Perplexity:	6.206957 at step 633633 using 0:02:51.209996.
Perplexity:	3.714895 at step 634634 using 0:03:01.325280.
Perplexity:	2.838460 at step 635635 using 0:02:50.860423.
Perplexity:	4.196331 at step 636636 using 0:02:50.847798.
Perplexity:	7.347113 at step 637637 using 0:02:55.991781.
Perplexity:	3.310246 at step 638638 using 0:02:51.286807.
Perplexity:	6.556590 at step 639639 using 0:02:51.311525.
Perplexity:	1.968132 at step 640640 using 0:02:55.624807.
Perplexity:	6.818947 at step 641641 using 0:02:50.465646.
Perplexity:	3.398824 at step 642642 using 0:02:51.424883.
Perplexity:	1.051759 at step 643643 using 0:02:51.113597.
Perplexity:	2.836407 at step 644644 using 0:03:00.943982.
Perplexity:	2.181128 at step 645645 using 0:02:51.158896.
Perplexity:	11.522118 at step 646646 using 0:02:50.731137.
Perplexity:	1.159213 at step 647647 using 0:02:55.967118.
Perplexity:	1.602455 at step 648648 using 0:02:51.060946.
Perplexity:	17.094988 at step 649649 using 0:02:50.531201.
Perplexity:	3.192586 at step 650650 using 0:02:50.353795.
Perplexity:	2.624175 at step 651651 using 0:02:55.420348.
Perplexity:	48.339218 at step 652652 using 0:02:51.571033.
Perplexity:	4.330736 at step 653653 using 0:02:51.798922.
Perplexity:	1.797681 at step 654654 using 0:02:55.041483.
Perplexity:	3.326841 at step 655655 using 0:02:56.890694.
Perplexity:	1.996871 at step 656656 using 0:02:51.664101.
Perplexity:	2.176073 at step 657657 using 0:02:50.045752.
Perplexity:	15.843120 at step 658658 using 0:02:55.134734.
Perplexity:	1.469939 at step 659659 using 0:02:51.168067.
Perplexity:	1.489602 at step 660660 using 0:02:50.938426.
Perplexity:	12.481005 at step 661661 using 0:02:54.776870.
Perplexity:	6.860738 at step 662662 using 0:02:51.394100.
Perplexity:	4.122304 at step 663663 using 0:02:51.500945.
Perplexity:	26.920111 at step 664664 using 0:02:52.050106.
Perplexity:	4.308058 at step 665665 using 0:03:00.998826.
Perplexity:	4.175017 at step 666666 using 0:02:50.495748.
Perplexity:	1.652624 at step 667667 using 0:02:51.939601.
Perplexity:	10.419209 at step 668668 using 0:02:55.029945.
Perplexity:	2.987300 at step 669669 using 0:02:50.726192.
Perplexity:	3.170444 at step 670670 using 0:02:52.256053.
Perplexity:	2.492297 at step 671671 using 0:02:51.130700.
Perplexity:	30.885700 at step 672672 using 0:02:55.744780.
Perplexity:	3.429056 at step 673673 using 0:02:51.279956.
Perplexity:	18.533474 at step 674674 using 0:02:50.404619.
Perplexity:	2.343126 at step 675675 using 0:02:55.876107.
Perplexity:	6.739600 at step 676676 using 0:02:56.526926.
Perplexity:	1.894926 at step 677677 using 0:02:51.030147.
Perplexity:	14.870408 at step 678678 using 0:02:51.004365.
Perplexity:	2.631707 at step 679679 using 0:02:55.286829.
Perplexity:	4.422754 at step 680680 using 0:02:52.001073.
Perplexity:	13.392749 at step 681681 using 0:02:51.849692.
Perplexity:	16.512432 at step 682682 using 0:02:55.330696.
Perplexity:	3.713150 at step 683683 using 0:02:51.728079.
Perplexity:	2.165816 at step 684684 using 0:02:51.249281.
Perplexity:	11.568966 at step 685685 using 0:02:51.040136.
Perplexity:	1.728618 at step 686686 using 0:02:56.021206.
Perplexity:	1.748153 at step 687687 using 0:02:56.715349.
Perplexity:	7.105301 at step 688688 using 0:02:50.971348.
Perplexity:	4.349465 at step 689689 using 0:02:54.603148.
Perplexity:	6.902821 at step 690690 using 0:02:51.293312.
Perplexity:	2.684536 at step 691691 using 0:02:52.040601.
Perplexity:	2.242460 at step 692692 using 0:02:51.758333.
Perplexity:	1.654521 at step 693693 using 0:02:55.904133.
Perplexity:	3.467711 at step 694694 using 0:02:50.849454.
Perplexity:	10.305233 at step 695695 using 0:02:50.899896.
Perplexity:	1.537074 at step 696696 using 0:02:55.119031.
Perplexity:	4.897893 at step 697697 using 0:02:56.648969.
Perplexity:	37.582169 at step 698698 using 0:02:51.391870.
Perplexity:	4.989592 at step 699699 using 0:02:51.012016.
Perplexity:	74.031075 at step 700700 using 0:02:55.147044.
Perplexity:	9.984556 at step 701701 using 0:02:50.942260.
Perplexity:	1.021249 at step 702702 using 0:02:51.342678.
Perplexity:	5.479662 at step 703703 using 0:02:55.611141.
Perplexity:	2.703146 at step 704704 using 0:02:50.725290.
Perplexity:	4.081564 at step 705705 using 0:02:50.785831.
Perplexity:	8.623810 at step 706706 using 0:02:55.858396.
Perplexity:	18.976694 at step 707707 using 0:02:51.916837.
Perplexity:	3.909562 at step 708708 using 0:02:57.489471.
Perplexity:	1.053284 at step 709709 using 0:02:51.785656.
Perplexity:	37.501530 at step 710710 using 0:02:55.558649.
Perplexity:	59.517124 at step 711711 using 0:02:51.282919.
Perplexity:	2.443566 at step 712712 using 0:02:50.806948.
Perplexity:	5.158863 at step 713713 using 0:02:55.409721.
Perplexity:	3.175693 at step 714714 using 0:02:50.622616.
Perplexity:	5.326156 at step 715715 using 0:02:52.161534.
Perplexity:	1.067142 at step 716716 using 0:02:51.268209.
Perplexity:	51.388985 at step 717717 using 0:02:55.430324.
Perplexity:	1.689863 at step 718718 using 0:02:51.247672.
Perplexity:	4.280426 at step 719719 using 0:02:56.746916.
Perplexity:	26.509249 at step 720720 using 0:02:55.778044.
Perplexity:	2.256529 at step 721721 using 0:02:50.229911.
Perplexity:	8.377236 at step 722722 using 0:02:51.687561.
Perplexity:	2.813263 at step 723723 using 0:02:51.016023.
Perplexity:	12.377813 at step 724724 using 0:02:55.385480.
Perplexity:	2.992124 at step 725725 using 0:02:51.629105.
Perplexity:	45.351807 at step 726726 using 0:02:51.087837.
Perplexity:	6.800194 at step 727727 using 0:02:55.563841.
Perplexity:	2.993960 at step 728728 using 0:02:50.930719.
Perplexity:	9.990140 at step 729729 using 0:02:51.557191.
Perplexity:	2.683972 at step 730730 using 0:02:56.983494.
Perplexity:	5.705867 at step 731731 using 0:02:54.927763.
Perplexity:	3.533691 at step 732732 using 0:02:51.313661.
Perplexity:	1.492515 at step 733733 using 0:02:51.074106.
Perplexity:	2.639517 at step 734734 using 0:02:55.561420.
Perplexity:	10.029078 at step 735735 using 0:02:52.457962.
Perplexity:	2.761305 at step 736736 using 0:02:51.978355.
Perplexity:	5.305215 at step 737737 using 0:02:50.552415.
Perplexity:	4.905127 at step 738738 using 0:02:55.420923.
Perplexity:	2.028379 at step 739739 using 0:02:51.860727.
Perplexity:	1.648911 at step 740740 using 0:02:57.293605.
Perplexity:	12.856155 at step 741741 using 0:02:55.675293.
Perplexity:	7.769094 at step 742742 using 0:02:52.277997.
Perplexity:	4.119131 at step 743743 using 0:02:51.231623.
Perplexity:	9.552567 at step 744744 using 0:02:51.310261.
Perplexity:	70.471176 at step 745745 using 0:02:55.656865.
Perplexity:	8.448328 at step 746746 using 0:02:51.318033.
Perplexity:	14.598642 at step 747747 using 0:02:50.562609.
Perplexity:	2.417700 at step 748748 using 0:02:55.519635.
Perplexity:	13.822995 at step 749749 using 0:02:50.629266.
Perplexity:	5.933214 at step 750750 using 0:02:51.697226.
Perplexity:	1.227945 at step 751751 using 0:02:57.512468.
Perplexity:	29.533028 at step 752752 using 0:02:55.412982.
Perplexity:	2.287933 at step 753753 using 0:02:50.500395.
Perplexity:	30.507771 at step 754754 using 0:02:51.531367.
Perplexity:	7.707634 at step 755755 using 0:02:55.543832.
Perplexity:	6.177177 at step 756756 using 0:02:50.458315.
Perplexity:	1.735042 at step 757757 using 0:02:51.755465.
Perplexity:	9.934709 at step 758758 using 0:02:51.954610.
Perplexity:	12.297915 at step 759759 using 0:02:55.842270.
Perplexity:	7.479856 at step 760760 using 0:02:51.494820.
Perplexity:	2.146821 at step 761761 using 0:02:51.028509.
Perplexity:	8.170688 at step 762762 using 0:03:00.252913.
Perplexity:	12.435056 at step 763763 using 0:02:52.139066.
Perplexity:	2.905246 at step 764764 using 0:02:51.056318.
Perplexity:	6.425006 at step 765765 using 0:02:55.769323.
Perplexity:	4.873158 at step 766766 using 0:02:51.107692.
Perplexity:	2.368845 at step 767767 using 0:02:51.047162.
Perplexity:	2.701187 at step 768768 using 0:02:51.541645.
Perplexity:	17.910620 at step 769769 using 0:02:54.989064.
Perplexity:	2.751912 at step 770770 using 0:02:52.174205.
Perplexity:	1.112488 at step 771771 using 0:02:51.273909.
Perplexity:	2.375393 at step 772772 using 0:03:00.789933.
Perplexity:	1.811552 at step 773773 using 0:02:51.258221.
Perplexity:	3.827744 at step 774774 using 0:02:51.440813.
Perplexity:	1.773276 at step 775775 using 0:02:50.912178.
Perplexity:	3.336692 at step 776776 using 0:02:55.439381.
Perplexity:	7.696811 at step 777777 using 0:02:51.197938.
Perplexity:	1.335575 at step 778778 using 0:02:51.286421.
Perplexity:	6.615139 at step 779779 using 0:02:55.723871.
Perplexity:	2.109894 at step 780780 using 0:02:50.902399.
Perplexity:	2.491963 at step 781781 using 0:02:50.862646.
Perplexity:	11.747791 at step 782782 using 0:02:52.367261.
Perplexity:	70.694717 at step 783783 using 0:03:01.385465.
Perplexity:	2.877588 at step 784784 using 0:02:51.262337.
Perplexity:	2.716569 at step 785785 using 0:02:50.527561.
Perplexity:	15.271628 at step 786786 using 0:02:55.124267.
Perplexity:	11.889280 at step 787787 using 0:02:51.486692.
Perplexity:	2.201080 at step 788788 using 0:02:51.322518.
Perplexity:	17.697701 at step 789789 using 0:02:50.643170.
Perplexity:	1.466164 at step 790790 using 0:02:55.054169.
Perplexity:	9.496850 at step 791791 using 0:02:50.819075.
Perplexity:	4.691904 at step 792792 using 0:02:51.396539.
Perplexity:	1.458268 at step 793793 using 0:02:55.822603.
Perplexity:	3.866432 at step 794794 using 0:02:56.677380.
Perplexity:	2.016247 at step 795795 using 0:02:51.308703.
Perplexity:	7.261051 at step 796796 using 0:02:51.429112.
Perplexity:	3.050992 at step 797797 using 0:02:55.436909.
Perplexity:	6.211312 at step 798798 using 0:02:51.746203.
Perplexity:	3.629706 at step 799799 using 0:02:51.196313.
Perplexity:	5.186149 at step 800800 using 0:02:55.182808.
Perplexity:	4.973883 at step 801801 using 0:02:51.050241.
Perplexity:	11.165298 at step 802802 using 0:02:51.540851.
Perplexity:	4.695375 at step 803803 using 0:02:51.682450.
Perplexity:	24.748804 at step 804804 using 0:03:01.297279.
Perplexity:	1.363599 at step 805805 using 0:02:51.621352.
Perplexity:	2.490443 at step 806806 using 0:02:51.707723.
Perplexity:	2.686082 at step 807807 using 0:02:54.287021.
Perplexity:	2.145848 at step 808808 using 0:02:51.714714.
Perplexity:	4.677348 at step 809809 using 0:02:51.466333.
Perplexity:	1.014829 at step 810810 using 0:02:51.559886.
Perplexity:	27.719687 at step 811811 using 0:02:55.892467.
Perplexity:	3.531348 at step 812812 using 0:02:51.956517.
Perplexity:	34.444466 at step 813813 using 0:02:51.881817.
Perplexity:	3.699824 at step 814814 using 0:02:55.438770.
Perplexity:	16.881912 at step 815815 using 0:02:56.671946.
Perplexity:	1.246308 at step 816816 using 0:02:50.746625.
Perplexity:	2.124625 at step 817817 using 0:02:51.253079.
Perplexity:	1.900441 at step 818818 using 0:02:55.890895.
Perplexity:	6.402032 at step 819819 using 0:02:51.745475.
Perplexity:	1.545407 at step 820820 using 0:02:51.445522.
Perplexity:	3.625400 at step 821821 using 0:02:54.781499.
Perplexity:	1.147163 at step 822822 using 0:02:51.315059.
Perplexity:	4.181888 at step 823823 using 0:02:51.254502.
Perplexity:	1.361878 at step 824824 using 0:02:55.542842.
Perplexity:	1.293384 at step 825825 using 0:02:51.055638.
Perplexity:	10.508380 at step 826826 using 0:02:56.311269.
Perplexity:	4.199559 at step 827827 using 0:02:51.079407.
Perplexity:	2.491867 at step 828828 using 0:02:55.088823.
Perplexity:	17.521284 at step 829829 using 0:02:51.183190.
Perplexity:	1.007154 at step 830830 using 0:02:51.272285.
Perplexity:	1.664552 at step 831831 using 0:02:55.899228.
Perplexity:	6.134041 at step 832832 using 0:02:50.495565.
Perplexity:	4.964394 at step 833833 using 0:02:51.035780.
Perplexity:	1.813260 at step 834834 using 0:02:51.770545.
Perplexity:	20.765257 at step 835835 using 0:02:55.985232.
Perplexity:	2.184314 at step 836836 using 0:02:56.797777.
Perplexity:	1.312891 at step 837837 using 0:02:50.649493.
Perplexity:	4.204109 at step 838838 using 0:02:55.288168.
Perplexity:	1.011038 at step 839839 using 0:02:50.904244.
Perplexity:	2.538948 at step 840840 using 0:02:51.681279.
Perplexity:	2.477924 at step 841841 using 0:02:51.115697.
Perplexity:	4.735389 at step 842842 using 0:02:56.145446.
Perplexity:	3.177671 at step 843843 using 0:02:51.068865.
Perplexity:	3.434244 at step 844844 using 0:02:50.641935.
Perplexity:	1.021716 at step 845845 using 0:02:56.001764.