/home/zhaos5/anaconda3/lib/python3.6/site-packages/h5py/__init__.py:36: FutureWarning: Conversion of the second argument of issubdtype from `float` to `np.floating` is deprecated. In future, it will be treated as `np.float64 == np.dtype(float).type`.
  from ._conv import register_converters as _register_converters
WARNING:tensorflow:From /home/zhaos5/anaconda3/lib/python3.6/site-packages/tensorflow/contrib/learn/python/learn/datasets/base.py:198: retry (from tensorflow.contrib.learn.python.learn.datasets.base) is deprecated and will be removed in a future version.
Instructions for updating:
Use the retry module or similar alternatives.
WARNING:tensorflow:From /home/zhaos5/projs/wsd/wsd_code/tensor2tensor/layers/common_layers.py:513: calling reduce_mean (from tensorflow.python.ops.math_ops) with keep_dims is deprecated and will be removed in a future version.
Instructions for updating:
keep_dims is deprecated, use keepdims instead
2018-04-08 06:42:26.767734: I tensorflow/core/platform/cpu_feature_guard.cc:140] Your CPU supports instructions that this TensorFlow binary was not compiled to use: AVX2 FMA
2018-04-08 06:42:38.978027: I tensorflow/stream_executor/cuda/cuda_gpu_executor.cc:898] successful NUMA node read from SysFS had negative value (-1), but there must be at least one NUMA node, so returning NUMA node zero
2018-04-08 06:42:38.979190: I tensorflow/core/common_runtime/gpu/gpu_device.cc:1344] Found device 0 with properties: 
name: Tesla K80 major: 3 minor: 7 memoryClockRate(GHz): 0.8235
pciBusID: 0000:00:12.0
totalMemory: 11.17GiB freeMemory: 11.10GiB
2018-04-08 06:42:38.979218: I tensorflow/core/common_runtime/gpu/gpu_device.cc:1423] Adding visible gpu devices: 0
2018-04-08 06:42:39.319288: I tensorflow/core/common_runtime/gpu/gpu_device.cc:911] Device interconnect StreamExecutor with strength 1 edge matrix:
2018-04-08 06:42:39.319344: I tensorflow/core/common_runtime/gpu/gpu_device.cc:917]      0 
2018-04-08 06:42:39.319355: I tensorflow/core/common_runtime/gpu/gpu_device.cc:930] 0:   N 
2018-04-08 06:42:39.319649: I tensorflow/core/common_runtime/gpu/gpu_device.cc:1041] Created TensorFlow device (/job:localhost/replica:0/task:0/device:GPU:0 with 10764 MB memory) -> physical GPU (device: 0, name: Tesla K80, pci bus id: 0000:00:12.0, compute capability: 3.7)
Subword Vocab Populated with size 49588 for path /home/zhaos5/projs/wsd/wsd_code/model/../../wsd_data/medline/subvoc.txt.
Finished Populate Data with 383360 samples.
Perplexity:	1975.844849 at step 1002 using 0:08:21.884757.
Perplexity:	1373.821167 at step 2004 using 0:07:19.217932.
Perplexity:	21.218506 at step 3006 using 0:07:16.727069.
Perplexity:	1.484751 at step 4008 using 0:07:09.002548.
Perplexity:	15.871442 at step 5010 using 0:07:16.115364.
Perplexity:	44.230354 at step 6012 using 0:07:30.427120.
Perplexity:	1.022056 at step 7014 using 0:07:16.359920.
Perplexity:	43.718098 at step 8016 using 0:07:13.096704.
Perplexity:	1.000000 at step 9018 using 0:07:19.123227.
Perplexity:	12.944378 at step 10020 using 0:07:13.643294.
Perplexity:	1.000000 at step 11022 using 0:07:17.979696.
Perplexity:	28.731726 at step 12024 using 0:07:11.925421.
Perplexity:	2534.444824 at step 13026 using 0:07:16.420041.
Perplexity:	235605.734375 at step 14028 using 0:07:29.859343.
Perplexity:	1.000000 at step 15030 using 0:07:10.315363.
Perplexity:	1.485585 at step 16032 using 0:07:14.843513.
Perplexity:	67.666679 at step 17034 using 0:07:15.113704.
Perplexity:	121.569611 at step 18036 using 0:07:16.806552.
Perplexity:	1.000000 at step 19038 using 0:07:12.588796.
Perplexity:	37.782379 at step 20040 using 0:07:18.148692.
Perplexity:	1.000000 at step 21042 using 0:07:16.482457.
Perplexity:	1.000000 at step 22044 using 0:07:26.720093.
Perplexity:	1.005315 at step 23046 using 0:07:07.599439.
Perplexity:	34.434994 at step 24048 using 0:07:15.367200.
Perplexity:	112.839226 at step 25050 using 0:07:17.947355.
Perplexity:	58.860344 at step 26052 using 0:07:12.558668.
Perplexity:	2.049687 at step 27054 using 0:07:19.328569.
Perplexity:	24673.060547 at step 28056 using 0:07:15.394875.
Perplexity:	1.000000 at step 29058 using 0:07:32.751702.
Perplexity:	1.000000 at step 30060 using 0:07:12.424283.
Perplexity:	1.000000 at step 31062 using 0:07:17.103499.
Perplexity:	1.000000 at step 32064 using 0:07:14.087024.
Perplexity:	5544.457031 at step 33066 using 0:07:17.346985.
Perplexity:	1.063889 at step 34068 using 0:07:09.390017.
Perplexity:	1.000000 at step 35070 using 0:07:13.718655.
Perplexity:	17.237068 at step 36072 using 0:07:17.847074.
Perplexity:	1.000000 at step 37074 using 0:07:09.616253.
Perplexity:	1.018841 at step 38076 using 0:07:27.394937.
Perplexity:	1.000000 at step 39078 using 0:07:16.259291.
Perplexity:	1.000000 at step 40080 using 0:07:16.404061.
Perplexity:	69.097527 at step 41082 using 0:07:08.709865.
Perplexity:	3.583357 at step 42084 using 0:07:14.816466.
Perplexity:	105.932564 at step 43086 using 0:07:14.114454.
Perplexity:	195491.156250 at step 44088 using 0:07:07.321368.
Perplexity:	5779.851562 at step 45090 using 0:07:31.576777.
Perplexity:	43.984470 at step 46092 using 0:07:14.172225.
Perplexity:	1.000000 at step 47094 using 0:07:12.606066.
Perplexity:	607.664917 at step 48096 using 0:07:11.884016.
Perplexity:	4.960319 at step 49098 using 0:07:13.949099.
Perplexity:	4.355084 at step 50100 using 0:07:14.347460.
Perplexity:	4.463970 at step 51102 using 0:07:16.504403.
Perplexity:	1.000000 at step 52104 using 0:07:09.241742.
Perplexity:	1.001546 at step 53106 using 0:07:30.316192.
Perplexity:	1.000000 at step 54108 using 0:07:16.495013.
Perplexity:	1.004619 at step 55110 using 0:07:11.770054.
Perplexity:	1.730831 at step 56112 using 0:07:19.700430.
Perplexity:	1.000000 at step 57114 using 0:07:16.590229.
Perplexity:	32.541161 at step 58116 using 0:07:19.499618.
Perplexity:	43.628944 at step 59118 using 0:07:08.513121.
Perplexity:	64.710114 at step 60120 using 0:07:14.076787.
Perplexity:	102.655106 at step 61122 using 0:07:28.706013.
Perplexity:	74.109833 at step 62124 using 0:07:15.618464.
Perplexity:	1.013514 at step 63126 using 0:07:08.808156.
Perplexity:	3.063871 at step 64128 using 0:07:14.818954.
Perplexity:	1.000000 at step 65130 using 0:07:12.605617.
Perplexity:	1.036146 at step 66132 using 0:07:07.372797.
Perplexity:	197.228851 at step 67134 using 0:07:13.060912.
Perplexity:	71.601959 at step 68136 using 0:07:13.659597.
Perplexity:	1.000519 at step 69138 using 0:07:19.652397.
Perplexity:	1.798471 at step 70140 using 0:07:06.127236.
Perplexity:	1.000000 at step 71142 using 0:07:11.151920.
Perplexity:	1.000000 at step 72144 using 0:07:09.612911.
Perplexity:	1.000000 at step 73146 using 0:07:04.407017.
Perplexity:	1.000000 at step 74148 using 0:07:06.557216.
Perplexity:	7078.880371 at step 75150 using 0:07:04.629114.
Perplexity:	1.068439 at step 76152 using 0:07:05.299770.
Perplexity:	130.524338 at step 77154 using 0:07:04.010582.
Perplexity:	238212.984375 at step 78156 using 0:07:03.640559.
Perplexity:	1.048670 at step 79158 using 0:07:04.302235.
Perplexity:	1881.979858 at step 80160 using 0:06:57.255750.
Perplexity:	74236.312500 at step 81162 using 0:07:03.007584.
Perplexity:	1.091687 at step 82164 using 0:07:04.736074.
Perplexity:	135530.343750 at step 83166 using 0:07:01.551270.
Perplexity:	2.747971 at step 84168 using 0:06:55.077902.
Perplexity:	10.300068 at step 85170 using 0:07:07.487062.
Perplexity:	1.000000 at step 86172 using 0:07:01.066499.
Perplexity:	5703.928711 at step 87174 using 0:06:54.795683.
Perplexity:	2.153064 at step 88176 using 0:07:01.076832.
Perplexity:	135.771149 at step 89178 using 0:07:01.465204.
Perplexity:	1.481213 at step 90180 using 0:06:55.624794.
Perplexity:	123.873878 at step 91182 using 0:07:00.611374.
Perplexity:	27.102554 at step 92184 using 0:07:00.434546.
Perplexity:	1.000001 at step 93186 using 0:07:09.815456.
Perplexity:	58.636913 at step 94188 using 0:06:57.006080.
Perplexity:	1.000000 at step 95190 using 0:07:02.984312.
Perplexity:	1.000000 at step 96192 using 0:07:02.783798.
Perplexity:	4442.118652 at step 97194 using 0:06:57.030497.
Perplexity:	1.000000 at step 98196 using 0:07:03.285262.
Perplexity:	44.056961 at step 99198 using 0:07:02.687828.
Perplexity:	144.753632 at step 100200 using 0:06:54.994644.
Perplexity:	1.041468 at step 101202 using 0:07:09.583649.
Perplexity:	1.019807 at step 102204 using 0:07:01.927131.
Perplexity:	2.821854 at step 103206 using 0:07:01.851558.
Perplexity:	1.000000 at step 104208 using 0:06:56.680474.
Perplexity:	120.806190 at step 105210 using 0:07:02.355127.
Perplexity:	7.083887 at step 106212 using 0:07:02.817543.
Perplexity:	4.457261 at step 107214 using 0:06:55.384347.
Perplexity:	1.020707 at step 108216 using 0:07:02.345733.
Perplexity:	1.356936 at step 109218 using 0:07:11.295732.
Perplexity:	266.143066 at step 110220 using 0:06:54.852712.
Perplexity:	7.372431 at step 111222 using 0:07:02.868625.
Perplexity:	37.798817 at step 112224 using 0:07:02.947188.
Perplexity:	1.000000 at step 113226 using 0:07:02.339745.
Perplexity:	1.000918 at step 114228 using 0:06:56.195376.
Perplexity:	188.526260 at step 115230 using 0:07:00.919247.
Perplexity:	1.001841 at step 116232 using 0:07:02.461648.
Perplexity:	1.002791 at step 117234 using 0:07:05.562926.
Perplexity:	3.026882 at step 118236 using 0:07:00.825401.
Perplexity:	1.000000 at step 119238 using 0:07:03.277532.
Perplexity:	1375.572021 at step 120240 using 0:06:57.307830.
Perplexity:	73.550354 at step 121242 using 0:07:03.333286.
Perplexity:	1.000000 at step 122244 using 0:07:01.538811.
Perplexity:	1.000000 at step 123246 using 0:07:00.103356.
Perplexity:	1.002139 at step 124248 using 0:06:55.454908.
Perplexity:	1.000000 at step 125250 using 0:07:09.731328.
Perplexity:	13.444160 at step 126252 using 0:07:02.608894.
Perplexity:	1.000000 at step 127254 using 0:06:57.018158.
Perplexity:	3472.389893 at step 128256 using 0:07:03.178373.
Perplexity:	715834.375000 at step 129258 using 0:07:03.962100.
Perplexity:	55.250511 at step 130260 using 0:06:53.941727.
Perplexity:	3.254708 at step 131262 using 0:07:03.585243.
Perplexity:	2227.381348 at step 132264 using 0:07:03.340361.
Perplexity:	1963.806885 at step 133266 using 0:07:08.921378.
Perplexity:	26.007420 at step 134268 using 0:06:56.513393.
Perplexity:	1.000000 at step 135270 using 0:07:02.199662.
Perplexity:	98.929039 at step 136272 using 0:07:03.083906.
Perplexity:	1.000000 at step 137274 using 0:06:57.018061.
Perplexity:	4270.660645 at step 138276 using 0:07:02.721210.
Perplexity:	13.938519 at step 139278 using 0:07:03.814715.
Perplexity:	647.592957 at step 140280 using 0:07:03.428652.
Perplexity:	3858.304932 at step 141282 using 0:07:03.231767.
Perplexity:	5.439771 at step 142284 using 0:07:02.449478.
Perplexity:	1.000000 at step 143286 using 0:07:04.303153.
Perplexity:	1.000847 at step 144288 using 0:06:57.599204.
Perplexity:	3.210983 at step 145290 using 0:07:01.367957.
Perplexity:	1.000000 at step 146292 using 0:07:02.398816.
Perplexity:	1.000005 at step 147294 using 0:06:57.561589.
Perplexity:	74.227356 at step 148296 using 0:07:02.436323.
Perplexity:	14952.142578 at step 149298 using 0:07:09.094612.
Perplexity:	1.000000 at step 150300 using 0:07:02.832611.
Perplexity:	56.374920 at step 151302 using 0:06:56.857637.
Perplexity:	32999.140625 at step 152304 using 0:07:03.208109.
Perplexity:	1.022391 at step 153306 using 0:07:02.360460.
Perplexity:	1.000000 at step 154308 using 0:06:56.782677.
Perplexity:	5.418279 at step 155310 using 0:07:01.903932.
Perplexity:	323.868744 at step 156312 using 0:07:00.950215.
Perplexity:	37.334572 at step 157314 using 0:07:04.093753.
Perplexity:	90.831314 at step 158316 using 0:07:03.052356.
Perplexity:	28.945248 at step 159318 using 0:07:02.718074.
Perplexity:	6.528719 at step 160320 using 0:07:04.353435.
Perplexity:	1.000931 at step 161322 using 0:06:53.891162.
Perplexity:	44.650658 at step 162324 using 0:07:02.109820.
Perplexity:	106.404488 at step 163326 using 0:07:04.238990.
Perplexity:	1.000000 at step 164328 using 0:06:56.703812.
Perplexity:	73.970695 at step 165330 using 0:07:09.541950.
Perplexity:	923.584106 at step 166332 using 0:07:03.000515.
Perplexity:	1.000000 at step 167334 using 0:07:04.499376.
Perplexity:	1.629679 at step 168336 using 0:06:53.686982.
Perplexity:	3238.494629 at step 169338 using 0:07:03.254362.
Perplexity:	1.000000 at step 170340 using 0:07:03.187069.
Perplexity:	1.006739 at step 171342 using 0:06:57.362794.
Perplexity:	1.309843 at step 172344 using 0:07:03.783736.
Perplexity:	8.625862 at step 173346 using 0:07:11.143094.
Perplexity:	21.254625 at step 174348 using 0:06:58.549075.
Perplexity:	60.957073 at step 175350 using 0:07:03.988415.
Perplexity:	379.719788 at step 176352 using 0:07:01.107733.
Perplexity:	1.000000 at step 177354 using 0:07:06.015959.
Perplexity:	45.944969 at step 178356 using 0:06:58.396111.
Perplexity:	1.000211 at step 179358 using 0:07:03.270251.
Perplexity:	1.000025 at step 180360 using 0:07:02.825624.
Perplexity:	118.812805 at step 181362 using 0:07:04.375690.
Perplexity:	9207682048.000000 at step 182364 using 0:07:02.949312.
Perplexity:	1.020500 at step 183366 using 0:07:03.250215.
Perplexity:	347.771545 at step 184368 using 0:06:55.014833.
Perplexity:	1.000000 at step 185370 using 0:07:04.821776.
Perplexity:	77.129486 at step 186372 using 0:07:04.036746.
Perplexity:	4.034314 at step 187374 using 0:07:02.589022.
Perplexity:	1.000000 at step 188376 using 0:06:56.468323.
Perplexity:	81.821152 at step 189378 using 0:07:12.396922.
Perplexity:	73.017242 at step 190380 using 0:07:03.471930.
Perplexity:	1.046637 at step 191382 using 0:06:55.693835.
Perplexity:	1.006846 at step 192384 using 0:07:04.942991.
Perplexity:	63.392094 at step 193386 using 0:07:03.357488.
Perplexity:	521.926270 at step 194388 using 0:06:58.655531.
Perplexity:	26140.742188 at step 195390 using 0:07:03.677027.
Perplexity:	1.000000 at step 196392 using 0:07:06.265815.
Perplexity:	1.000000 at step 197394 using 0:07:12.701644.
Perplexity:	31.762081 at step 198396 using 0:06:59.006250.
Perplexity:	3004.873779 at step 199398 using 0:07:00.243602.
Perplexity:	1.000000 at step 200400 using 0:07:04.438264.
Perplexity:	1.000000 at step 201402 using 0:06:58.882802.
Perplexity:	1.000001 at step 202404 using 0:07:05.274395.
Perplexity:	40.892544 at step 203406 using 0:07:03.456606.
Perplexity:	1.000007 at step 204408 using 0:07:15.311152.
Perplexity:	4.689008 at step 205410 using 0:07:02.459866.
Perplexity:	1.000009 at step 206412 using 0:07:08.324026.
Perplexity:	4.336242 at step 207414 using 0:07:08.644585.
Perplexity:	1.000000 at step 208416 using 0:07:02.542163.
Perplexity:	4.704772 at step 209418 using 0:07:09.608722.
Perplexity:	96.165718 at step 210420 using 0:07:08.570735.
Perplexity:	1.000000 at step 211422 using 0:07:06.780890.
Perplexity:	1.000000 at step 212424 using 0:07:00.791508.
Perplexity:	4.441019 at step 213426 using 0:07:16.657975.
Perplexity:	1.000000 at step 214428 using 0:07:05.437365.
Perplexity:	5.341851 at step 215430 using 0:07:02.874469.
Perplexity:	2515.415039 at step 216432 using 0:07:07.916053.
Perplexity:	60.501450 at step 217434 using 0:07:09.503203.
Perplexity:	60.427933 at step 218436 using 0:07:07.934150.
Perplexity:	50.794670 at step 219438 using 0:07:00.798309.
Perplexity:	1.000000 at step 220440 using 0:07:17.440510.
Perplexity:	1.018148 at step 221442 using 0:07:08.086415.
Perplexity:	39.882481 at step 222444 using 0:07:01.691017.
Perplexity:	85.877747 at step 223446 using 0:07:10.100637.
Perplexity:	1.000000 at step 224448 using 0:07:09.535129.
Perplexity:	12.619247 at step 225450 using 0:07:07.544512.
Perplexity:	1.000000 at step 226452 using 0:07:01.560161.
Perplexity:	1.000000 at step 227454 using 0:07:07.492031.
Perplexity:	37.565910 at step 228456 using 0:07:15.321800.
Perplexity:	24.935871 at step 229458 using 0:07:01.448282.
Perplexity:	171.236221 at step 230460 using 0:07:07.055708.
Perplexity:	1.000000 at step 231462 using 0:07:09.396705.
Perplexity:	348.232056 at step 232464 using 0:07:03.249341.
Perplexity:	87.420876 at step 233466 using 0:07:08.210000.
Perplexity:	1323.716553 at step 234468 using 0:07:07.050521.
Perplexity:	1.000000 at step 235470 using 0:07:09.717962.
Perplexity:	3.904453 at step 236472 using 0:07:01.848778.
Perplexity:	49231.824219 at step 237474 using 0:07:14.169903.
Perplexity:	1.000000 at step 238476 using 0:07:08.755595.
Perplexity:	1.000108 at step 239478 using 0:07:02.072829.
Perplexity:	6.760137 at step 240480 using 0:07:08.874911.
Perplexity:	7421.617188 at step 241482 using 0:07:07.970354.
Perplexity:	1.000000 at step 242484 using 0:07:10.938219.
Perplexity:	1.000270 at step 243486 using 0:07:03.149618.
Perplexity:	1.139643 at step 244488 using 0:07:14.307539.
Perplexity:	34.650784 at step 245490 using 0:07:06.430651.
Perplexity:	6.618430 at step 246492 using 0:07:04.371680.
Perplexity:	1.610617 at step 247494 using 0:07:11.253847.
Perplexity:	24.610777 at step 248496 using 0:07:09.130511.
Perplexity:	80.709732 at step 249498 using 0:07:08.324810.
Perplexity:	1.000000 at step 250500 using 0:07:02.418478.
Perplexity:	1.002176 at step 251502 using 0:07:07.623912.
Perplexity:	1.062722 at step 252504 using 0:07:14.798279.
Perplexity:	2.433394 at step 253506 using 0:07:00.624921.
Perplexity:	1084962.125000 at step 254508 using 0:07:07.872550.
Perplexity:	1.000529 at step 255510 using 0:07:09.286920.
Perplexity:	77.056152 at step 256512 using 0:07:07.954255.
Perplexity:	73.091797 at step 257514 using 0:07:01.087616.
Perplexity:	1.000000 at step 258516 using 0:07:10.940375.
Perplexity:	87.295990 at step 259518 using 0:07:07.613434.
Perplexity:	1.000000 at step 260520 using 0:07:06.891293.
Perplexity:	74.629707 at step 261522 using 0:07:08.587749.
Perplexity:	1.000000 at step 262524 using 0:07:09.946174.
Perplexity:	6.632452 at step 263526 using 0:07:09.031123.
Perplexity:	5.912271 at step 264528 using 0:07:02.119656.
Perplexity:	6.909110 at step 265530 using 0:07:08.929816.
Perplexity:	83.441292 at step 266532 using 0:07:09.649947.
Perplexity:	2493.161133 at step 267534 using 0:07:00.465118.
Perplexity:	1.000020 at step 268536 using 0:07:14.393714.
Perplexity:	3592.636719 at step 269538 using 0:07:09.390510.
Perplexity:	5.963771 at step 270540 using 0:07:08.507075.
Perplexity:	1.000000 at step 271542 using 0:07:01.575713.
Perplexity:	1.024999 at step 272544 using 0:07:06.561622.
Perplexity:	1.001093 at step 273546 using 0:07:06.138258.
Perplexity:	101.815392 at step 274548 using 0:07:02.947078.
Perplexity:	1.016509 at step 275550 using 0:07:06.382473.
Perplexity:	70.978722 at step 276552 using 0:07:14.427071.
Perplexity:	116.643066 at step 277554 using 0:07:09.771705.
Perplexity:	15.388954 at step 278556 using 0:07:02.545284.
Perplexity:	1.000000 at step 279558 using 0:07:08.131086.
Perplexity:	1.000015 at step 280560 using 0:07:08.177145.
Perplexity:	2.667017 at step 281562 using 0:07:01.794446.
Perplexity:	1.000000 at step 282564 using 0:07:09.397158.
Perplexity:	3.073816 at step 283566 using 0:07:05.755982.
Perplexity:	1.001777 at step 284568 using 0:07:09.076359.
Perplexity:	1.009031 at step 285570 using 0:07:08.637972.
Perplexity:	1.673563 at step 286572 using 0:07:07.170025.
Perplexity:	14.854708 at step 287574 using 0:07:08.144581.
Perplexity:	1.000000 at step 288576 using 0:07:01.416022.
Perplexity:	1.512350 at step 289578 using 0:07:07.294473.
Perplexity:	1.000000 at step 290580 using 0:07:07.246234.
Perplexity:	119.474785 at step 291582 using 0:07:00.465956.
Perplexity:	643.372864 at step 292584 using 0:07:17.152426.
Perplexity:	1.009891 at step 293586 using 0:07:09.011857.
Perplexity:	1.000000 at step 294588 using 0:07:10.224026.
Perplexity:	1.000000 at step 295590 using 0:07:01.128049.
Perplexity:	102.467209 at step 296592 using 0:07:09.515235.
Perplexity:	1.272817 at step 297594 using 0:07:10.167646.
Perplexity:	1.000000 at step 298596 using 0:07:02.425179.
Perplexity:	259.418762 at step 299598 using 0:07:09.516427.
Perplexity:	83.505898 at step 300600 using 0:07:16.800231.
Perplexity:	1.000000 at step 301602 using 0:07:08.783354.
Perplexity:	1.000000 at step 302604 using 0:07:04.115361.
Perplexity:	1.000000 at step 303606 using 0:07:09.943473.
Perplexity:	1.790561 at step 304608 using 0:07:09.868847.
Perplexity:	159.465317 at step 305610 using 0:07:02.992354.
Perplexity:	1.000000 at step 306612 using 0:07:04.223442.
Perplexity:	95.085251 at step 307614 using 0:07:08.107778.
Perplexity:	75.741943 at step 308616 using 0:07:16.347848.
Perplexity:	1.783967 at step 309618 using 0:07:03.429841.
Perplexity:	1.000000 at step 310620 using 0:07:10.520025.
Perplexity:	1129.825073 at step 311622 using 0:07:08.339815.
Perplexity:	106.114716 at step 312624 using 0:07:02.392690.
Perplexity:	13912.865234 at step 313626 using 0:07:08.641125.
Perplexity:	1.000017 at step 314628 using 0:07:05.693418.
Perplexity:	23.537195 at step 315630 using 0:07:16.373399.
Perplexity:	1.523596 at step 316632 using 0:07:03.869878.
Perplexity:	1.881750 at step 317634 using 0:07:10.216926.
Perplexity:	8.378017 at step 318636 using 0:07:07.809435.
Perplexity:	1.000000 at step 319638 using 0:07:03.113564.
Perplexity:	1.000000 at step 320640 using 0:07:09.615203.
Perplexity:	101.024071 at step 321642 using 0:07:05.939955.
Perplexity:	1.278631 at step 322644 using 0:07:08.957671.
Perplexity:	1.000000 at step 323646 using 0:07:02.974223.
Perplexity:	3432.341309 at step 324648 using 0:07:18.515600.
Perplexity:	1.037976 at step 325650 using 0:07:08.683783.
Perplexity:	608926.750000 at step 326652 using 0:07:04.071114.
Perplexity:	1.490197 at step 327654 using 0:07:09.656961.
Perplexity:	1.000000 at step 328656 using 0:07:10.340916.
Perplexity:	1.000000 at step 329658 using 0:07:07.165747.
Perplexity:	41.048729 at step 330660 using 0:07:02.881334.
Perplexity:	3.219428 at step 331662 using 0:07:18.516732.
Perplexity:	70.460556 at step 332664 using 0:07:09.251362.
Perplexity:	57385.292969 at step 333666 using 0:07:02.263284.
Perplexity:	1.000014 at step 334668 using 0:07:06.886238.
Perplexity:	66.169662 at step 335670 using 0:07:10.315874.
Perplexity:	1.528707 at step 336672 using 0:07:09.532214.
Perplexity:	5.834484 at step 337674 using 0:06:59.641703.
Perplexity:	1.000000 at step 338676 using 0:07:08.163939.
Perplexity:	3829.381836 at step 339678 using 0:07:17.934553.
Perplexity:	220.245941 at step 340680 using 0:07:02.259311.
Perplexity:	1.149409 at step 341682 using 0:07:08.520839.
Perplexity:	24.094273 at step 342684 using 0:07:09.766532.
Perplexity:	1.093824 at step 343686 using 0:07:10.123333.
Perplexity:	1.043265 at step 344688 using 0:06:59.906963.
Perplexity:	5.194226 at step 345690 using 0:07:08.062082.
Perplexity:	1.000000 at step 346692 using 0:07:09.376471.
Perplexity:	2.878753 at step 347694 using 0:07:04.049546.
Perplexity:	97.435425 at step 348696 using 0:07:19.369098.
Perplexity:	315.940582 at step 349698 using 0:07:07.885072.
Perplexity:	1.000000 at step 350700 using 0:07:10.320958.
Perplexity:	377.606689 at step 351702 using 0:07:03.543566.
Perplexity:	51.563099 at step 352704 using 0:07:05.481278.
Perplexity:	1.000000 at step 353706 using 0:07:08.640653.
Perplexity:	1.000000 at step 354708 using 0:07:05.363419.
Perplexity:	1.347896 at step 355710 using 0:07:17.087279.
Perplexity:	1.000004 at step 356712 using 0:07:07.394548.
Perplexity:	66.084274 at step 357714 using 0:07:08.627163.
Perplexity:	1.000000 at step 358716 using 0:07:04.050235.
Perplexity:	1.471953 at step 359718 using 0:07:06.687156.
Perplexity:	1.000000 at step 360720 using 0:07:06.049500.
Perplexity:	1479.540161 at step 361722 using 0:07:03.418311.
Perplexity:	1.000000 at step 362724 using 0:07:38.601932.
Perplexity:	98.371147 at step 363726 using 0:07:29.638407.
Perplexity:	110.761673 at step 364728 using 0:07:07.361712.
Perplexity:	1.007390 at step 365730 using 0:07:03.704472.
Perplexity:	1.000000 at step 366732 using 0:07:09.263189.
Perplexity:	2368.541260 at step 367734 using 0:07:31.891256.
Perplexity:	1.000469 at step 368736 using 0:07:08.675155.
Perplexity:	3.649525 at step 369738 using 0:07:09.144290.
Perplexity:	3566.844727 at step 370740 using 0:07:09.157441.
Perplexity:	133.024200 at step 371742 using 0:07:17.500630.
Perplexity:	1.000000 at step 372744 using 0:07:01.854157.
Perplexity:	1.474142 at step 373746 using 0:07:09.720964.
Perplexity:	1.065731 at step 374748 using 0:07:09.526165.
Perplexity:	1.156276 at step 375750 using 0:06:59.568073.
Perplexity:	111.068108 at step 376752 using 0:07:08.224695.
Perplexity:	21.525673 at step 377754 using 0:07:08.795132.
Perplexity:	169.660126 at step 378756 using 0:07:07.976074.
Perplexity:	3.922132 at step 379758 using 0:07:11.491514.
Perplexity:	19.381628 at step 380760 using 0:07:08.032581.
Perplexity:	110.889503 at step 381762 using 0:07:08.528851.
Perplexity:	1.000000 at step 382764 using 0:07:02.236831.
Perplexity:	26.993776 at step 383766 using 0:07:07.360000.
Perplexity:	25.530081 at step 384768 using 0:07:08.593627.
Perplexity:	1.000000 at step 385770 using 0:07:08.989600.
Perplexity:	1.000000 at step 386772 using 0:07:02.718679.
Perplexity:	1.000000 at step 387774 using 0:07:18.177209.
Perplexity:	120.428146 at step 388776 using 0:07:12.943642.
Perplexity:	3.257997 at step 389778 using 0:07:05.493141.
Perplexity:	1.000000 at step 390780 using 0:07:09.039787.
Perplexity:	1.052486 at step 391782 using 0:07:10.312193.
Perplexity:	18156.720703 at step 392784 using 0:07:10.713019.
Perplexity:	57.562767 at step 393786 using 0:07:02.405765.
Perplexity:	1.106485 at step 394788 using 0:07:09.062093.
Perplexity:	1.000000 at step 395790 using 0:07:15.575787.
Perplexity:	1.000151 at step 396792 using 0:07:02.724651.
Perplexity:	1.000000 at step 397794 using 0:07:06.076088.
Perplexity:	122.842087 at step 398796 using 0:07:07.185700.
Perplexity:	34.168823 at step 399798 using 0:07:10.616230.
Perplexity:	1.556874 at step 400800 using 0:07:02.899076.
Perplexity:	21.226175 at step 401802 using 0:07:07.799118.
Perplexity:	1.000000 at step 402804 using 0:07:08.611381.
Perplexity:	1.000000 at step 403806 using 0:07:08.886931.
Perplexity:	1.000000 at step 404808 using 0:07:10.269571.
Perplexity:	121.133888 at step 405810 using 0:07:08.576133.
Perplexity:	15.739347 at step 406812 using 0:07:06.713599.
Perplexity:	1.000329 at step 407814 using 0:07:05.296955.
Perplexity:	1.213351 at step 408816 using 0:07:10.028001.
Perplexity:	6.507623 at step 409818 using 0:07:09.230574.
Perplexity:	1.000000 at step 410820 using 0:07:00.469648.
Perplexity:	5.970760 at step 411822 using 0:07:19.875571.
Perplexity:	3.214249 at step 412824 using 0:07:10.095547.
Perplexity:	1.000000 at step 413826 using 0:07:07.440941.
Perplexity:	11.977491 at step 414828 using 0:07:00.787778.
Perplexity:	38.251888 at step 415830 using 0:07:09.674192.
Perplexity:	2178.416016 at step 416832 using 0:07:09.428438.
Perplexity:	1.277241 at step 417834 using 0:07:04.542992.
Perplexity:	69.399925 at step 418836 using 0:07:09.225413.
Perplexity:	105.878326 at step 419838 using 0:07:17.845950.
Perplexity:	51.493626 at step 420840 using 0:07:07.969739.
Perplexity:	1.000000 at step 421842 using 0:07:03.461760.
Perplexity:	17.693129 at step 422844 using 0:07:09.784261.
Perplexity:	78.587189 at step 423846 using 0:07:08.844268.
Perplexity:	161.937454 at step 424848 using 0:07:04.589396.
Perplexity:	1.000007 at step 425850 using 0:07:11.336444.
Perplexity:	1.000800 at step 426852 using 0:07:08.057395.
Perplexity:	1.000000 at step 427854 using 0:07:17.542801.
Perplexity:	139.715225 at step 428856 using 0:07:03.179091.
Perplexity:	1.003521 at step 429858 using 0:07:06.431888.
Perplexity:	1.000000 at step 430860 using 0:07:09.503550.
Perplexity:	1.000001 at step 431862 using 0:07:02.492252.
Perplexity:	1.003130 at step 432864 using 0:07:10.554921.
Perplexity:	1.044070 at step 433866 using 0:07:09.843355.
Perplexity:	754.867737 at step 434868 using 0:07:17.736574.
Perplexity:	1.000000 at step 435870 using 0:07:02.970406.
Perplexity:	106.261604 at step 436872 using 0:07:10.287312.
Perplexity:	32.405167 at step 437874 using 0:07:08.866527.
Perplexity:	1.001829 at step 438876 using 0:07:04.649455.
Perplexity:	108.525795 at step 439878 using 0:07:11.545062.
Perplexity:	1.000194 at step 440880 using 0:07:11.411083.
Perplexity:	5079.245605 at step 441882 using 0:07:08.946021.
Perplexity:	1.000970 at step 442884 using 0:07:03.673041.
Perplexity:	15.003098 at step 443886 using 0:07:16.788800.
Perplexity:	1.332557 at step 444888 using 0:07:09.044665.
Perplexity:	209.185440 at step 445890 using 0:07:03.008603.
Perplexity:	1.000000 at step 446892 using 0:07:11.128204.
Perplexity:	1.067246 at step 447894 using 0:07:10.233487.
Perplexity:	17.249502 at step 448896 using 0:07:07.558702.
Perplexity:	80.012825 at step 449898 using 0:07:01.685968.
Perplexity:	23.301735 at step 450900 using 0:07:10.024827.
Perplexity:	1.005368 at step 451902 using 0:07:18.446159.
Perplexity:	1.205731 at step 452904 using 0:07:03.175311.
Perplexity:	28.381390 at step 453906 using 0:07:08.596526.
Perplexity:	1.000000 at step 454908 using 0:07:08.399826.
Perplexity:	1354.825806 at step 455910 using 0:07:08.042721.
Perplexity:	1.000000 at step 456912 using 0:07:00.808555.
Perplexity:	1.000000 at step 457914 using 0:07:10.199752.
Perplexity:	1.307211 at step 458916 using 0:07:17.248763.
Perplexity:	1.108530 at step 459918 using 0:07:02.567328.
Perplexity:	1.000000 at step 460920 using 0:07:08.525501.
Perplexity:	629.835022 at step 461922 using 0:07:09.046951.
Perplexity:	12224.223633 at step 462924 using 0:07:09.428864.
Perplexity:	1.000000 at step 463926 using 0:07:05.026859.
Perplexity:	6884.019043 at step 464928 using 0:07:08.606108.
Perplexity:	14562.146484 at step 465930 using 0:07:09.029425.
Perplexity:	1.000000 at step 466932 using 0:07:02.822724.
Perplexity:	2.307140 at step 467934 using 0:07:15.684102.
Perplexity:	1.009607 at step 468936 using 0:07:08.992122.
Perplexity:	346.035675 at step 469938 using 0:07:09.303681.
Perplexity:	1.001298 at step 470940 using 0:07:05.149931.
Perplexity:	1.156057 at step 471942 using 0:07:09.307211.
Perplexity:	1.000000 at step 472944 using 0:07:09.556375.
Perplexity:	56.976410 at step 473946 using 0:07:02.747109.
Perplexity:	1.000465 at step 474948 using 0:07:14.714465.
Perplexity:	1.023715 at step 475950 using 0:07:09.179833.
Perplexity:	1.000000 at step 476952 using 0:07:09.607280.
Perplexity:	1.289588 at step 477954 using 0:07:03.962689.
Perplexity:	46.829708 at step 478956 using 0:07:11.289182.
Perplexity:	1.000000 at step 479958 using 0:07:10.289781.
Perplexity:	6.305607 at step 480960 using 0:07:02.724152.
Perplexity:	1.000000 at step 481962 using 0:07:07.522255.
Perplexity:	28.370016 at step 482964 using 0:07:17.892833.
Perplexity:	92644.101562 at step 483966 using 0:07:08.784636.
Perplexity:	81.001511 at step 484968 using 0:07:03.626056.
Perplexity:	1.000000 at step 485970 using 0:07:08.696144.
Perplexity:	24499.410156 at step 486972 using 0:07:08.783528.
Perplexity:	62.964611 at step 487974 using 0:07:03.080789.
Perplexity:	129.388702 at step 488976 using 0:07:07.041276.
Perplexity:	25.440859 at step 489978 using 0:07:08.717725.
Perplexity:	1.077250 at step 490980 using 0:07:02.526875.
Perplexity:	1.000000 at step 491982 using 0:07:17.103156.
Perplexity:	1.120263 at step 492984 using 0:07:11.123073.
Perplexity:	153.181412 at step 493986 using 0:07:09.723254.
Perplexity:	54.730953 at step 494988 using 0:07:00.615622.
Perplexity:	67.586357 at step 495990 using 0:07:11.130432.
Perplexity:	1.000000 at step 496992 using 0:07:10.123714.
Perplexity:	1.390839 at step 497994 using 0:07:05.127978.
Perplexity:	1.000000 at step 498996 using 0:07:16.657307.
Perplexity:	1.003008 at step 499998 using 0:07:07.509920.
Perplexity:	1.000000 at step 501000 using 0:07:11.400716.
Perplexity:	1.000000 at step 502002 using 0:07:04.208204.
Perplexity:	1.000000 at step 503004 using 0:07:09.058335.
Perplexity:	1.000000 at step 504006 using 0:07:10.849594.
Perplexity:	1.000000 at step 505008 using 0:07:01.832127.
Perplexity:	88.520775 at step 506010 using 0:07:08.109050.
Perplexity:	11.241921 at step 507012 using 0:07:16.420980.
Perplexity:	1.064267 at step 508014 using 0:07:09.044503.
Perplexity:	3.085768 at step 509016 using 0:07:03.687973.
Perplexity:	1.000003 at step 510018 using 0:07:10.061868.
Perplexity:	1.000000 at step 511020 using 0:07:08.377632.
Perplexity:	1.000000 at step 512022 using 0:07:02.972776.
Perplexity:	45.682156 at step 513024 using 0:07:08.383195.
Perplexity:	6.557118 at step 514026 using 0:07:07.801664.
Perplexity:	1.297550 at step 515028 using 0:07:17.535477.
Perplexity:	1.700991 at step 516030 using 0:07:03.736781.
Perplexity:	115.392143 at step 517032 using 0:07:10.221319.
Perplexity:	398.548492 at step 518034 using 0:07:10.459288.
Perplexity:	49.172237 at step 519036 using 0:07:01.314516.
Perplexity:	27.232677 at step 520038 using 0:07:08.148019.
Perplexity:	1.000000 at step 521040 using 0:07:10.560715.
Perplexity:	1.000000 at step 522042 using 0:07:09.938383.
Perplexity:	140.610474 at step 523044 using 0:07:10.585722.
Perplexity:	1.424698 at step 524046 using 0:07:10.734116.
Perplexity:	135.353760 at step 525048 using 0:07:10.444331.
Perplexity:	1.000000 at step 526050 using 0:07:02.596946.
Perplexity:	1.000000 at step 527052 using 0:07:08.568065.
Perplexity:	325.035706 at step 528054 using 0:07:08.550161.
Perplexity:	106.470207 at step 529056 using 0:07:07.892209.
Perplexity:	1.000000 at step 530058 using 0:07:01.956179.
Perplexity:	3.768804 at step 531060 using 0:07:14.424206.
Perplexity:	40.896290 at step 532062 using 0:07:07.987481.
Perplexity:	97.520576 at step 533064 using 0:07:02.797607.
Perplexity:	1.042154 at step 534066 using 0:07:07.115522.
Perplexity:	13230.766602 at step 535068 using 0:07:08.624963.
Perplexity:	80.197044 at step 536070 using 0:07:11.000923.
Perplexity:	1.000000 at step 537072 using 0:07:04.349722.
Perplexity:	9231.121094 at step 538074 using 0:07:09.232892.
Perplexity:	50.639069 at step 539076 using 0:07:17.268997.
Perplexity:	1.008488 at step 540078 using 0:07:03.079930.
Perplexity:	1.556552 at step 541080 using 0:07:09.220258.
Perplexity:	1.007318 at step 542082 using 0:07:09.540548.
Perplexity:	1.620415 at step 543084 using 0:07:09.389800.
Perplexity:	22502.384766 at step 544086 using 0:07:03.911489.
Perplexity:	97.178360 at step 545088 using 0:07:08.264953.
Perplexity:	1.004747 at step 546090 using 0:07:08.024946.
Perplexity:	1.001609 at step 547092 using 0:07:12.697168.
Perplexity:	43.773125 at step 548094 using 0:07:10.775774.
Perplexity:	1.043437 at step 549096 using 0:07:09.990247.
Perplexity:	138.925079 at step 550098 using 0:07:10.274985.
Perplexity:	82.566750 at step 551100 using 0:07:00.397784.
Perplexity:	1.001816 at step 552102 using 0:07:09.887785.
Perplexity:	1.000000 at step 553104 using 0:07:09.948510.
Perplexity:	140.378601 at step 554106 using 0:07:03.089766.
Perplexity:	69.187668 at step 555108 using 0:07:18.810805.
Perplexity:	8.641838 at step 556110 using 0:07:09.756665.
Perplexity:	2.061692 at step 557112 using 0:07:07.915770.
Perplexity:	171.787521 at step 558114 using 0:07:01.600706.
Perplexity:	45.929440 at step 559116 using 0:07:09.626963.
Perplexity:	2.477741 at step 560118 using 0:07:09.139563.