/home/zhaos5/anaconda3/lib/python3.6/site-packages/h5py/__init__.py:36: FutureWarning: Conversion of the second argument of issubdtype from `float` to `np.floating` is deprecated. In future, it will be treated as `np.float64 == np.dtype(float).type`.
  from ._conv import register_converters as _register_converters
WARNING:tensorflow:From /home/zhaos5/anaconda3/lib/python3.6/site-packages/tensorflow/contrib/learn/python/learn/datasets/base.py:198: retry (from tensorflow.contrib.learn.python.learn.datasets.base) is deprecated and will be removed in a future version.
Instructions for updating:
Use the retry module or similar alternatives.
WARNING:tensorflow:From /home/zhaos5/projs/wsd/wsd_code/tensor2tensor/layers/common_layers.py:513: calling reduce_mean (from tensorflow.python.ops.math_ops) with keep_dims is deprecated and will be removed in a future version.
Instructions for updating:
keep_dims is deprecated, use keepdims instead
2018-04-07 05:44:54.481406: I tensorflow/core/platform/cpu_feature_guard.cc:140] Your CPU supports instructions that this TensorFlow binary was not compiled to use: AVX2 FMA
2018-04-07 05:45:16.500133: I tensorflow/stream_executor/cuda/cuda_gpu_executor.cc:898] successful NUMA node read from SysFS had negative value (-1), but there must be at least one NUMA node, so returning NUMA node zero
2018-04-07 05:45:16.501412: I tensorflow/core/common_runtime/gpu/gpu_device.cc:1344] Found device 0 with properties: 
name: Tesla K80 major: 3 minor: 7 memoryClockRate(GHz): 0.8235
pciBusID: 0000:00:13.0
totalMemory: 11.17GiB freeMemory: 11.10GiB
2018-04-07 05:45:16.501465: I tensorflow/core/common_runtime/gpu/gpu_device.cc:1423] Adding visible gpu devices: 0
2018-04-07 05:45:17.019159: I tensorflow/core/common_runtime/gpu/gpu_device.cc:911] Device interconnect StreamExecutor with strength 1 edge matrix:
2018-04-07 05:45:17.019250: I tensorflow/core/common_runtime/gpu/gpu_device.cc:917]      0 
2018-04-07 05:45:17.019261: I tensorflow/core/common_runtime/gpu/gpu_device.cc:930] 0:   N 
2018-04-07 05:45:17.019617: I tensorflow/core/common_runtime/gpu/gpu_device.cc:1041] Created TensorFlow device (/job:localhost/replica:0/task:0/device:GPU:0 with 10764 MB memory) -> physical GPU (device: 0, name: Tesla K80, pci bus id: 0000:00:13.0, compute capability: 3.7)
Subword Vocab Populated with size 49588 for path /home/zhaos5/projs/wsd/wsd_code/model/../../wsd_data/medline/subvoc.txt.
Finished Populate Data with 383360 samples.
Perplexity:	65.070717 at step 1001 using 0:03:36.246571.
Perplexity:	58.605129 at step 2002 using 0:02:58.068181.
Perplexity:	4.018651 at step 3003 using 0:02:56.659581.
Perplexity:	22.017065 at step 4004 using 0:03:02.480610.
Perplexity:	246.217819 at step 5005 using 0:03:04.056491.
Perplexity:	4.364107 at step 6006 using 0:02:57.652061.
Perplexity:	1.345627 at step 7007 using 0:03:01.374952.
Perplexity:	17.045160 at step 8008 using 0:02:57.154960.
Perplexity:	6.761487 at step 9009 using 0:02:56.625802.
Perplexity:	91.394424 at step 10010 using 0:02:56.959834.
Perplexity:	64.853508 at step 11011 using 0:03:00.992769.
Perplexity:	1.592910 at step 12012 using 0:02:57.913788.
Perplexity:	7.874894 at step 13013 using 0:02:56.524736.
Perplexity:	3.641642 at step 14014 using 0:03:01.111276.
Perplexity:	2.248647 at step 15015 using 0:03:04.764213.
Perplexity:	17.606602 at step 16016 using 0:02:56.621970.
Perplexity:	3.961828 at step 17017 using 0:03:01.738150.
Perplexity:	38.564442 at step 18018 using 0:02:57.561609.
Perplexity:	5.605772 at step 19019 using 0:02:57.368386.
Perplexity:	20.653158 at step 20020 using 0:02:55.436596.
Perplexity:	27.864607 at step 21021 using 0:03:01.409801.
Perplexity:	21.061375 at step 22022 using 0:02:55.915223.
Perplexity:	9.786240 at step 23023 using 0:02:56.626744.
Perplexity:	18.134560 at step 24024 using 0:03:00.777193.
Perplexity:	875.715332 at step 25025 using 0:02:56.624312.
Perplexity:	4.134712 at step 26026 using 0:03:03.937793.
Perplexity:	3.813670 at step 27027 using 0:03:00.553276.
Perplexity:	81.674583 at step 28028 using 0:02:56.553190.
Perplexity:	36.133663 at step 29029 using 0:02:56.967082.
Perplexity:	4.715213 at step 30030 using 0:02:55.646282.
Perplexity:	13.152260 at step 31031 using 0:03:00.233125.
Perplexity:	2.488043 at step 32032 using 0:02:55.113203.
Perplexity:	2.878680 at step 33033 using 0:02:55.475128.
Perplexity:	21.201715 at step 34034 using 0:02:59.801439.
Perplexity:	7.027323 at step 35035 using 0:02:56.600997.
Perplexity:	102.448349 at step 36036 using 0:02:55.254443.
Perplexity:	1.046523 at step 37037 using 0:03:08.835669.
Perplexity:	5.379619 at step 38038 using 0:02:55.718783.
Perplexity:	8.134815 at step 39039 using 0:02:54.481779.
Perplexity:	2.926001 at step 40040 using 0:02:56.718754.
Perplexity:	3.061982 at step 41041 using 0:03:00.522760.
Perplexity:	23.455563 at step 42042 using 0:02:55.856549.
Perplexity:	7.513963 at step 43043 using 0:02:56.301255.
Perplexity:	8.309571 at step 44044 using 0:03:00.812447.
Perplexity:	18.203489 at step 45045 using 0:02:55.701547.
Perplexity:	2.379599 at step 46046 using 0:02:57.204222.
Perplexity:	1.563913 at step 47047 using 0:03:03.597825.
Perplexity:	35.349586 at step 48048 using 0:02:59.402838.
Perplexity:	5.532054 at step 49049 using 0:02:56.181860.
Perplexity:	3.723516 at step 50050 using 0:02:56.508571.
Perplexity:	2.127864 at step 51051 using 0:03:00.720181.
Perplexity:	5.472916 at step 52052 using 0:02:56.899983.
Perplexity:	2.068885 at step 53053 using 0:02:55.656241.
Perplexity:	3.146774 at step 54054 using 0:03:00.241110.
Perplexity:	8.378469 at step 55055 using 0:02:56.048141.
Perplexity:	4.125321 at step 56056 using 0:02:56.487625.
Perplexity:	4.566886 at step 57057 using 0:02:56.639924.
Perplexity:	3.862909 at step 58058 using 0:03:08.079549.
Perplexity:	5.389934 at step 59059 using 0:02:55.151615.
Perplexity:	1.554260 at step 60060 using 0:02:55.705791.
Perplexity:	2.298460 at step 61061 using 0:03:01.260042.
Perplexity:	4.959148 at step 62062 using 0:02:55.973816.
Perplexity:	2.718928 at step 63063 using 0:02:55.419754.
Perplexity:	4.404938 at step 64064 using 0:02:59.765904.
Perplexity:	2.636550 at step 65065 using 0:02:55.053470.
Perplexity:	5.408290 at step 66066 using 0:02:55.947305.
Perplexity:	31.179264 at step 67067 using 0:02:56.643374.
Perplexity:	3.077985 at step 68068 using 0:03:08.156060.
Perplexity:	1.757171 at step 69069 using 0:02:56.492912.
Perplexity:	5.839321 at step 70070 using 0:02:55.705503.
Perplexity:	1.010012 at step 71071 using 0:03:00.966323.
Perplexity:	6.018184 at step 72072 using 0:02:55.821401.
Perplexity:	8.838650 at step 73073 using 0:02:55.790288.
Perplexity:	5.299817 at step 74074 using 0:02:55.811108.
Perplexity:	2.736284 at step 75075 using 0:03:00.710044.
Perplexity:	9.793377 at step 76076 using 0:02:55.808460.
Perplexity:	21.156586 at step 77077 using 0:02:55.356101.
Perplexity:	1.256096 at step 78078 using 0:02:59.649234.
Perplexity:	13.414521 at step 79079 using 0:03:04.282542.
Perplexity:	3.051208 at step 80080 using 0:02:55.169621.
Perplexity:	12.351252 at step 81081 using 0:02:59.642993.
Perplexity:	11.173493 at step 82082 using 0:02:56.672107.
Perplexity:	1.501454 at step 83083 using 0:02:56.364047.
Perplexity:	53.543823 at step 84084 using 0:02:55.765547.
Perplexity:	7.188190 at step 85085 using 0:03:00.367417.
Perplexity:	1.592254 at step 86086 using 0:02:55.685000.
Perplexity:	16.063450 at step 87087 using 0:02:56.569949.
Perplexity:	6.683403 at step 88088 using 0:03:00.490450.
Perplexity:	1.759880 at step 89089 using 0:02:55.674364.
Perplexity:	1.421764 at step 90090 using 0:03:03.253646.
Perplexity:	10.871984 at step 91091 using 0:03:00.969924.
Perplexity:	3.923250 at step 92092 using 0:02:55.949200.
Perplexity:	7.543661 at step 93093 using 0:02:56.844546.
Perplexity:	2.509289 at step 94094 using 0:02:54.759541.
Perplexity:	11.147936 at step 95095 using 0:02:59.944830.
Perplexity:	12.122022 at step 96096 using 0:02:54.440677.
Perplexity:	8.749107 at step 97097 using 0:02:54.781984.
Perplexity:	3.026056 at step 98098 using 0:03:01.381095.
Perplexity:	2.413744 at step 99099 using 0:02:55.731234.
Perplexity:	140.172852 at step 100100 using 0:02:56.849274.
Perplexity:	4.327896 at step 101101 using 0:03:06.266462.
Perplexity:	9.272348 at step 102102 using 0:02:59.702566.
Perplexity:	3.099715 at step 103103 using 0:02:54.520319.
Perplexity:	47.184265 at step 104104 using 0:02:55.092359.
Perplexity:	3.214145 at step 105105 using 0:03:00.942575.
Perplexity:	5.597212 at step 106106 using 0:02:56.045468.
Perplexity:	2.330466 at step 107107 using 0:02:55.784665.
Perplexity:	95.771805 at step 108108 using 0:03:00.951861.
Perplexity:	8.447690 at step 109109 using 0:02:55.514581.
Perplexity:	8.988341 at step 110110 using 0:02:55.510477.
Perplexity:	2.613577 at step 111111 using 0:03:04.296634.
Perplexity:	5.778822 at step 112112 using 0:03:00.036466.
Perplexity:	4.903044 at step 113113 using 0:02:55.385495.
Perplexity:	2.851742 at step 114114 using 0:02:56.041198.
Perplexity:	8.321400 at step 115115 using 0:02:59.163144.
Perplexity:	2.316438 at step 116116 using 0:02:55.049992.
Perplexity:	1.379636 at step 117117 using 0:02:54.838100.
Perplexity:	1.752098 at step 118118 using 0:02:59.710567.
Perplexity:	1.099922 at step 119119 using 0:02:55.599800.
Perplexity:	1.951233 at step 120120 using 0:02:56.354158.
Perplexity:	28.109510 at step 121121 using 0:02:55.625481.
Perplexity:	5.661349 at step 122122 using 0:03:09.349157.
Perplexity:	8.071178 at step 123123 using 0:02:55.647160.
Perplexity:	3.890204 at step 124124 using 0:02:55.676947.
Perplexity:	6.390513 at step 125125 using 0:02:59.573449.
Perplexity:	4.518771 at step 126126 using 0:02:56.181632.
Perplexity:	5.057279 at step 127127 using 0:02:55.424386.
Perplexity:	4.055790 at step 128128 using 0:02:54.649935.
Perplexity:	2.386350 at step 129129 using 0:03:00.175936.
Perplexity:	5.021174 at step 130130 using 0:02:55.004415.
Perplexity:	3.459294 at step 131131 using 0:02:55.145918.
Perplexity:	70.552849 at step 132132 using 0:03:07.403140.
Perplexity:	7.164193 at step 133133 using 0:02:55.749093.
Perplexity:	4.192827 at step 134134 using 0:02:55.627661.
Perplexity:	11.142316 at step 135135 using 0:02:59.007169.
Perplexity:	7.593271 at step 136136 using 0:02:54.721293.
Perplexity:	2.973136 at step 137137 using 0:02:55.447362.
Perplexity:	1.753870 at step 138138 using 0:02:56.088405.
Perplexity:	11.817310 at step 139139 using 0:03:00.922914.
Perplexity:	2.766432 at step 140140 using 0:02:55.492022.
Perplexity:	2.948779 at step 141141 using 0:02:55.029460.
Perplexity:	2.097657 at step 142142 using 0:03:00.584724.
Perplexity:	3.524091 at step 143143 using 0:03:06.079254.
Perplexity:	13.927339 at step 144144 using 0:02:55.285296.
Perplexity:	6.472815 at step 145145 using 0:02:59.179059.
Perplexity:	1.401577 at step 146146 using 0:02:56.485968.
Perplexity:	8.953688 at step 147147 using 0:02:55.419536.
Perplexity:	1.833279 at step 148148 using 0:02:55.941138.
Perplexity:	7.914638 at step 149149 using 0:03:00.407013.
Perplexity:	10.781204 at step 150150 using 0:02:55.456672.
Perplexity:	6.668125 at step 151151 using 0:02:55.717315.
Perplexity:	8.687196 at step 152152 using 0:02:59.948522.
Perplexity:	1.591223 at step 153153 using 0:03:03.558366.
Perplexity:	1.003630 at step 154154 using 0:02:55.025954.
Perplexity:	11.012819 at step 155155 using 0:02:54.239742.
Perplexity:	3.455069 at step 156156 using 0:02:58.677807.
Perplexity:	12.212834 at step 157157 using 0:02:55.550879.
Perplexity:	1.358735 at step 158158 using 0:02:54.890024.
Perplexity:	1.068236 at step 159159 using 0:02:59.107240.
Perplexity:	13.932350 at step 160160 using 0:02:56.086840.
Perplexity:	13.942037 at step 161161 using 0:02:54.915380.
Perplexity:	4.955063 at step 162162 using 0:03:00.533548.
Perplexity:	4.033736 at step 163163 using 0:02:56.056954.
Perplexity:	18.249912 at step 164164 using 0:03:03.382520.
Perplexity:	57.172855 at step 165165 using 0:02:55.656034.
Perplexity:	2.215160 at step 166166 using 0:03:00.079155.
Perplexity:	1.243973 at step 167167 using 0:02:54.998756.
Perplexity:	1.683861 at step 168168 using 0:02:54.864031.
Perplexity:	7.794515 at step 169169 using 0:03:00.316586.
Perplexity:	3.662403 at step 170170 using 0:02:55.482800.
Perplexity:	1.025786 at step 171171 using 0:02:54.538909.
Perplexity:	1.966008 at step 172172 using 0:02:54.819953.
Perplexity:	1.890571 at step 173173 using 0:02:58.527030.
Perplexity:	13.204077 at step 174174 using 0:02:56.027072.
Perplexity:	3.134415 at step 175175 using 0:03:02.257729.
Perplexity:	3.610911 at step 176176 using 0:03:00.009769.
Perplexity:	1.081451 at step 177177 using 0:02:55.176540.
Perplexity:	4.747919 at step 178178 using 0:02:54.397951.
Perplexity:	4.162066 at step 179179 using 0:02:59.472292.
Perplexity:	1.419040 at step 180180 using 0:02:55.179823.
Perplexity:	25.055780 at step 181181 using 0:02:55.243330.
Perplexity:	7.773639 at step 182182 using 0:02:55.985281.
Perplexity:	9.664093 at step 183183 using 0:02:59.163926.
Perplexity:	9.924040 at step 184184 using 0:02:53.941699.
Perplexity:	1.453294 at step 185185 using 0:03:04.336157.
Perplexity:	7.389490 at step 186186 using 0:03:00.261742.
Perplexity:	2.323450 at step 187187 using 0:02:55.947312.
Perplexity:	5.107442 at step 188188 using 0:02:56.091039.
Perplexity:	7.388965 at step 189189 using 0:02:59.230397.
Perplexity:	3.479839 at step 190190 using 0:02:55.455173.
Perplexity:	7.864795 at step 191191 using 0:02:54.658337.
Perplexity:	6.460174 at step 192192 using 0:02:54.922025.
Perplexity:	1.377229 at step 193193 using 0:02:59.827087.
Perplexity:	8.108644 at step 194194 using 0:02:55.154367.
Perplexity:	3.067165 at step 195195 using 0:02:55.550844.
Perplexity:	19.470430 at step 196196 using 0:03:05.955201.
Perplexity:	2.495578 at step 197197 using 0:02:55.323796.
Perplexity:	2.610693 at step 198198 using 0:02:56.185510.
Perplexity:	3.969481 at step 199199 using 0:02:55.199381.
Perplexity:	3.375650 at step 200200 using 0:03:01.405630.
Perplexity:	49.267056 at step 201201 using 0:02:53.472000.
Perplexity:	5.227316 at step 202202 using 0:02:53.190882.
Perplexity:	4.084426 at step 203203 using 0:02:59.814208.
Perplexity:	2.059759 at step 204204 using 0:02:55.906920.
Perplexity:	2.043255 at step 205205 using 0:02:53.616239.
Perplexity:	32.918350 at step 206206 using 0:03:04.801902.
Perplexity:	20.965298 at step 207207 using 0:02:54.232053.
Perplexity:	7.030415 at step 208208 using 0:02:54.420601.
Perplexity:	7.184115 at step 209209 using 0:02:54.619946.
Perplexity:	3.716902 at step 210210 using 0:02:58.695734.
Perplexity:	2.499512 at step 211211 using 0:02:53.073977.
Perplexity:	36.830669 at step 212212 using 0:02:54.292144.
Perplexity:	4.767095 at step 213213 using 0:02:58.544271.
Perplexity:	11.937851 at step 214214 using 0:02:53.629453.
Perplexity:	270.393890 at step 215215 using 0:02:53.697928.
Perplexity:	2.273858 at step 216216 using 0:02:52.524646.
Perplexity:	1.065802 at step 217217 using 0:03:03.370011.
Perplexity:	4.247473 at step 218218 using 0:02:53.571913.
Perplexity:	9.097499 at step 219219 using 0:02:54.206617.
Perplexity:	115.614433 at step 220220 using 0:02:57.602969.
Perplexity:	9.813661 at step 221221 using 0:02:53.684993.
Perplexity:	8.874384 at step 222222 using 0:02:53.896740.
Perplexity:	5.298749 at step 223223 using 0:02:53.479894.
Perplexity:	1.085944 at step 224224 using 0:02:58.230364.
Perplexity:	6.044812 at step 225225 using 0:02:53.449849.
Perplexity:	4.440211 at step 226226 using 0:02:54.286095.
Perplexity:	3.510675 at step 227227 using 0:02:58.501527.
Perplexity:	6.339775 at step 228228 using 0:02:59.255281.
Perplexity:	8.468427 at step 229229 using 0:02:53.917017.
Perplexity:	55.360977 at step 230230 using 0:02:57.352605.
Perplexity:	3.909841 at step 231231 using 0:02:53.105350.
Perplexity:	1.480428 at step 232232 using 0:02:53.814237.
Perplexity:	1.257543 at step 233233 using 0:02:52.696432.
Perplexity:	14.159829 at step 234234 using 0:02:58.251011.
Perplexity:	5.296673 at step 235235 using 0:02:54.381301.
Perplexity:	2.979725 at step 236236 using 0:02:53.052706.
Perplexity:	9.389466 at step 237237 using 0:02:58.692648.
Perplexity:	3.112675 at step 238238 using 0:02:53.961521.
Perplexity:	8.924354 at step 239239 using 0:03:00.245285.
Perplexity:	5.522415 at step 240240 using 0:02:53.872110.
Perplexity:	5.768488 at step 241241 using 0:02:57.424089.
Perplexity:	1.241045 at step 242242 using 0:02:53.735426.
Perplexity:	3.404187 at step 243243 using 0:02:54.021716.
Perplexity:	1.163590 at step 244244 using 0:02:58.043950.
Perplexity:	4.235965 at step 245245 using 0:02:54.140001.
Perplexity:	4.493159 at step 246246 using 0:02:53.980041.
Perplexity:	4.412830 at step 247247 using 0:02:53.701683.
Perplexity:	8.054800 at step 248248 using 0:02:58.065563.
Perplexity:	4.140510 at step 249249 using 0:02:58.575399.
Perplexity:	1.206912 at step 250250 using 0:02:53.541815.
Perplexity:	15.576673 at step 251251 using 0:02:58.417768.
Perplexity:	3.463707 at step 252252 using 0:02:53.255391.
Perplexity:	1.669767 at step 253253 using 0:02:52.924871.
Perplexity:	485.969452 at step 254254 using 0:02:58.039065.
Perplexity:	10.642107 at step 255255 using 0:02:53.724257.
Perplexity:	6.375639 at step 256256 using 0:02:54.063460.
Perplexity:	2.814857 at step 257257 using 0:02:52.550307.
Perplexity:	12.778707 at step 258258 using 0:02:57.870353.
Perplexity:	4.856910 at step 259259 using 0:02:53.708649.
Perplexity:	27.670969 at step 260260 using 0:02:59.900786.
Perplexity:	2.703847 at step 261261 using 0:02:57.890152.
Perplexity:	13.284821 at step 262262 using 0:02:54.308819.
Perplexity:	1.427533 at step 263263 using 0:02:52.897136.
Perplexity:	4.647358 at step 264264 using 0:02:53.916305.
Perplexity:	3.640012 at step 265265 using 0:02:58.680651.
Perplexity:	7.474423 at step 266266 using 0:02:53.194585.
Perplexity:	1.008224 at step 267267 using 0:02:53.167805.
Perplexity:	1.049886 at step 268268 using 0:02:57.770181.
Perplexity:	3.761778 at step 269269 using 0:02:53.908077.
Perplexity:	2.458542 at step 270270 using 0:02:52.635929.
Perplexity:	1.514457 at step 271271 using 0:03:03.659571.
Perplexity:	1.662592 at step 272272 using 0:02:53.716590.
Perplexity:	17.362219 at step 273273 using 0:02:53.065375.
Perplexity:	11.962525 at step 274274 using 0:02:53.887390.
Perplexity:	2.682829 at step 275275 using 0:02:58.248187.
Perplexity:	7.103425 at step 276276 using 0:02:53.600404.
Perplexity:	6.491841 at step 277277 using 0:02:53.656706.
Perplexity:	2.495194 at step 278278 using 0:02:59.240003.
Perplexity:	1.165312 at step 279279 using 0:02:51.968323.
Perplexity:	2.368062 at step 280280 using 0:02:53.590602.
Perplexity:	6.910369 at step 281281 using 0:02:53.695725.
Perplexity:	10.528754 at step 282282 using 0:03:03.567249.
Perplexity:	42.227547 at step 283283 using 0:02:53.799030.
Perplexity:	22.361374 at step 284284 using 0:02:53.265553.
Perplexity:	18.273224 at step 285285 using 0:02:57.676352.
Perplexity:	3.904011 at step 286286 using 0:02:52.992513.
Perplexity:	11.929813 at step 287287 using 0:02:53.956452.
Perplexity:	5.036685 at step 288288 using 0:02:54.093977.
Perplexity:	2.548052 at step 289289 using 0:02:56.833706.
Perplexity:	6.720082 at step 290290 using 0:02:53.635035.
Perplexity:	9.518520 at step 291291 using 0:02:53.603074.
Perplexity:	1.915011 at step 292292 using 0:03:02.702398.
Perplexity:	6.790905 at step 293293 using 0:02:54.475064.
Perplexity:	21.707678 at step 294294 using 0:02:52.662099.
Perplexity:	2.421305 at step 295295 using 0:02:58.032587.
Perplexity:	5.165874 at step 296296 using 0:02:54.305593.
Perplexity:	4.317261 at step 297297 using 0:02:53.605560.
Perplexity:	3.044879 at step 298298 using 0:02:54.754778.
Perplexity:	9.877139 at step 299299 using 0:02:57.334572.
Perplexity:	1.995410 at step 300300 using 0:02:54.199668.
Perplexity:	1.331833 at step 301301 using 0:02:53.236985.
Perplexity:	2.541674 at step 302302 using 0:03:02.672138.
Perplexity:	3.243357 at step 303303 using 0:02:54.029922.
Perplexity:	4.016856 at step 304304 using 0:02:53.875138.
Perplexity:	2.408053 at step 305305 using 0:02:52.240513.
Perplexity:	8.798759 at step 306306 using 0:02:57.709423.
Perplexity:	2.892452 at step 307307 using 0:02:52.897914.
Perplexity:	3.494082 at step 308308 using 0:02:52.651968.
Perplexity:	4.920169 at step 309309 using 0:02:57.667731.
Perplexity:	27.372471 at step 310310 using 0:02:53.878722.
Perplexity:	12.703060 at step 311311 using 0:02:52.130305.
Perplexity:	1.072216 at step 312312 using 0:02:54.078763.
Perplexity:	3.871317 at step 313313 using 0:03:02.483670.
Perplexity:	4.048942 at step 314314 using 0:02:54.156103.
Perplexity:	9.433186 at step 315315 using 0:02:53.689859.
Perplexity:	5.729876 at step 316316 using 0:02:58.337491.
Perplexity:	2.177903 at step 317317 using 0:02:53.853604.
Perplexity:	11.368114 at step 318318 using 0:02:53.920754.
Perplexity:	1.201354 at step 319319 using 0:02:57.419958.
Perplexity:	2.057405 at step 320320 using 0:02:54.014001.
Perplexity:	5.379870 at step 321321 using 0:02:52.379315.
Perplexity:	3.040576 at step 322322 using 0:02:53.189580.
Perplexity:	29.722054 at step 323323 using 0:02:57.908596.
Perplexity:	4.120876 at step 324324 using 0:02:57.730901.
Perplexity:	1.643012 at step 325325 using 0:02:53.949278.
Perplexity:	2.613390 at step 326326 using 0:02:57.002883.
Perplexity:	133.284073 at step 327327 using 0:02:53.975440.
Perplexity:	20.194473 at step 328328 using 0:02:53.903444.
Perplexity:	2.055973 at step 329329 using 0:02:54.459299.
Perplexity:	1.297400 at step 330330 using 0:02:57.688764.
Perplexity:	2.545241 at step 331331 using 0:02:53.156288.
Perplexity:	66.961784 at step 332332 using 0:02:53.676057.
Perplexity:	30.292845 at step 333333 using 0:02:57.477716.
Perplexity:	8.392181 at step 334334 using 0:02:54.004288.
Perplexity:	1.618818 at step 335335 using 0:02:59.503937.
Perplexity:	33.228634 at step 336336 using 0:02:53.091910.
Perplexity:	44.522587 at step 337337 using 0:02:57.472595.
Perplexity:	16.964981 at step 338338 using 0:02:53.410190.
Perplexity:	1.452355 at step 339339 using 0:02:54.107556.
Perplexity:	18.030266 at step 340340 using 0:02:58.955855.
Perplexity:	1.972726 at step 341341 using 0:02:52.319394.
Perplexity:	2.297475 at step 342342 using 0:02:54.048668.
Perplexity:	6.481419 at step 343343 using 0:02:57.619476.
Perplexity:	3.708690 at step 344344 using 0:02:53.925894.
Perplexity:	4.551705 at step 345345 using 0:02:58.315476.
Perplexity:	2.850638 at step 346346 using 0:02:52.548027.
Perplexity:	2.038441 at step 347347 using 0:02:56.936587.
Perplexity:	2.585923 at step 348348 using 0:02:52.893743.
Perplexity:	6.594327 at step 349349 using 0:02:52.843924.
Perplexity:	6.721162 at step 350350 using 0:02:56.839477.
Perplexity:	5.038217 at step 351351 using 0:02:53.623727.
Perplexity:	1.832944 at step 352352 using 0:02:54.040483.
Perplexity:	8.403782 at step 353353 using 0:02:52.894187.
Perplexity:	1.486876 at step 354354 using 0:02:58.306773.
Perplexity:	2.193624 at step 355355 using 0:02:54.425298.
Perplexity:	2.783630 at step 356356 using 0:02:58.654057.
Perplexity:	1.569140 at step 357357 using 0:02:57.450222.
Perplexity:	4.423907 at step 358358 using 0:02:53.883376.
Perplexity:	16.102865 at step 359359 using 0:02:54.717647.
Perplexity:	2.463945 at step 360360 using 0:02:53.876700.
Perplexity:	22.327251 at step 361361 using 0:02:57.300343.
Perplexity:	4.163815 at step 362362 using 0:02:51.635517.
Perplexity:	1.538276 at step 363363 using 0:02:53.998208.
Perplexity:	3.066543 at step 364364 using 0:02:57.760585.
Perplexity:	7.722493 at step 365365 using 0:02:52.463418.
Perplexity:	6.142855 at step 366366 using 0:02:53.955668.
Perplexity:	9.351545 at step 367367 using 0:03:03.643895.
Perplexity:	8.002256 at step 368368 using 0:02:54.887005.
Perplexity:	3.618320 at step 369369 using 0:02:52.704053.
Perplexity:	3.735042 at step 370370 using 0:02:53.292230.
Perplexity:	7.182376 at step 371371 using 0:02:57.319415.
Perplexity:	7.625646 at step 372372 using 0:02:53.491993.
Perplexity:	2.019494 at step 373373 using 0:02:53.265985.
Perplexity:	11.174378 at step 374374 using 0:02:58.402343.
Perplexity:	4.196194 at step 375375 using 0:02:54.005746.
Perplexity:	2.244666 at step 376376 using 0:02:53.060918.
Perplexity:	5.913859 at step 377377 using 0:03:00.138465.
Perplexity:	10.309263 at step 378378 using 0:02:57.401467.
Perplexity:	2.495613 at step 379379 using 0:02:54.003130.
Perplexity:	16.753546 at step 380380 using 0:02:53.950536.
Perplexity:	2.344378 at step 381381 using 0:02:58.238389.
Perplexity:	9.838287 at step 382382 using 0:02:53.758485.
Perplexity:	1.853507 at step 383383 using 0:02:54.290045.
Perplexity:	2.730085 at step 384384 using 0:02:53.225100.
Perplexity:	20.980694 at step 385385 using 0:02:56.855997.
Perplexity:	9.502009 at step 386386 using 0:02:55.356002.
Perplexity:	2.984014 at step 387387 using 0:02:52.506271.
Perplexity:	5.225124 at step 388388 using 0:03:03.095834.
Perplexity:	2.509108 at step 389389 using 0:02:52.624644.
Perplexity:	7.585514 at step 390390 using 0:02:54.212810.
Perplexity:	9.545228 at step 391391 using 0:02:58.740805.
Perplexity:	9.299847 at step 392392 using 0:02:53.812032.
Perplexity:	5.228334 at step 393393 using 0:02:52.989980.
Perplexity:	13.868828 at step 394394 using 0:02:53.352191.
Perplexity:	6.446841 at step 395395 using 0:02:58.041892.
Perplexity:	5.547920 at step 396396 using 0:02:54.586192.
Perplexity:	20.533873 at step 397397 using 0:02:53.526229.
Perplexity:	2.017700 at step 398398 using 0:03:04.049269.
Perplexity:	1.004423 at step 399399 using 0:02:54.046625.
Perplexity:	3.811223 at step 400400 using 0:02:54.124922.
Perplexity:	3.082637 at step 401401 using 0:02:53.808934.
Perplexity:	1.536719 at step 402402 using 0:02:57.492859.
Perplexity:	3.381253 at step 403403 using 0:02:53.009867.
Perplexity:	10.046003 at step 404404 using 0:02:53.509183.
Perplexity:	3.292667 at step 405405 using 0:02:57.451795.
Perplexity:	15.844809 at step 406406 using 0:02:54.128927.
Perplexity:	15.920680 at step 407407 using 0:02:53.867336.
Perplexity:	3.313175 at step 408408 using 0:02:53.603475.
Perplexity:	1.245382 at step 409409 using 0:03:03.576263.
Perplexity:	1.179260 at step 410410 using 0:02:52.928498.
Perplexity:	2.555037 at step 411411 using 0:02:52.784801.
Perplexity:	4.626147 at step 412412 using 0:02:58.166255.
Perplexity:	1.021587 at step 413413 using 0:02:52.755442.
Perplexity:	2.516629 at step 414414 using 0:02:53.234377.
Perplexity:	10.344195 at step 415415 using 0:02:58.022625.
Perplexity:	7.770442 at step 416416 using 0:02:54.023120.
Perplexity:	2.865237 at step 417417 using 0:02:52.382449.
Perplexity:	26.755667 at step 418418 using 0:02:53.008911.
Perplexity:	2.889457 at step 419419 using 0:02:58.028310.
Perplexity:	2.515192 at step 420420 using 0:02:58.543066.
Perplexity:	5.540444 at step 421421 using 0:02:52.647495.
Perplexity:	3.728247 at step 422422 using 0:02:57.853085.
Perplexity:	4.949858 at step 423423 using 0:02:53.286108.
Perplexity:	3.881347 at step 424424 using 0:02:53.763279.
Perplexity:	20.953239 at step 425425 using 0:02:53.592554.
Perplexity:	45.139790 at step 426426 using 0:02:57.146103.
Perplexity:	1.269543 at step 427427 using 0:02:53.782889.
Perplexity:	4.942462 at step 428428 using 0:02:53.517324.
Perplexity:	1.453489 at step 429429 using 0:02:58.244181.
Perplexity:	5.524192 at step 430430 using 0:02:59.091184.
Perplexity:	2.960023 at step 431431 using 0:02:54.104462.
Perplexity:	18.813314 at step 432432 using 0:02:53.636491.
Perplexity:	17.893930 at step 433433 using 0:02:57.691450.
Perplexity:	3.024048 at step 434434 using 0:02:54.045761.
Perplexity:	4.905529 at step 435435 using 0:02:53.447268.
Perplexity:	4.901030 at step 436436 using 0:02:57.071485.
Perplexity:	3.231888 at step 437437 using 0:02:53.917529.
Perplexity:	4.308077 at step 438438 using 0:02:52.981436.
Perplexity:	2.128748 at step 439439 using 0:02:56.901609.
Perplexity:	24.862646 at step 440440 using 0:02:52.983628.
Perplexity:	14.572446 at step 441441 using 0:02:59.016614.
Perplexity:	3.254230 at step 442442 using 0:02:53.229414.
Perplexity:	1.802510 at step 443443 using 0:02:58.521267.
Perplexity:	1.155578 at step 444444 using 0:02:53.183380.
Perplexity:	1.177173 at step 445445 using 0:02:53.530522.
Perplexity:	9.583302 at step 446446 using 0:02:57.764311.
Perplexity:	2.785620 at step 447447 using 0:02:54.073577.
Perplexity:	4.419162 at step 448448 using 0:02:53.207999.
Perplexity:	1.280167 at step 449449 using 0:02:53.339053.
Perplexity:	3.838855 at step 450450 using 0:02:57.113422.
Perplexity:	2.504407 at step 451451 using 0:02:53.379708.
Perplexity:	3.883487 at step 452452 using 0:02:58.785974.
Perplexity:	2.044740 at step 453453 using 0:02:59.162441.
Perplexity:	2.420449 at step 454454 using 0:02:53.645388.
Perplexity:	2.332556 at step 455455 using 0:02:53.271980.
Perplexity:	5.394450 at step 456456 using 0:02:54.037975.
Perplexity:	2.142453 at step 457457 using 0:02:58.064419.
Perplexity:	2.114941 at step 458458 using 0:02:54.015998.
Perplexity:	3.941485 at step 459459 using 0:02:52.652610.
Perplexity:	11.851837 at step 460460 using 0:02:57.901873.
Perplexity:	17.564205 at step 461461 using 0:02:53.448681.
Perplexity:	4.494630 at step 462462 using 0:02:59.979850.
Perplexity:	2.925649 at step 463463 using 0:02:58.040515.
Perplexity:	17.839367 at step 464464 using 0:02:53.352087.
Perplexity:	4.071920 at step 465465 using 0:02:53.041691.
Perplexity:	54.842037 at step 466466 using 0:02:53.275300.
Perplexity:	1.746827 at step 467467 using 0:02:58.249657.
Perplexity:	1.139083 at step 468468 using 0:02:53.895392.
Perplexity:	2.808503 at step 469469 using 0:02:53.392047.
Perplexity:	2.230416 at step 470470 using 0:02:58.237409.
Perplexity:	3.032649 at step 471471 using 0:02:53.053937.
Perplexity:	4.409825 at step 472472 using 0:02:53.599267.
Perplexity:	4.154381 at step 473473 using 0:02:59.034499.
Perplexity:	1.197687 at step 474474 using 0:02:57.391948.
Perplexity:	3.183763 at step 475475 using 0:02:53.485356.
Perplexity:	1.087802 at step 476476 using 0:02:53.522659.
Perplexity:	9.126649 at step 477477 using 0:02:57.370345.
Perplexity:	76.123932 at step 478478 using 0:02:52.953403.
Perplexity:	12.193533 at step 479479 using 0:02:54.046866.
Perplexity:	2.716971 at step 480480 using 0:02:52.682578.
Perplexity:	4.135665 at step 481481 using 0:02:56.822470.
Perplexity:	6.507440 at step 482482 using 0:02:52.951927.
Perplexity:	6.251610 at step 483483 using 0:02:52.909700.
Perplexity:	4.886547 at step 484484 using 0:03:02.993429.
Perplexity:	15.594785 at step 485485 using 0:02:53.828993.
Perplexity:	3.391811 at step 486486 using 0:02:52.822312.
Perplexity:	3.806390 at step 487487 using 0:02:58.333364.
Perplexity:	20.625523 at step 488488 using 0:02:52.813950.
Perplexity:	1.182219 at step 489489 using 0:02:54.507118.
Perplexity:	7.754837 at step 490490 using 0:02:53.976280.
Perplexity:	4.680076 at step 491491 using 0:02:57.787874.
Perplexity:	25.239826 at step 492492 using 0:02:52.760604.
Perplexity:	2.045221 at step 493493 using 0:02:53.304230.
Perplexity:	2.037083 at step 494494 using 0:03:03.791139.
Perplexity:	8.037259 at step 495495 using 0:02:53.228190.
Perplexity:	2.924570 at step 496496 using 0:02:53.557911.
Perplexity:	4.251368 at step 497497 using 0:02:52.210889.
Perplexity:	8.446471 at step 498498 using 0:02:59.223627.
Perplexity:	1.893751 at step 499499 using 0:02:54.089625.
Perplexity:	1.126484 at step 500500 using 0:02:52.466142.
Perplexity:	1.215408 at step 501501 using 0:02:55.746144.
Perplexity:	13.820105 at step 502502 using 0:02:51.895451.
Perplexity:	2.006893 at step 503503 using 0:02:51.821844.
Perplexity:	17.234701 at step 504504 using 0:02:51.532992.
Perplexity:	12.092407 at step 505505 using 0:03:00.816873.
Perplexity:	7.989252 at step 506506 using 0:02:51.696221.
Perplexity:	5.793605 at step 507507 using 0:02:51.691223.
Perplexity:	2.964793 at step 508508 using 0:02:56.173053.
Perplexity:	4.087347 at step 509509 using 0:02:52.293781.
Perplexity:	1.069260 at step 510510 using 0:02:51.748054.
Perplexity:	1.801572 at step 511511 using 0:02:51.657403.
Perplexity:	3.712953 at step 512512 using 0:02:55.846856.
Perplexity:	3.158623 at step 513513 using 0:02:51.797631.
Perplexity:	11.373538 at step 514514 using 0:02:51.802246.
Perplexity:	2.778121 at step 515515 using 0:03:00.991901.
Perplexity:	1.677892 at step 516516 using 0:02:51.549745.
Perplexity:	29.964096 at step 517517 using 0:02:51.377454.
Perplexity:	2.510748 at step 518518 using 0:02:56.108899.
Perplexity:	2.257628 at step 519519 using 0:02:51.849022.
Perplexity:	2.222052 at step 520520 using 0:02:52.045811.
Perplexity:	2.363480 at step 521521 using 0:02:51.557296.
Perplexity:	1.061422 at step 522522 using 0:02:55.523863.
Perplexity:	6.465352 at step 523523 using 0:02:51.531777.
Perplexity:	36.730419 at step 524524 using 0:02:51.646716.
Perplexity:	8.507635 at step 525525 using 0:02:55.256165.
Perplexity:	2.436441 at step 526526 using 0:02:57.782947.
Perplexity:	7.028602 at step 527527 using 0:02:52.081710.
Perplexity:	1.062247 at step 528528 using 0:02:51.474644.
Perplexity:	2.291853 at step 529529 using 0:02:55.527887.
Perplexity:	12.149508 at step 530530 using 0:02:51.333882.
Perplexity:	1.717781 at step 531531 using 0:02:51.268094.
Perplexity:	5.257312 at step 532532 using 0:02:55.309184.
Perplexity:	4.443330 at step 533533 using 0:02:52.066482.
Perplexity:	2.301544 at step 534534 using 0:02:52.123190.
Perplexity:	1.006941 at step 535535 using 0:02:51.219564.
Perplexity:	2.554004 at step 536536 using 0:02:55.289131.
Perplexity:	1.143216 at step 537537 using 0:02:56.736043.
Perplexity:	5.162544 at step 538538 using 0:02:51.272655.
Perplexity:	2.410870 at step 539539 using 0:02:55.951052.
Perplexity:	3.181875 at step 540540 using 0:02:52.063381.
Perplexity:	5.395272 at step 541541 using 0:02:51.513214.
Perplexity:	3.604387 at step 542542 using 0:02:51.804046.
Perplexity:	1.889863 at step 543543 using 0:02:54.650235.
Perplexity:	1.414710 at step 544544 using 0:02:51.129340.
Perplexity:	1.332161 at step 545545 using 0:02:50.138409.
Perplexity:	5.480527 at step 546546 using 0:02:55.755929.
Perplexity:	2.212076 at step 547547 using 0:02:51.588813.
Perplexity:	6.314735 at step 548548 using 0:02:57.353366.
Perplexity:	3.268034 at step 549549 using 0:02:51.782891.
Perplexity:	71.343491 at step 550550 using 0:02:55.396515.
Perplexity:	1.060031 at step 551551 using 0:02:52.189295.
Perplexity:	5.624217 at step 552552 using 0:02:50.869586.
Perplexity:	35.257805 at step 553553 using 0:02:55.669220.
Perplexity:	3.808514 at step 554554 using 0:02:51.924249.
Perplexity:	7.696681 at step 555555 using 0:02:51.682311.
Perplexity:	4.783231 at step 556556 using 0:02:51.877043.
Perplexity:	2.459511 at step 557557 using 0:02:55.884643.
Perplexity:	16.924110 at step 558558 using 0:02:57.696025.
Perplexity:	4.179531 at step 559559 using 0:02:51.651680.
Perplexity:	9.038224 at step 560560 using 0:02:55.635414.
Perplexity:	5.265867 at step 561561 using 0:02:51.321904.
Perplexity:	3.588773 at step 562562 using 0:02:51.314442.
Perplexity:	1.109848 at step 563563 using 0:02:51.601465.
Perplexity:	1.333188 at step 564564 using 0:02:55.515470.
Perplexity:	3.627154 at step 565565 using 0:02:51.761245.
Perplexity:	1.111808 at step 566566 using 0:02:51.331127.
Perplexity:	8.757600 at step 567567 using 0:02:54.912291.
Perplexity:	4.473802 at step 568568 using 0:02:51.921905.
Perplexity:	2.900424 at step 569569 using 0:02:57.353399.
Perplexity:	24.651718 at step 570570 using 0:02:56.064153.
Perplexity:	2.457169 at step 571571 using 0:02:51.093546.
Perplexity:	3.912369 at step 572572 using 0:02:51.907860.
Perplexity:	1.094205 at step 573573 using 0:02:51.157545.
Perplexity:	8.304173 at step 574574 using 0:02:55.862134.
Perplexity:	5.449245 at step 575575 using 0:02:52.186871.
Perplexity:	2.248595 at step 576576 using 0:02:51.006676.
Perplexity:	2.189113 at step 577577 using 0:02:56.537392.
Perplexity:	3.323407 at step 578578 using 0:02:52.120583.
Perplexity:	9.765272 at step 579579 using 0:02:51.144207.
Perplexity:	2.886935 at step 580580 using 0:02:56.673538.
Perplexity:	3.846907 at step 581581 using 0:02:55.644895.
Perplexity:	2.993949 at step 582582 using 0:02:50.222437.
Perplexity:	1.646346 at step 583583 using 0:02:52.371879.
Perplexity:	12.202834 at step 584584 using 0:02:55.607034.
Perplexity:	6.998445 at step 585585 using 0:02:51.458253.
Perplexity:	1.327147 at step 586586 using 0:02:51.029178.
Perplexity:	11.579819 at step 587587 using 0:02:51.174815.
Perplexity:	3.153078 at step 588588 using 0:02:55.557654.
Perplexity:	55.335907 at step 589589 using 0:02:51.951932.
Perplexity:	4.040033 at step 590590 using 0:02:51.441549.
Perplexity:	1.151291 at step 591591 using 0:03:00.585024.
Perplexity:	3.428082 at step 592592 using 0:02:51.385340.
Perplexity:	3.745818 at step 593593 using 0:02:51.149273.
Perplexity:	1.073089 at step 594594 using 0:02:51.484548.
Perplexity:	32.597248 at step 595595 using 0:02:55.758859.
Perplexity:	1.229919 at step 596596 using 0:02:51.743491.
Perplexity:	38.973495 at step 597597 using 0:02:51.537431.
Perplexity:	2.131459 at step 598598 using 0:02:55.873033.
Perplexity:	70.744324 at step 599599 using 0:02:51.928488.
Perplexity:	8.857302 at step 600600 using 0:02:51.758880.
Perplexity:	2.785015 at step 601601 using 0:02:56.917023.
Perplexity:	8.537581 at step 602602 using 0:02:56.658344.
Perplexity:	3.871155 at step 603603 using 0:02:51.733756.
Perplexity:	2.797705 at step 604604 using 0:02:51.216296.
Perplexity:	1.041943 at step 605605 using 0:02:56.683746.
Perplexity:	2.547120 at step 606606 using 0:02:51.552143.
Perplexity:	6.682924 at step 607607 using 0:02:51.351147.
Perplexity:	4.145219 at step 608608 using 0:02:51.648639.
Perplexity:	2.224327 at step 609609 using 0:02:54.656840.
Perplexity:	2.470379 at step 610610 using 0:02:51.146652.
Perplexity:	5.393238 at step 611611 using 0:02:51.505563.
Perplexity:	35.839882 at step 612612 using 0:03:00.628581.
Perplexity:	7.160552 at step 613613 using 0:02:51.749568.
Perplexity:	123.908615 at step 614614 using 0:02:50.707195.
Perplexity:	2.109581 at step 615615 using 0:02:50.961128.
Perplexity:	5.743596 at step 616616 using 0:02:55.832932.
Perplexity:	16.081797 at step 617617 using 0:02:50.976942.
Perplexity:	39.849888 at step 618618 using 0:02:51.238122.
Perplexity:	2.023026 at step 619619 using 0:02:55.618234.
Perplexity:	10.523263 at step 620620 using 0:02:51.870310.
Perplexity:	20.674437 at step 621621 using 0:02:50.336834.
Perplexity:	1.122254 at step 622622 using 0:02:51.701143.
Perplexity:	8.357041 at step 623623 using 0:03:00.294346.
Perplexity:	1.012723 at step 624624 using 0:02:51.742945.
Perplexity:	12.538666 at step 625625 using 0:02:51.850432.
Perplexity:	3.067935 at step 626626 using 0:02:55.209829.
Perplexity:	4.319005 at step 627627 using 0:02:51.561912.
Perplexity:	13.725272 at step 628628 using 0:02:51.453526.
Perplexity:	4.186382 at step 629629 using 0:02:56.014825.
Perplexity:	2.303425 at step 630630 using 0:02:51.910977.
Perplexity:	1.103446 at step 631631 using 0:02:51.315540.
Perplexity:	6.163178 at step 632632 using 0:02:51.756511.
Perplexity:	11.527102 at step 633633 using 0:03:00.270431.
Perplexity:	15.374893 at step 634634 using 0:02:52.042586.
Perplexity:	3.490670 at step 635635 using 0:02:51.279369.
Perplexity:	7.114503 at step 636636 using 0:02:55.570734.
Perplexity:	7.564299 at step 637637 using 0:02:51.142548.
Perplexity:	90.202965 at step 638638 using 0:02:52.362342.
Perplexity:	2.891186 at step 639639 using 0:02:50.999412.
Perplexity:	2.688330 at step 640640 using 0:02:55.774280.
Perplexity:	23.430832 at step 641641 using 0:02:50.749700.
Perplexity:	15.170640 at step 642642 using 0:02:51.281186.
Perplexity:	1.219054 at step 643643 using 0:03:01.086354.
Perplexity:	32.927895 at step 644644 using 0:02:51.833594.
Perplexity:	1.002967 at step 645645 using 0:02:51.947131.
Perplexity:	1.911274 at step 646646 using 0:02:50.994563.
Perplexity:	1.202386 at step 647647 using 0:02:55.907679.
Perplexity:	3.954788 at step 648648 using 0:02:51.816269.
Perplexity:	9.739581 at step 649649 using 0:02:51.694772.
Perplexity:	18.348833 at step 650650 using 0:02:55.685180.
Perplexity:	1.236991 at step 651651 using 0:02:51.542191.
Perplexity:	1.657982 at step 652652 using 0:02:51.118999.
Perplexity:	1.311087 at step 653653 using 0:02:52.848658.
Perplexity:	3.336263 at step 654654 using 0:03:01.109301.
Perplexity:	23.577084 at step 655655 using 0:02:51.860822.
Perplexity:	10.233388 at step 656656 using 0:02:51.841368.
Perplexity:	10.991373 at step 657657 using 0:02:55.607594.
Perplexity:	6.981132 at step 658658 using 0:02:50.741054.
Perplexity:	34.541557 at step 659659 using 0:02:51.985388.
Perplexity:	12.813089 at step 660660 using 0:02:51.451697.
Perplexity:	1.202613 at step 661661 using 0:02:56.007473.
Perplexity:	1.755055 at step 662662 using 0:02:51.834270.
Perplexity:	5.341175 at step 663663 using 0:02:50.807320.
Perplexity:	4.517532 at step 664664 using 0:02:56.168215.
Perplexity:	1.257062 at step 665665 using 0:02:57.047419.
Perplexity:	3.756263 at step 666666 using 0:02:51.792403.
Perplexity:	5.584629 at step 667667 using 0:02:51.847875.
Perplexity:	3.176437 at step 668668 using 0:02:55.842276.
Perplexity:	26.002232 at step 669669 using 0:02:51.345893.
Perplexity:	3.633514 at step 670670 using 0:02:51.761973.
Perplexity:	1.773373 at step 671671 using 0:02:55.130453.
Perplexity:	2.066801 at step 672672 using 0:02:51.422747.
Perplexity:	1.549522 at step 673673 using 0:02:51.897701.
Perplexity:	5.985952 at step 674674 using 0:02:51.654413.
Perplexity:	1.549507 at step 675675 using 0:03:01.821491.
Perplexity:	4.619694 at step 676676 using 0:02:52.228998.
Perplexity:	1.128856 at step 677677 using 0:02:50.923565.
Perplexity:	2.192941 at step 678678 using 0:02:54.931843.
Perplexity:	2.629936 at step 679679 using 0:02:51.696611.
Perplexity:	4.018106 at step 680680 using 0:02:52.024890.
Perplexity:	1.302138 at step 681681 using 0:02:55.248973.
Perplexity:	5.674146 at step 682682 using 0:02:51.311774.
Perplexity:	3.541279 at step 683683 using 0:02:51.098935.
Perplexity:	5.377319 at step 684684 using 0:02:50.922437.
Perplexity:	6.632457 at step 685685 using 0:02:55.425372.
Perplexity:	3.008891 at step 686686 using 0:02:57.486044.
Perplexity:	1.475402 at step 687687 using 0:02:51.387728.
Perplexity:	5.020743 at step 688688 using 0:02:55.805038.
Perplexity:	57.304459 at step 689689 using 0:02:51.008233.
Perplexity:	1.015127 at step 690690 using 0:02:51.770825.
Perplexity:	3.479679 at step 691691 using 0:02:51.525085.
Perplexity:	1.905805 at step 692692 using 0:02:55.406903.
Perplexity:	3.414517 at step 693693 using 0:02:51.611195.
Perplexity:	3.897161 at step 694694 using 0:02:51.338111.
Perplexity:	1.949950 at step 695695 using 0:02:56.220516.
Perplexity:	1.034168 at step 696696 using 0:02:51.428125.
Perplexity:	2.212283 at step 697697 using 0:02:56.935138.
Perplexity:	1.381825 at step 698698 using 0:02:52.252097.
Perplexity:	2.835752 at step 699699 using 0:02:56.066705.
Perplexity:	3.718632 at step 700700 using 0:02:51.187980.
Perplexity:	1.813787 at step 701701 using 0:02:51.421864.
Perplexity:	5.251243 at step 702702 using 0:02:55.936711.
Perplexity:	1.358814 at step 703703 using 0:02:51.738552.
Perplexity:	7.556402 at step 704704 using 0:02:52.037149.
Perplexity:	13.182030 at step 705705 using 0:02:51.401904.
Perplexity:	6.066112 at step 706706 using 0:02:56.357904.
Perplexity:	3.973305 at step 707707 using 0:02:51.596658.
Perplexity:	6.677579 at step 708708 using 0:02:56.905924.
Perplexity:	2.813186 at step 709709 using 0:02:56.063117.
Perplexity:	2.896137 at step 710710 using 0:02:52.534628.
Perplexity:	1.003332 at step 711711 using 0:02:51.096484.
Perplexity:	18.133379 at step 712712 using 0:02:51.759301.
Perplexity:	3.584570 at step 713713 using 0:02:55.123811.
Perplexity:	1.370357 at step 714714 using 0:02:52.565038.
Perplexity:	6.389789 at step 715715 using 0:02:51.328317.
Perplexity:	71.024597 at step 716716 using 0:02:55.797317.
Perplexity:	1.594156 at step 717717 using 0:02:50.963561.
Perplexity:	11.934610 at step 718718 using 0:02:57.348535.
Perplexity:	6.712757 at step 719719 using 0:02:51.938751.
Perplexity:	2.901193 at step 720720 using 0:02:55.327929.
Perplexity:	7.793961 at step 721721 using 0:02:49.969093.
Perplexity:	6.563691 at step 722722 using 0:02:51.598982.
Perplexity:	2.294897 at step 723723 using 0:02:55.443446.
Perplexity:	6.731194 at step 724724 using 0:02:51.531384.
Perplexity:	2.172712 at step 725725 using 0:02:52.620834.
Perplexity:	1.504839 at step 726726 using 0:02:55.540643.
Perplexity:	7.608490 at step 727727 using 0:02:51.392185.
Perplexity:	6.530247 at step 728728 using 0:02:51.326242.
Perplexity:	6.057604 at step 729729 using 0:02:57.570078.
Perplexity:	2.110606 at step 730730 using 0:02:55.084694.
Perplexity:	39.970848 at step 731731 using 0:02:51.832251.
Perplexity:	15.732245 at step 732732 using 0:02:51.539325.
Perplexity:	3.002863 at step 733733 using 0:02:56.183494.
Perplexity:	2.440099 at step 734734 using 0:02:52.008623.
Perplexity:	3.008677 at step 735735 using 0:02:51.238821.
Perplexity:	2.415683 at step 736736 using 0:02:51.729320.
Perplexity:	1.494568 at step 737737 using 0:02:54.945323.
Perplexity:	3.997459 at step 738738 using 0:02:51.637394.
Perplexity:	3.561688 at step 739739 using 0:02:51.879375.
Perplexity:	5.011642 at step 740740 using 0:03:00.988102.
Perplexity:	2.925536 at step 741741 using 0:02:52.642764.
Perplexity:	8.214832 at step 742742 using 0:02:52.525391.
Perplexity:	5.885108 at step 743743 using 0:02:51.934868.
Perplexity:	9.859230 at step 744744 using 0:02:56.109943.
Perplexity:	3.674846 at step 745745 using 0:02:51.829214.
Perplexity:	3.283691 at step 746746 using 0:02:52.224349.
Perplexity:	6.269703 at step 747747 using 0:02:55.920216.
Perplexity:	1.559052 at step 748748 using 0:02:51.617513.
Perplexity:	17.157389 at step 749749 using 0:02:52.048809.
Perplexity:	2.985717 at step 750750 using 0:02:51.674449.
Perplexity:	1.841374 at step 751751 using 0:03:01.752707.
Perplexity:	3.223802 at step 752752 using 0:02:52.008271.
Perplexity:	53.219063 at step 753753 using 0:02:51.495667.
Perplexity:	1.877720 at step 754754 using 0:02:55.738041.
Perplexity:	11.153676 at step 755755 using 0:02:51.738872.
Perplexity:	7.424146 at step 756756 using 0:02:52.341709.
Perplexity:	1.208311 at step 757757 using 0:02:51.363770.
Perplexity:	3.995202 at step 758758 using 0:02:56.387239.
Perplexity:	6.602234 at step 759759 using 0:02:51.773869.
Perplexity:	1.472931 at step 760760 using 0:02:51.451362.
Perplexity:	2.443017 at step 761761 using 0:03:00.832274.
Perplexity:	38.872272 at step 762762 using 0:02:52.345976.
Perplexity:	7.219034 at step 763763 using 0:02:52.140362.
Perplexity:	2.544787 at step 764764 using 0:02:51.553239.
Perplexity:	26.593075 at step 765765 using 0:02:56.562504.
Perplexity:	1.486229 at step 766766 using 0:02:51.319089.
Perplexity:	2.688553 at step 767767 using 0:02:52.004831.
Perplexity:	16.902411 at step 768768 using 0:02:55.359433.
Perplexity:	33.236027 at step 769769 using 0:02:51.238913.
Perplexity:	2.556165 at step 770770 using 0:02:52.904582.
Perplexity:	14.736344 at step 771771 using 0:02:51.762590.
Perplexity:	7.184734 at step 772772 using 0:03:00.678058.
Perplexity:	1.666344 at step 773773 using 0:02:52.571810.
Perplexity:	14.766230 at step 774774 using 0:02:52.091431.
Perplexity:	6.657650 at step 775775 using 0:02:56.482717.
Perplexity:	4.376324 at step 776776 using 0:02:51.578474.
Perplexity:	9.439201 at step 777777 using 0:02:51.126697.
Perplexity:	4.077333 at step 778778 using 0:02:54.518901.
Perplexity:	7.961327 at step 779779 using 0:02:51.714692.
Perplexity:	1.943290 at step 780780 using 0:02:51.151183.
Perplexity:	13.284528 at step 781781 using 0:02:51.443771.
Perplexity:	7.050535 at step 782782 using 0:03:01.262139.
Perplexity:	5.576481 at step 783783 using 0:02:51.790856.
Perplexity:	4.820105 at step 784784 using 0:02:51.654345.
Perplexity:	1.691437 at step 785785 using 0:02:55.617876.
Perplexity:	7.506753 at step 786786 using 0:02:52.304572.
Perplexity:	5.332233 at step 787787 using 0:02:51.818683.
Perplexity:	1.912052 at step 788788 using 0:02:52.026282.
Perplexity:	5.176062 at step 789789 using 0:02:55.968683.
Perplexity:	5.525259 at step 790790 using 0:02:51.252520.
Perplexity:	1.309248 at step 791791 using 0:02:51.700091.
Perplexity:	3.869988 at step 792792 using 0:02:56.070347.
Perplexity:	3.410106 at step 793793 using 0:02:57.498938.
Perplexity:	27.110472 at step 794794 using 0:02:51.461940.
Perplexity:	1.104431 at step 795795 using 0:02:51.872953.
Perplexity:	1.085255 at step 796796 using 0:02:56.028406.
Perplexity:	4.656747 at step 797797 using 0:02:52.228778.
Perplexity:	7.214719 at step 798798 using 0:02:52.298657.
Perplexity:	3.199803 at step 799799 using 0:02:56.049189.
Perplexity:	1.688075 at step 800800 using 0:02:51.731801.
Perplexity:	3.945109 at step 801801 using 0:02:50.382690.
Perplexity:	3.507871 at step 802802 using 0:02:52.001516.
Perplexity:	1.698751 at step 803803 using 0:03:02.006388.
Perplexity:	2.364214 at step 804804 using 0:02:51.939662.
Perplexity:	4.134586 at step 805805 using 0:02:52.103044.
Perplexity:	4.055453 at step 806806 using 0:02:56.552333.
Perplexity:	1.056163 at step 807807 using 0:02:52.071667.
Perplexity:	6.747734 at step 808808 using 0:02:51.669020.
Perplexity:	5.067698 at step 809809 using 0:02:51.790254.
Perplexity:	3.862746 at step 810810 using 0:02:56.055970.
Perplexity:	25.440041 at step 811811 using 0:02:51.640081.
Perplexity:	2.705697 at step 812812 using 0:02:51.818228.
Perplexity:	14.402902 at step 813813 using 0:02:56.010765.
Perplexity:	2.718005 at step 814814 using 0:02:56.950808.
Perplexity:	5.474617 at step 815815 using 0:02:51.367395.
Perplexity:	3.129453 at step 816816 using 0:02:55.169329.
Perplexity:	11.181171 at step 817817 using 0:02:51.569618.
Perplexity:	3.761560 at step 818818 using 0:02:52.170019.
Perplexity:	1.402600 at step 819819 using 0:02:51.827483.
Perplexity:	17.486147 at step 820820 using 0:02:55.389240.
Perplexity:	5.197849 at step 821821 using 0:02:51.370289.
Perplexity:	2.153198 at step 822822 using 0:02:52.414938.
Perplexity:	3.023829 at step 823823 using 0:02:55.119069.
Perplexity:	34.872330 at step 824824 using 0:02:51.076072.
Perplexity:	2.898761 at step 825825 using 0:02:56.967800.
Perplexity:	3.659375 at step 826826 using 0:02:51.478022.
Perplexity:	2.824348 at step 827827 using 0:02:55.793840.
Perplexity:	4.922807 at step 828828 using 0:02:52.300602.
Perplexity:	4.069368 at step 829829 using 0:02:51.422117.
Perplexity:	2.592623 at step 830830 using 0:02:56.015644.
Perplexity:	3.975457 at step 831831 using 0:02:51.929134.
Perplexity:	2.787315 at step 832832 using 0:02:51.424078.
Perplexity:	1.509158 at step 833833 using 0:02:51.042596.
Perplexity:	1.044622 at step 834834 using 0:02:55.390445.
Perplexity:	2.139081 at step 835835 using 0:02:52.327558.
Perplexity:	8.081635 at step 836836 using 0:02:57.652296.
Perplexity:	10.568060 at step 837837 using 0:02:55.715873.
Perplexity:	1.711902 at step 838838 using 0:02:51.962864.
Perplexity:	5.476539 at step 839839 using 0:02:51.632349.
Perplexity:	3.012309 at step 840840 using 0:02:52.400855.
Perplexity:	10.521875 at step 841841 using 0:02:55.920493.
Perplexity:	1.002440 at step 842842 using 0:02:51.951723.
Perplexity:	6.245805 at step 843843 using 0:02:52.054480.
Perplexity:	2.189354 at step 844844 using 0:02:56.365915.
Perplexity:	16.789423 at step 845845 using 0:02:52.407009.
Perplexity:	1.356499 at step 846846 using 0:02:57.257636.
Perplexity:	3.704614 at step 847847 using 0:02:51.566725.
Perplexity:	2.961145 at step 848848 using 0:02:55.653247.
Perplexity:	3.288514 at step 849849 using 0:02:51.367539.
Perplexity:	21.842062 at step 850850 using 0:02:51.681441.
Perplexity:	10.854758 at step 851851 using 0:02:56.250320.
Perplexity:	11.848232 at step 852852 using 0:02:52.150369.
Perplexity:	2.249820 at step 853853 using 0:02:51.392636.
Perplexity:	2.357136 at step 854854 using 0:02:51.131420.
Perplexity:	4.661288 at step 855855 using 0:02:56.244945.
Perplexity:	4.012738 at step 856856 using 0:02:51.255011.
Perplexity:	1.998696 at step 857857 using 0:02:57.987715.
Perplexity:	2.061357 at step 858858 using 0:02:54.744447.
Perplexity:	4.444175 at step 859859 using 0:02:51.651975.
Perplexity:	2.315109 at step 860860 using 0:02:51.723835.
Perplexity:	10.170643 at step 861861 using 0:02:52.208741.
Perplexity:	2.725047 at step 862862 using 0:02:56.301666.
Perplexity:	6.232100 at step 863863 using 0:02:51.112564.
Perplexity:	13.848801 at step 864864 using 0:02:52.291992.
Perplexity:	105.415215 at step 865865 using 0:02:55.643274.
Perplexity:	1.214345 at step 866866 using 0:02:51.531995.
Perplexity:	19.523390 at step 867867 using 0:02:51.169604.
Perplexity:	13.833849 at step 868868 using 0:03:01.677106.
Perplexity:	1.359349 at step 869869 using 0:02:51.452820.
Perplexity:	7.942808 at step 870870 using 0:02:51.994120.
Perplexity:	3.061937 at step 871871 using 0:02:51.219103.
Perplexity:	2.510368 at step 872872 using 0:02:56.096198.
Perplexity:	3.170893 at step 873873 using 0:02:52.241261.
Perplexity:	2.256490 at step 874874 using 0:02:51.610085.
Perplexity:	3.597291 at step 875875 using 0:02:56.000649.
Perplexity:	1.237227 at step 876876 using 0:02:51.243384.
Perplexity:	6.776819 at step 877877 using 0:02:52.078561.
Perplexity:	1.275570 at step 878878 using 0:02:57.422552.
Perplexity:	1.359273 at step 879879 using 0:02:55.767991.
Perplexity:	5.640054 at step 880880 using 0:02:52.782802.
Perplexity:	2.623391 at step 881881 using 0:02:50.670757.
Perplexity:	4.831514 at step 882882 using 0:02:55.483253.
Perplexity:	4.597807 at step 883883 using 0:02:52.192847.
Perplexity:	1.166969 at step 884884 using 0:02:51.593874.
Perplexity:	2.480971 at step 885885 using 0:02:52.300166.
Perplexity:	1.779466 at step 886886 using 0:02:56.990958.
Perplexity:	10.526904 at step 887887 using 0:02:51.916330.
Perplexity:	2.671551 at step 888888 using 0:02:51.968382.
Perplexity:	3.568783 at step 889889 using 0:03:01.705910.
Perplexity:	4.668811 at step 890890 using 0:02:50.998359.
Perplexity:	6.315946 at step 891891 using 0:02:52.048049.
Perplexity:	2.386071 at step 892892 using 0:02:51.239590.
Perplexity:	9.136555 at step 893893 using 0:02:55.395732.
Perplexity:	12.926466 at step 894894 using 0:02:51.918766.
Perplexity:	9.025380 at step 895895 using 0:02:51.691782.
Perplexity:	8.660737 at step 896896 using 0:02:56.161847.
Perplexity:	1.683629 at step 897897 using 0:02:51.870195.
Perplexity:	21.832579 at step 898898 using 0:02:52.786685.
Perplexity:	17.551743 at step 899899 using 0:02:51.612152.
Perplexity:	10.608046 at step 900900 using 0:03:00.709083.
Perplexity:	1.111326 at step 901901 using 0:02:51.818140.
Perplexity:	1.799405 at step 902902 using 0:02:52.098588.
Perplexity:	1.888935 at step 903903 using 0:02:55.371380.
Perplexity:	5.996547 at step 904904 using 0:02:52.052624.
Perplexity:	2.303849 at step 905905 using 0:02:52.189442.
Perplexity:	2.985229 at step 906906 using 0:02:50.847279.
Perplexity:	5.403166 at step 907907 using 0:02:55.582695.
Perplexity:	17.045773 at step 908908 using 0:02:50.966916.
Perplexity:	3.635273 at step 909909 using 0:02:51.159983.
Perplexity:	10.938284 at step 910910 using 0:03:01.319272.
Perplexity:	2.912722 at step 911911 using 0:02:51.717340.
Perplexity:	10.629378 at step 912912 using 0:02:52.032816.
Perplexity:	8.602492 at step 913913 using 0:02:55.609677.
Perplexity:	82.908371 at step 914914 using 0:02:50.984121.
Perplexity:	2.780404 at step 915915 using 0:02:52.585189.
Perplexity:	3.046433 at step 916916 using 0:02:51.603964.
Perplexity:	4.304634 at step 917917 using 0:02:54.668148.
Perplexity:	3.519436 at step 918918 using 0:02:52.104888.
Perplexity:	13.420218 at step 919919 using 0:02:51.609588.
Perplexity:	15.171097 at step 920920 using 0:02:54.840794.
Perplexity:	9.967925 at step 921921 using 0:02:57.164028.
Perplexity:	1.726882 at step 922922 using 0:02:51.979841.
Perplexity:	10.894223 at step 923923 using 0:02:51.316384.
Perplexity:	23.965151 at step 924924 using 0:02:54.673935.
Perplexity:	7.032320 at step 925925 using 0:02:51.806569.
Perplexity:	2.713712 at step 926926 using 0:02:51.805079.
Perplexity:	5.627936 at step 927927 using 0:02:56.004616.
Perplexity:	1.041207 at step 928928 using 0:02:52.012905.
Perplexity:	1.903265 at step 929929 using 0:02:50.400807.
Perplexity:	5.702068 at step 930930 using 0:02:52.213572.
Perplexity:	7.368108 at step 931931 using 0:03:01.751776.
Perplexity:	4.333807 at step 932932 using 0:02:51.923531.
Perplexity:	5.511271 at step 933933 using 0:02:51.990307.
Perplexity:	13.730152 at step 934934 using 0:02:54.985366.
Perplexity:	4.579406 at step 935935 using 0:02:52.248610.
Perplexity:	1.452014 at step 936936 using 0:02:51.066910.
Perplexity:	2.123816 at step 937937 using 0:02:51.951960.
Perplexity:	3.422893 at step 938938 using 0:02:56.778159.
Perplexity:	17.960245 at step 939939 using 0:02:51.311594.
Perplexity:	2.020607 at step 940940 using 0:02:51.081502.
Perplexity:	9.280671 at step 941941 using 0:02:55.136492.
Perplexity:	2.254750 at step 942942 using 0:02:57.556397.
Perplexity:	14.101221 at step 943943 using 0:02:51.986721.
Perplexity:	8.844858 at step 944944 using 0:02:50.885776.
Perplexity:	2.909738 at step 945945 using 0:02:55.478132.
Perplexity:	1.027080 at step 946946 using 0:02:51.761363.
Perplexity:	10.129765 at step 947947 using 0:02:52.052527.
Perplexity:	7.719790 at step 948948 using 0:02:56.788082.
Perplexity:	2.607140 at step 949949 using 0:02:51.720003.
Perplexity:	1.438916 at step 950950 using 0:02:52.504238.
Perplexity:	28.173983 at step 951951 using 0:02:51.598551.
Perplexity:	368.264038 at step 952952 using 0:02:56.203121.
Perplexity:	1.360152 at step 953953 using 0:02:56.617275.
Perplexity:	44.965759 at step 954954 using 0:02:52.007544.
Perplexity:	3.030369 at step 955955 using 0:02:55.907580.
Perplexity:	7.146456 at step 956956 using 0:02:52.565760.
Perplexity:	1.156122 at step 957957 using 0:02:52.129313.
Perplexity:	1.503306 at step 958958 using 0:02:55.822352.
Perplexity:	7.725838 at step 959959 using 0:02:51.174172.
Perplexity:	5.949000 at step 960960 using 0:02:52.000703.
Perplexity:	2.585187 at step 961961 using 0:02:51.572538.
Perplexity:	4.886980 at step 962962 using 0:02:55.904252.
Perplexity:	2.429316 at step 963963 using 0:02:56.620074.
Perplexity:	2.305413 at step 964964 using 0:02:51.676123.
Perplexity:	12.871295 at step 965965 using 0:02:56.501420.
Perplexity:	21.593628 at step 966966 using 0:02:51.816512.
Perplexity:	1.228271 at step 967967 using 0:02:52.455849.
Perplexity:	23.470892 at step 968968 using 0:02:52.055400.
Perplexity:	6.452625 at step 969969 using 0:02:56.276297.
Perplexity:	53.613571 at step 970970 using 0:02:51.413050.
Perplexity:	2.298276 at step 971971 using 0:02:51.534880.
Perplexity:	2.663421 at step 972972 using 0:02:56.213855.
Perplexity:	3.148274 at step 973973 using 0:02:52.354803.
Perplexity:	4.316363 at step 974974 using 0:02:57.696310.
Perplexity:	5.696911 at step 975975 using 0:02:51.753782.
Perplexity:	4.442817 at step 976976 using 0:02:55.272202.
Perplexity:	4.034086 at step 977977 using 0:02:51.683762.
Perplexity:	2.893293 at step 978978 using 0:02:52.303637.
Perplexity:	2.187293 at step 979979 using 0:02:55.994378.
Perplexity:	5.846959 at step 980980 using 0:02:51.564137.
Perplexity:	3.518081 at step 981981 using 0:02:52.112344.
Perplexity:	43.105431 at step 982982 using 0:02:51.687461.
Perplexity:	7.947160 at step 983983 using 0:02:55.946721.
Perplexity:	5.423733 at step 984984 using 0:02:51.751460.
Perplexity:	2.606471 at step 985985 using 0:02:57.297878.
Perplexity:	1.559889 at step 986986 using 0:02:56.394786.