/home/zhaos5/anaconda3/lib/python3.6/site-packages/h5py/__init__.py:36: FutureWarning: Conversion of the second argument of issubdtype from `float` to `np.floating` is deprecated. In future, it will be treated as `np.float64 == np.dtype(float).type`.
  from ._conv import register_converters as _register_converters
WARNING:tensorflow:From /home/zhaos5/anaconda3/lib/python3.6/site-packages/tensorflow/contrib/learn/python/learn/datasets/base.py:198: retry (from tensorflow.contrib.learn.python.learn.datasets.base) is deprecated and will be removed in a future version.
Instructions for updating:
Use the retry module or similar alternatives.
WARNING:tensorflow:From /home/zhaos5/projs/wsd/wsd_code/tensor2tensor/layers/common_layers.py:513: calling reduce_mean (from tensorflow.python.ops.math_ops) with keep_dims is deprecated and will be removed in a future version.
Instructions for updating:
keep_dims is deprecated, use keepdims instead
2018-04-07 05:44:09.017539: I tensorflow/core/platform/cpu_feature_guard.cc:140] Your CPU supports instructions that this TensorFlow binary was not compiled to use: AVX2 FMA
2018-04-07 05:45:14.554548: I tensorflow/stream_executor/cuda/cuda_gpu_executor.cc:898] successful NUMA node read from SysFS had negative value (-1), but there must be at least one NUMA node, so returning NUMA node zero
2018-04-07 05:45:14.569941: I tensorflow/core/common_runtime/gpu/gpu_device.cc:1344] Found device 0 with properties: 
name: Tesla K80 major: 3 minor: 7 memoryClockRate(GHz): 0.8235
pciBusID: 0000:00:10.0
totalMemory: 11.17GiB freeMemory: 11.10GiB
2018-04-07 05:45:14.570002: I tensorflow/core/common_runtime/gpu/gpu_device.cc:1423] Adding visible gpu devices: 0
2018-04-07 05:45:15.151249: I tensorflow/core/common_runtime/gpu/gpu_device.cc:911] Device interconnect StreamExecutor with strength 1 edge matrix:
2018-04-07 05:45:15.151287: I tensorflow/core/common_runtime/gpu/gpu_device.cc:917]      0 
2018-04-07 05:45:15.151300: I tensorflow/core/common_runtime/gpu/gpu_device.cc:930] 0:   N 
2018-04-07 05:45:15.152205: I tensorflow/core/common_runtime/gpu/gpu_device.cc:1041] Created TensorFlow device (/job:localhost/replica:0/task:0/device:GPU:0 with 10764 MB memory) -> physical GPU (device: 0, name: Tesla K80, pci bus id: 0000:00:10.0, compute capability: 3.7)
Subword Vocab Populated with size 49588 for path /home/zhaos5/projs/wsd/wsd_code/model/../../wsd_data/medline/subvoc.txt.
Finished Populate Data with 383360 samples.
Perplexity:	27.233871 at step 1001 using 0:03:01.058348.
Perplexity:	3.360381 at step 2002 using 0:02:37.963336.
Perplexity:	1.251458 at step 3003 using 0:02:38.132468.
Perplexity:	3.860039 at step 4004 using 0:02:46.773630.
Perplexity:	8.981562 at step 5005 using 0:02:37.549675.
Perplexity:	4.685616 at step 6006 using 0:02:37.793952.
Perplexity:	3.309829 at step 7007 using 0:02:37.156754.
Perplexity:	10.513746 at step 8008 using 0:02:41.372315.
Perplexity:	3.509268 at step 9009 using 0:02:38.610967.
Perplexity:	31.073542 at step 10010 using 0:02:37.484467.
Perplexity:	105.512619 at step 11011 using 0:02:37.346420.
Perplexity:	31.529789 at step 12012 using 0:02:42.041988.
Perplexity:	5.616208 at step 13013 using 0:02:38.233744.
Perplexity:	42.302143 at step 14014 using 0:02:38.182961.
Perplexity:	2.789258 at step 15015 using 0:02:37.631692.
Perplexity:	15.129174 at step 16016 using 0:02:41.743945.
Perplexity:	53.618122 at step 17017 using 0:02:37.864595.
Perplexity:	9.619498 at step 18018 using 0:02:37.052601.
Perplexity:	233.727722 at step 19019 using 0:02:41.144079.
Perplexity:	23.412643 at step 20020 using 0:02:38.280341.
Perplexity:	1.974150 at step 21021 using 0:02:38.239869.
Perplexity:	3.017298 at step 22022 using 0:02:37.832949.
Perplexity:	3.170808 at step 23023 using 0:02:40.931801.
Perplexity:	10.787588 at step 24024 using 0:02:37.678447.
Perplexity:	11.136102 at step 25025 using 0:02:37.704716.
Perplexity:	6.615616 at step 26026 using 0:02:38.100961.
Perplexity:	70.858162 at step 27027 using 0:02:40.460067.
Perplexity:	8.256419 at step 28028 using 0:02:37.352713.
Perplexity:	1.645869 at step 29029 using 0:02:41.941222.
Perplexity:	1.367318 at step 30030 using 0:02:36.706572.
Perplexity:	8.259210 at step 31031 using 0:02:41.712838.
Perplexity:	2.046888 at step 32032 using 0:02:37.869380.
Perplexity:	2.655969 at step 33033 using 0:02:37.057865.
Perplexity:	315.679932 at step 34034 using 0:02:41.221211.
Perplexity:	19.658541 at step 35035 using 0:02:37.727014.
Perplexity:	3.301379 at step 36036 using 0:02:35.856254.
Perplexity:	9.394134 at step 37037 using 0:02:37.362650.
Perplexity:	2.952730 at step 38038 using 0:02:40.710917.
Perplexity:	4.470680 at step 39039 using 0:02:37.051523.
Perplexity:	4.477148 at step 40040 using 0:02:37.181176.
Perplexity:	4.514161 at step 41041 using 0:02:36.022075.
Perplexity:	3.019756 at step 42042 using 0:02:40.334579.
Perplexity:	95.055099 at step 43043 using 0:02:35.992198.
Perplexity:	5.933954 at step 44044 using 0:02:35.388044.
Perplexity:	5.843364 at step 45045 using 0:02:36.085104.
Perplexity:	2.811454 at step 46046 using 0:02:39.573514.
Perplexity:	17.115372 at step 47047 using 0:02:36.314438.
Perplexity:	1.138961 at step 48048 using 0:02:35.737504.
Perplexity:	32.087929 at step 49049 using 0:02:36.535949.
Perplexity:	2.980103 at step 50050 using 0:02:40.141110.
Perplexity:	7.930205 at step 51051 using 0:02:37.170893.
Perplexity:	86.897957 at step 52052 using 0:02:36.276891.
Perplexity:	5.385916 at step 53053 using 0:02:35.129226.
Perplexity:	2.467990 at step 54054 using 0:02:38.323490.
Perplexity:	30.896446 at step 55055 using 0:02:38.458571.
Perplexity:	9.399134 at step 56056 using 0:02:36.468168.
Perplexity:	8.981715 at step 57057 using 0:02:39.303948.
Perplexity:	1.035217 at step 58058 using 0:02:35.559368.
Perplexity:	1.316433 at step 59059 using 0:02:34.883876.
Perplexity:	5.441683 at step 60060 using 0:02:35.427290.
Perplexity:	77.436569 at step 61061 using 0:02:39.910307.
Perplexity:	39.224564 at step 62062 using 0:02:35.721451.
Perplexity:	19.752861 at step 63063 using 0:02:35.987862.
Perplexity:	2.912574 at step 64064 using 0:02:35.698686.
Perplexity:	4.545938 at step 65065 using 0:02:38.335000.
Perplexity:	1.018257 at step 66066 using 0:02:34.234418.
Perplexity:	25.822432 at step 67067 using 0:02:34.952951.
Perplexity:	5.272231 at step 68068 using 0:02:35.859425.
Perplexity:	3.584377 at step 69069 using 0:02:39.693355.
Perplexity:	16.841444 at step 70070 using 0:02:35.616988.
Perplexity:	1.476740 at step 71071 using 0:02:34.880925.
Perplexity:	3.296205 at step 72072 using 0:02:35.370842.
Perplexity:	20.495987 at step 73073 using 0:02:39.478702.
Perplexity:	11.626934 at step 74074 using 0:02:35.758005.
Perplexity:	1.168538 at step 75075 using 0:02:36.281506.
Perplexity:	109.037971 at step 76076 using 0:02:35.519605.
Perplexity:	8.305293 at step 77077 using 0:02:39.524609.
Perplexity:	10.065822 at step 78078 using 0:02:34.660873.
Perplexity:	17.426731 at step 79079 using 0:02:35.318432.
Perplexity:	3.003702 at step 80080 using 0:02:42.315354.
Perplexity:	12.609501 at step 81081 using 0:02:35.060341.
Perplexity:	67.173050 at step 82082 using 0:02:35.489516.
Perplexity:	6.229055 at step 83083 using 0:02:35.306751.
Perplexity:	10.719590 at step 84084 using 0:02:39.557438.
Perplexity:	2.066253 at step 85085 using 0:02:35.069578.
Perplexity:	13.400987 at step 86086 using 0:02:35.364072.
Perplexity:	7.612612 at step 87087 using 0:02:34.539414.
Perplexity:	3.995189 at step 88088 using 0:02:38.302880.
Perplexity:	5.574654 at step 89089 using 0:02:35.168393.
Perplexity:	16.740248 at step 90090 using 0:02:34.493864.
Perplexity:	14.128641 at step 91091 using 0:02:34.148787.
Perplexity:	2.695688 at step 92092 using 0:02:39.791446.
Perplexity:	6.545673 at step 93093 using 0:02:35.381617.
Perplexity:	22.761126 at step 94094 using 0:02:36.101317.
Perplexity:	10.693609 at step 95095 using 0:02:34.911176.
Perplexity:	11.778889 at step 96096 using 0:02:39.284916.
Perplexity:	6.017103 at step 97097 using 0:02:35.603957.
Perplexity:	13.538651 at step 98098 using 0:02:35.289432.
Perplexity:	2.521030 at step 99099 using 0:02:35.988134.
Perplexity:	2.882040 at step 100100 using 0:02:39.642912.
Perplexity:	1.848963 at step 101101 using 0:02:34.549370.
Perplexity:	4.338364 at step 102102 using 0:02:35.724930.
Perplexity:	15.698824 at step 103103 using 0:02:39.565785.
Perplexity:	2.169988 at step 104104 using 0:02:35.428122.
Perplexity:	2.739590 at step 105105 using 0:02:35.638922.
Perplexity:	1.292662 at step 106106 using 0:02:35.027081.
Perplexity:	1.169554 at step 107107 using 0:02:41.968389.
Perplexity:	3.113350 at step 108108 using 0:02:34.858904.
Perplexity:	3.135298 at step 109109 using 0:02:34.938636.
Perplexity:	20.688805 at step 110110 using 0:02:34.423517.
Perplexity:	5.455877 at step 111111 using 0:02:39.015690.
Perplexity:	3.838350 at step 112112 using 0:02:34.773014.
Perplexity:	39.419415 at step 113113 using 0:02:35.223283.
Perplexity:	3.708465 at step 114114 using 0:02:35.746205.
Perplexity:	2.983741 at step 115115 using 0:02:39.338459.
Perplexity:	2.378296 at step 116116 using 0:02:35.445535.
Perplexity:	36.802021 at step 117117 using 0:02:35.113501.
Perplexity:	6.806767 at step 118118 using 0:02:35.232226.
Perplexity:	1.839482 at step 119119 using 0:02:39.542808.
Perplexity:	3.342516 at step 120120 using 0:02:35.413752.
Perplexity:	1.303220 at step 121121 using 0:02:34.851977.
Perplexity:	5.472446 at step 122122 using 0:02:34.959758.
Perplexity:	1.751345 at step 123123 using 0:02:38.304372.
Perplexity:	14.748781 at step 124124 using 0:02:34.947062.
Perplexity:	1.582213 at step 125125 using 0:02:35.482187.
Perplexity:	4.442095 at step 126126 using 0:02:38.745126.
Perplexity:	7.307993 at step 127127 using 0:02:34.700753.
Perplexity:	4.719377 at step 128128 using 0:02:34.496662.
Perplexity:	5.253586 at step 129129 using 0:02:34.774941.
Perplexity:	8.187046 at step 130130 using 0:02:39.422021.
Perplexity:	1.332953 at step 131131 using 0:02:34.544409.
Perplexity:	3.225798 at step 132132 using 0:02:35.739883.
Perplexity:	9.820390 at step 133133 using 0:02:38.833572.
Perplexity:	6.748333 at step 134134 using 0:02:39.578655.
Perplexity:	7.890231 at step 135135 using 0:02:35.351079.
Perplexity:	29.909536 at step 136136 using 0:02:35.419154.
Perplexity:	4.820301 at step 137137 using 0:02:35.493072.
Perplexity:	3.447533 at step 138138 using 0:02:38.728512.
Perplexity:	13.451316 at step 139139 using 0:02:34.914291.
Perplexity:	4.313984 at step 140140 using 0:02:35.840334.
Perplexity:	2.343271 at step 141141 using 0:02:34.703591.
Perplexity:	2.030023 at step 142142 using 0:02:38.293227.
Perplexity:	8.852490 at step 143143 using 0:02:35.763622.
Perplexity:	2.718169 at step 144144 using 0:02:34.602433.
Perplexity:	17.111708 at step 145145 using 0:02:34.291767.
Perplexity:	2.677145 at step 146146 using 0:02:39.053093.
Perplexity:	5.677862 at step 147147 using 0:02:34.625929.
Perplexity:	34.813225 at step 148148 using 0:02:34.751553.
Perplexity:	2.793069 at step 149149 using 0:02:35.452497.
Perplexity:	2.008254 at step 150150 using 0:02:39.298992.
Perplexity:	4.877008 at step 151151 using 0:02:35.435371.
Perplexity:	3.546613 at step 152152 using 0:02:35.341134.
Perplexity:	1.938320 at step 153153 using 0:02:38.779093.
Perplexity:	1.452027 at step 154154 using 0:02:34.973180.
Perplexity:	7.613701 at step 155155 using 0:02:35.547949.
Perplexity:	2.690795 at step 156156 using 0:02:35.383064.
Perplexity:	42.823235 at step 157157 using 0:02:39.118627.
Perplexity:	4.030211 at step 158158 using 0:02:38.678861.
Perplexity:	4.268394 at step 159159 using 0:02:35.059951.
Perplexity:	11.245872 at step 160160 using 0:02:35.640108.
Perplexity:	7.269126 at step 161161 using 0:02:38.172294.
Perplexity:	2.524773 at step 162162 using 0:02:35.795782.
Perplexity:	4.462825 at step 163163 using 0:02:35.124477.
Perplexity:	8.259040 at step 164164 using 0:02:35.874756.
Perplexity:	3.113186 at step 165165 using 0:02:39.087561.
Perplexity:	2.373731 at step 166166 using 0:02:35.296033.
Perplexity:	6.388369 at step 167167 using 0:02:35.842554.
Perplexity:	12.101542 at step 168168 using 0:02:34.848867.
Perplexity:	3.248345 at step 169169 using 0:02:39.257887.
Perplexity:	4.789337 at step 170170 using 0:02:35.457095.
Perplexity:	16.203627 at step 171171 using 0:02:35.424378.
Perplexity:	5.289946 at step 172172 using 0:02:34.883737.
Perplexity:	49.509445 at step 173173 using 0:02:39.059542.
Perplexity:	8.834311 at step 174174 using 0:02:34.264508.
Perplexity:	17.639561 at step 175175 using 0:02:34.877591.
Perplexity:	9.084494 at step 176176 using 0:02:38.100460.
Perplexity:	7.696136 at step 177177 using 0:02:33.436234.
Perplexity:	2.908109 at step 178178 using 0:02:35.201323.
Perplexity:	5.164079 at step 179179 using 0:02:34.746314.
Perplexity:	13.033231 at step 180180 using 0:02:39.518726.
Perplexity:	1.820825 at step 181181 using 0:02:35.433559.
Perplexity:	1.829384 at step 182182 using 0:02:34.679146.
Perplexity:	29.372791 at step 183183 using 0:02:35.014874.
Perplexity:	1.256866 at step 184184 using 0:02:42.465930.
Perplexity:	2.979970 at step 185185 using 0:02:35.300012.
Perplexity:	5.688040 at step 186186 using 0:02:34.980298.
Perplexity:	6.468226 at step 187187 using 0:02:35.136210.
Perplexity:	129.324188 at step 188188 using 0:02:38.555840.
Perplexity:	2.179120 at step 189189 using 0:02:35.132696.
Perplexity:	3.805670 at step 190190 using 0:02:35.145528.
Perplexity:	2.137587 at step 191191 using 0:02:35.363981.
Perplexity:	6.130175 at step 192192 using 0:02:38.846223.
Perplexity:	2.320606 at step 193193 using 0:02:34.268993.
Perplexity:	2.029608 at step 194194 using 0:02:35.115876.
Perplexity:	3.915803 at step 195195 using 0:02:35.124533.
Perplexity:	12.497506 at step 196196 using 0:02:38.150106.
Perplexity:	2.919595 at step 197197 using 0:02:34.304327.
Perplexity:	2.870564 at step 198198 using 0:02:34.446063.
Perplexity:	39.911694 at step 199199 using 0:02:34.967974.
Perplexity:	6.424521 at step 200200 using 0:02:39.264066.
Perplexity:	9.060604 at step 201201 using 0:02:35.441208.
Perplexity:	9.508823 at step 202202 using 0:02:35.548515.
Perplexity:	1.923438 at step 203203 using 0:02:39.440104.
Perplexity:	7.964721 at step 204204 using 0:02:35.092512.
Perplexity:	11.151841 at step 205205 using 0:02:35.561812.
Perplexity:	53.835960 at step 206206 using 0:02:35.056669.
Perplexity:	3.576160 at step 207207 using 0:02:38.652699.
Perplexity:	4.782023 at step 208208 using 0:02:35.370102.
Perplexity:	4.583848 at step 209209 using 0:02:34.712200.
Perplexity:	8.013508 at step 210210 using 0:02:35.409658.
Perplexity:	9.307698 at step 211211 using 0:02:41.509570.
Perplexity:	6.878969 at step 212212 using 0:02:35.134376.
Perplexity:	1.451206 at step 213213 using 0:02:35.257957.
Perplexity:	3.167156 at step 214214 using 0:02:34.882247.
Perplexity:	8.021281 at step 215215 using 0:02:38.392390.
Perplexity:	5.609180 at step 216216 using 0:02:35.477647.
Perplexity:	5.497561 at step 217217 using 0:02:35.206816.
Perplexity:	40.517418 at step 218218 using 0:02:34.518746.
Perplexity:	26.519806 at step 219219 using 0:02:39.161317.
Perplexity:	2.581708 at step 220220 using 0:02:35.130822.
Perplexity:	8.067454 at step 221221 using 0:02:34.923424.
Perplexity:	14.794995 at step 222222 using 0:02:35.362424.
Perplexity:	3.171058 at step 223223 using 0:02:38.644120.
Perplexity:	1.042973 at step 224224 using 0:02:35.278891.
Perplexity:	5.520348 at step 225225 using 0:02:35.438325.
Perplexity:	22.980898 at step 226226 using 0:02:39.751504.
Perplexity:	2.000029 at step 227227 using 0:02:35.613409.
Perplexity:	5.693969 at step 228228 using 0:02:34.971841.
Perplexity:	7.192250 at step 229229 using 0:02:35.625252.
Perplexity:	22.538374 at step 230230 using 0:02:38.745156.
Perplexity:	9.617649 at step 231231 using 0:02:35.365959.
Perplexity:	1.361046 at step 232232 using 0:02:35.629085.
Perplexity:	14.117124 at step 233233 using 0:02:35.251421.
Perplexity:	4.082965 at step 234234 using 0:02:38.910828.
Perplexity:	18.710663 at step 235235 using 0:02:35.430410.
Perplexity:	12.591016 at step 236236 using 0:02:39.913615.
Perplexity:	5.416831 at step 237237 using 0:02:35.559060.
Perplexity:	1.754467 at step 238238 using 0:02:38.658144.
Perplexity:	8.576475 at step 239239 using 0:02:35.374654.
Perplexity:	1.770027 at step 240240 using 0:02:34.450952.
Perplexity:	3.217927 at step 241241 using 0:02:34.538935.
Perplexity:	1.818070 at step 242242 using 0:02:39.628359.
Perplexity:	2.086076 at step 243243 using 0:02:35.092900.
Perplexity:	2.196508 at step 244244 using 0:02:35.444226.
Perplexity:	3.176851 at step 245245 using 0:02:35.549448.
Perplexity:	2.278491 at step 246246 using 0:02:38.716025.
Perplexity:	2.143238 at step 247247 using 0:02:35.372335.
Perplexity:	6.401051 at step 248248 using 0:02:35.831914.
Perplexity:	9.720506 at step 249249 using 0:02:38.865218.
Perplexity:	1.933379 at step 250250 using 0:02:34.969629.
Perplexity:	3.312445 at step 251251 using 0:02:35.684791.
Perplexity:	2.917296 at step 252252 using 0:02:35.506998.
Perplexity:	1.399425 at step 253253 using 0:02:38.612469.
Perplexity:	4.783523 at step 254254 using 0:02:35.057888.
Perplexity:	1.952590 at step 255255 using 0:02:35.067888.
Perplexity:	9.971762 at step 256256 using 0:02:35.321915.
Perplexity:	6.854441 at step 257257 using 0:02:39.118543.
Perplexity:	10.442245 at step 258258 using 0:02:35.208465.
Perplexity:	8.634193 at step 259259 using 0:02:35.740168.
Perplexity:	16.504688 at step 260260 using 0:02:34.974607.
Perplexity:	1.041753 at step 261261 using 0:02:38.791298.
Perplexity:	1.328267 at step 262262 using 0:02:38.763963.
Perplexity:	3.125173 at step 263263 using 0:02:35.000620.
Perplexity:	3.875106 at step 264264 using 0:02:35.229969.
Perplexity:	5.411640 at step 265265 using 0:02:38.174864.
Perplexity:	8.001169 at step 266266 using 0:02:35.737102.
Perplexity:	2.470088 at step 267267 using 0:02:35.737801.
Perplexity:	1.576525 at step 268268 using 0:02:35.816153.
Perplexity:	25.935863 at step 269269 using 0:02:38.712244.
Perplexity:	22.629166 at step 270270 using 0:02:34.371650.
Perplexity:	6.825804 at step 271271 using 0:02:35.517301.
Perplexity:	174.565598 at step 272272 using 0:02:39.715543.
Perplexity:	13.825823 at step 273273 using 0:02:34.953504.
Perplexity:	3.661414 at step 274274 using 0:02:35.173095.
Perplexity:	1.298285 at step 275275 using 0:02:35.668083.
Perplexity:	7.359751 at step 276276 using 0:02:39.495643.
Perplexity:	69.610550 at step 277277 using 0:02:36.109685.
Perplexity:	1.239740 at step 278278 using 0:02:34.698298.
Perplexity:	8.641844 at step 279279 using 0:02:35.087011.
Perplexity:	2.405942 at step 280280 using 0:02:38.760248.
Perplexity:	3.507261 at step 281281 using 0:02:35.660935.
Perplexity:	1.271961 at step 282282 using 0:02:35.783576.
Perplexity:	1.059827 at step 283283 using 0:02:35.498266.
Perplexity:	6.134705 at step 284284 using 0:02:38.695097.
Perplexity:	2.445221 at step 285285 using 0:02:35.707885.
Perplexity:	2.251004 at step 286286 using 0:02:35.473806.
Perplexity:	1.018387 at step 287287 using 0:02:35.023986.
Perplexity:	3.355273 at step 288288 using 0:02:42.104403.
Perplexity:	1.497417 at step 289289 using 0:02:35.034517.
Perplexity:	2.087086 at step 290290 using 0:02:35.940904.
Perplexity:	4.194058 at step 291291 using 0:02:35.266941.
Perplexity:	10.675696 at step 292292 using 0:02:38.872420.
Perplexity:	9.613683 at step 293293 using 0:02:36.371475.
Perplexity:	2.199152 at step 294294 using 0:02:35.199224.
Perplexity:	2.346150 at step 295295 using 0:02:35.614095.
Perplexity:	5.195680 at step 296296 using 0:02:39.720772.
Perplexity:	2.621544 at step 297297 using 0:02:35.300111.
Perplexity:	5.982779 at step 298298 using 0:02:35.227038.
Perplexity:	3.775354 at step 299299 using 0:02:38.832672.
Perplexity:	3.214018 at step 300300 using 0:02:35.882735.
Perplexity:	1.995826 at step 301301 using 0:02:34.888491.
Perplexity:	2.610387 at step 302302 using 0:02:35.672153.
Perplexity:	1.518898 at step 303303 using 0:02:38.681084.
Perplexity:	1.491916 at step 304304 using 0:02:35.435855.
Perplexity:	2.606984 at step 305305 using 0:02:34.349457.
Perplexity:	5.573554 at step 306306 using 0:02:35.442398.
Perplexity:	1.129699 at step 307307 using 0:02:38.701736.
Perplexity:	52.592876 at step 308308 using 0:02:35.273982.
Perplexity:	11.195943 at step 309309 using 0:02:35.232710.
Perplexity:	3.828423 at step 310310 using 0:02:34.766232.
Perplexity:	7.111965 at step 311311 using 0:02:39.243893.
Perplexity:	12.129037 at step 312312 using 0:02:36.206780.
Perplexity:	17.857746 at step 313313 using 0:02:35.447995.
Perplexity:	10.221318 at step 314314 using 0:02:39.151089.
Perplexity:	1.190784 at step 315315 using 0:02:39.491425.
Perplexity:	1.039162 at step 316316 using 0:02:35.343125.
Perplexity:	6.696012 at step 317317 using 0:02:35.304439.
Perplexity:	3.883489 at step 318318 using 0:02:35.430186.
Perplexity:	22.365835 at step 319319 using 0:02:38.719579.
Perplexity:	2.868427 at step 320320 using 0:02:35.279116.
Perplexity:	71.753784 at step 321321 using 0:02:35.290360.
Perplexity:	2.819808 at step 322322 using 0:02:39.580050.
Perplexity:	6.769895 at step 323323 using 0:02:34.892599.
Perplexity:	21.623915 at step 324324 using 0:02:34.789263.
Perplexity:	44.570095 at step 325325 using 0:02:35.890703.
Perplexity:	2.695920 at step 326326 using 0:02:38.855107.
Perplexity:	13.871298 at step 327327 using 0:02:35.114922.
Perplexity:	4.406312 at step 328328 using 0:02:35.720401.
Perplexity:	8.933141 at step 329329 using 0:02:35.568157.
Perplexity:	9.741416 at step 330330 using 0:02:38.454948.
Perplexity:	60.466496 at step 331331 using 0:02:36.261829.
Perplexity:	36.509888 at step 332332 using 0:02:35.115440.
Perplexity:	5.405821 at step 333333 using 0:02:34.785422.
Perplexity:	26.937355 at step 334334 using 0:02:39.660199.
Perplexity:	12.475304 at step 335335 using 0:02:35.642061.
Perplexity:	1.800571 at step 336336 using 0:02:35.680742.
Perplexity:	11.071411 at step 337337 using 0:02:35.227382.
Perplexity:	7.459486 at step 338338 using 0:02:38.410752.
Perplexity:	1.092068 at step 339339 using 0:02:35.994460.
Perplexity:	16.061607 at step 340340 using 0:02:39.179961.
Perplexity:	6.274548 at step 341341 using 0:02:34.726478.
Perplexity:	6.734138 at step 342342 using 0:02:39.310368.
Perplexity:	12.490893 at step 343343 using 0:02:35.617256.
Perplexity:	12.821808 at step 344344 using 0:02:35.657695.
Perplexity:	75.437012 at step 345345 using 0:02:39.161838.
Perplexity:	12.515023 at step 346346 using 0:02:35.633156.
Perplexity:	10.434009 at step 347347 using 0:02:34.874915.
Perplexity:	1.330597 at step 348348 using 0:02:35.530309.
Perplexity:	9.701286 at step 349349 using 0:02:39.041335.
Perplexity:	2.219927 at step 350350 using 0:02:34.891460.
Perplexity:	1.219833 at step 351351 using 0:02:35.210684.
Perplexity:	2.319067 at step 352352 using 0:02:35.963708.
Perplexity:	4.482227 at step 353353 using 0:02:38.939234.
Perplexity:	20.406437 at step 354354 using 0:02:35.441909.
Perplexity:	3.806940 at step 355355 using 0:02:35.903237.
Perplexity:	2.496415 at step 356356 using 0:02:35.498239.
Perplexity:	5.379790 at step 357357 using 0:02:39.869558.
Perplexity:	2.468507 at step 358358 using 0:02:35.176046.
Perplexity:	1.943410 at step 359359 using 0:02:35.313923.
Perplexity:	12.078329 at step 360360 using 0:02:35.631726.
Perplexity:	4.190389 at step 361361 using 0:02:38.428170.
Perplexity:	3.368288 at step 362362 using 0:02:35.428149.
Perplexity:	1.837345 at step 363363 using 0:02:35.524619.
Perplexity:	1.970788 at step 364364 using 0:02:35.701401.
Perplexity:	1.169292 at step 365365 using 0:02:38.479913.
Perplexity:	45.055527 at step 366366 using 0:02:39.245404.
Perplexity:	1.374599 at step 367367 using 0:02:35.652048.
Perplexity:	5.910025 at step 368368 using 0:02:38.506956.
Perplexity:	1.058620 at step 369369 using 0:02:35.596785.
Perplexity:	1.133033 at step 370370 using 0:02:35.183588.
Perplexity:	3.981624 at step 371371 using 0:02:35.663372.
Perplexity:	2.246876 at step 372372 using 0:02:39.372246.
Perplexity:	2.198635 at step 373373 using 0:02:34.724583.
Perplexity:	1.053725 at step 374374 using 0:02:34.921006.
Perplexity:	2.734595 at step 375375 using 0:02:35.718404.
Perplexity:	68.313843 at step 376376 using 0:02:39.847192.
Perplexity:	1.860276 at step 377377 using 0:02:35.528910.
Perplexity:	1.603637 at step 378378 using 0:02:36.321388.
Perplexity:	3.696835 at step 379379 using 0:02:35.323599.
Perplexity:	1.497656 at step 380380 using 0:02:38.831767.
Perplexity:	1.486333 at step 381381 using 0:02:35.737480.
Perplexity:	1.000047 at step 382382 using 0:02:35.350272.
Perplexity:	4.593109 at step 383383 using 0:02:35.243739.
Perplexity:	3.445351 at step 384384 using 0:02:38.593773.
Perplexity:	2.789436 at step 385385 using 0:02:34.784098.
Perplexity:	1.222287 at step 386386 using 0:02:35.273711.
Perplexity:	2.680001 at step 387387 using 0:02:35.392286.
Perplexity:	5.178044 at step 388388 using 0:02:39.392466.
Perplexity:	2.993176 at step 389389 using 0:02:35.733609.
Perplexity:	19.859842 at step 390390 using 0:02:35.687054.
Perplexity:	4.236938 at step 391391 using 0:02:41.816044.
Perplexity:	1.121275 at step 392392 using 0:02:35.927925.
Perplexity:	3.725891 at step 393393 using 0:02:35.090486.
Perplexity:	18.188898 at step 394394 using 0:02:35.007981.
Perplexity:	5.930314 at step 395395 using 0:02:38.787099.
Perplexity:	9.405089 at step 396396 using 0:02:36.138554.
Perplexity:	28.751507 at step 397397 using 0:02:36.120762.
Perplexity:	8.288652 at step 398398 using 0:02:35.564683.
Perplexity:	4.445197 at step 399399 using 0:02:39.219301.
Perplexity:	6.430591 at step 400400 using 0:02:35.570587.
Perplexity:	1.633992 at step 401401 using 0:02:34.716273.
Perplexity:	2.568915 at step 402402 using 0:02:35.750143.
Perplexity:	1.410152 at step 403403 using 0:02:38.776654.
Perplexity:	3.542234 at step 404404 using 0:02:35.692616.
Perplexity:	5.745894 at step 405405 using 0:02:35.744027.
Perplexity:	7.490150 at step 406406 using 0:02:34.998748.
Perplexity:	30.015226 at step 407407 using 0:02:39.714025.
Perplexity:	4.436701 at step 408408 using 0:02:34.793438.
Perplexity:	1.175565 at step 409409 using 0:02:34.557198.
Perplexity:	1.099410 at step 410410 using 0:02:35.536312.
Perplexity:	7.550070 at step 411411 using 0:02:39.262315.
Perplexity:	4.510020 at step 412412 using 0:02:34.715044.
Perplexity:	3.816612 at step 413413 using 0:02:35.529581.
Perplexity:	2.262112 at step 414414 using 0:02:39.475516.
Perplexity:	24.149057 at step 415415 using 0:02:35.488819.
Perplexity:	2.299844 at step 416416 using 0:02:35.250435.
Perplexity:	4.526198 at step 417417 using 0:02:34.981335.
Perplexity:	1.341916 at step 418418 using 0:02:42.558646.
Perplexity:	14.035523 at step 419419 using 0:02:35.233308.
Perplexity:	8.199168 at step 420420 using 0:02:34.916907.
Perplexity:	2.393961 at step 421421 using 0:02:35.294479.
Perplexity:	5.749987 at step 422422 using 0:02:39.117609.
Perplexity:	10.571303 at step 423423 using 0:02:35.349489.
Perplexity:	1.844087 at step 424424 using 0:02:35.568491.
Perplexity:	2.899690 at step 425425 using 0:02:35.107938.
Perplexity:	3.485659 at step 426426 using 0:02:40.025154.
Perplexity:	4.410625 at step 427427 using 0:02:35.455894.
Perplexity:	29.736782 at step 428428 using 0:02:35.468538.
Perplexity:	1.427077 at step 429429 using 0:02:35.613307.
Perplexity:	1.243799 at step 430430 using 0:02:39.139647.
Perplexity:	7.674209 at step 431431 using 0:02:35.826534.
Perplexity:	4.874283 at step 432432 using 0:02:35.192141.
Perplexity:	3.035073 at step 433433 using 0:02:35.018274.
Perplexity:	6.925239 at step 434434 using 0:02:39.768345.
Perplexity:	3.295803 at step 435435 using 0:02:35.869356.
Perplexity:	4.503095 at step 436436 using 0:02:35.433534.
Perplexity:	10.971229 at step 437437 using 0:02:39.057775.
Perplexity:	72.430710 at step 438438 using 0:02:35.229870.
Perplexity:	1.948976 at step 439439 using 0:02:35.378858.
Perplexity:	3.251709 at step 440440 using 0:02:35.125684.
Perplexity:	1.068147 at step 441441 using 0:02:39.408173.
Perplexity:	3.311252 at step 442442 using 0:02:35.868784.
Perplexity:	10.991121 at step 443443 using 0:02:35.615156.
Perplexity:	15.670467 at step 444444 using 0:02:38.429250.
Perplexity:	2.428574 at step 445445 using 0:02:39.515735.
Perplexity:	1.060945 at step 446446 using 0:02:35.824048.
Perplexity:	3.778212 at step 447447 using 0:02:35.459799.
Perplexity:	1.530198 at step 448448 using 0:02:35.382762.
Perplexity:	18.833654 at step 449449 using 0:02:39.206303.
Perplexity:	3.239648 at step 450450 using 0:02:35.131922.
Perplexity:	5.678470 at step 451451 using 0:02:35.579149.
Perplexity:	2.313182 at step 452452 using 0:02:36.013473.
Perplexity:	2.692843 at step 453453 using 0:02:39.033559.
Perplexity:	6.464097 at step 454454 using 0:02:34.377986.
Perplexity:	5.659680 at step 455455 using 0:02:35.455160.
Perplexity:	3.946006 at step 456456 using 0:02:35.399767.
Perplexity:	1.532553 at step 457457 using 0:02:39.626776.
Perplexity:	4.817572 at step 458458 using 0:02:35.188375.
Perplexity:	1.311745 at step 459459 using 0:02:34.822814.
Perplexity:	7.804698 at step 460460 using 0:02:35.062770.
Perplexity:	1.167748 at step 461461 using 0:02:39.726531.
Perplexity:	6.271772 at step 462462 using 0:02:34.107927.
Perplexity:	3.035532 at step 463463 using 0:02:35.635039.
Perplexity:	3.761452 at step 464464 using 0:02:38.856984.
Perplexity:	1.037660 at step 465465 using 0:02:34.803266.
Perplexity:	3.871317 at step 466466 using 0:02:34.350260.
Perplexity:	12.113831 at step 467467 using 0:02:35.072880.
Perplexity:	2.756110 at step 468468 using 0:02:39.336427.
Perplexity:	1.956712 at step 469469 using 0:02:38.523437.
Perplexity:	4.214920 at step 470470 using 0:02:34.738047.
Perplexity:	1.238227 at step 471471 using 0:02:35.400102.
Perplexity:	2.005006 at step 472472 using 0:02:38.185820.
Perplexity:	1.263558 at step 473473 using 0:02:35.167837.
Perplexity:	3.109628 at step 474474 using 0:02:35.659586.
Perplexity:	7.667655 at step 475475 using 0:02:35.246681.
Perplexity:	1.507383 at step 476476 using 0:02:39.057110.
Perplexity:	5.230880 at step 477477 using 0:02:35.381948.
Perplexity:	1.628416 at step 478478 using 0:02:35.451499.
Perplexity:	4.345970 at step 479479 using 0:02:35.848641.
Perplexity:	5.437961 at step 480480 using 0:02:39.397381.
Perplexity:	15.065213 at step 481481 using 0:02:35.827993.
Perplexity:	5.977555 at step 482482 using 0:02:35.055062.
Perplexity:	27.341225 at step 483483 using 0:02:35.222308.
Perplexity:	2.703123 at step 484484 using 0:02:39.118465.
Perplexity:	2.561585 at step 485485 using 0:02:35.353005.
Perplexity:	22.764795 at step 486486 using 0:02:35.530384.
Perplexity:	4.537927 at step 487487 using 0:02:39.616003.
Perplexity:	3.701120 at step 488488 using 0:02:35.111974.
Perplexity:	2.621830 at step 489489 using 0:02:35.429969.
Perplexity:	7.935751 at step 490490 using 0:02:35.158198.
Perplexity:	4.653689 at step 491491 using 0:02:39.670621.
Perplexity:	7.992615 at step 492492 using 0:02:35.423669.
Perplexity:	2.121850 at step 493493 using 0:02:35.427227.
Perplexity:	1.136326 at step 494494 using 0:02:35.112752.
Perplexity:	3.439184 at step 495495 using 0:02:42.456500.
Perplexity:	1.044611 at step 496496 using 0:02:34.439890.
Perplexity:	3.320871 at step 497497 using 0:02:34.340026.
Perplexity:	1.978140 at step 498498 using 0:02:35.609563.
Perplexity:	1.912618 at step 499499 using 0:02:38.964399.
Perplexity:	3.411302 at step 500500 using 0:02:35.364870.
Perplexity:	3.138202 at step 501501 using 0:02:34.841656.
Perplexity:	1.173231 at step 502502 using 0:02:35.260556.
Perplexity:	7.864167 at step 503503 using 0:02:39.277663.
Perplexity:	6.943660 at step 504504 using 0:02:35.070744.
Perplexity:	6.303076 at step 505505 using 0:02:35.806666.
Perplexity:	1.053831 at step 506506 using 0:02:34.969524.
Perplexity:	13.509413 at step 507507 using 0:02:38.715990.
Perplexity:	1.321691 at step 508508 using 0:02:34.893140.
Perplexity:	11.866961 at step 509509 using 0:02:35.276896.
Perplexity:	4.221710 at step 510510 using 0:02:39.768486.
Perplexity:	13.035418 at step 511511 using 0:02:35.829678.
Perplexity:	4.744778 at step 512512 using 0:02:35.019141.
Perplexity:	1.108301 at step 513513 using 0:02:35.039838.
Perplexity:	3.018510 at step 514514 using 0:02:39.583619.
Perplexity:	1.646613 at step 515515 using 0:02:35.023922.
Perplexity:	2.892752 at step 516516 using 0:02:35.607373.
Perplexity:	4.105527 at step 517517 using 0:02:35.321585.
Perplexity:	1.047384 at step 518518 using 0:02:38.149597.
Perplexity:	3.306422 at step 519519 using 0:02:34.890279.
Perplexity:	3.785454 at step 520520 using 0:02:35.141987.
Perplexity:	2.539834 at step 521521 using 0:02:35.603073.
Perplexity:	1.385958 at step 522522 using 0:02:42.265002.
Perplexity:	4.196138 at step 523523 using 0:02:34.594082.
Perplexity:	5.039716 at step 524524 using 0:02:35.509853.
Perplexity:	1.677543 at step 525525 using 0:02:35.675327.
Perplexity:	3.987184 at step 526526 using 0:02:39.289490.
Perplexity:	10.127418 at step 527527 using 0:02:35.534943.
Perplexity:	4.571539 at step 528528 using 0:02:35.240389.
Perplexity:	3.005483 at step 529529 using 0:02:35.408560.
Perplexity:	11.217692 at step 530530 using 0:02:38.779714.
Perplexity:	1.905895 at step 531531 using 0:02:35.348594.
Perplexity:	4.771955 at step 532532 using 0:02:34.665837.
Perplexity:	14.804543 at step 533539 using 0:02:39.324478.
Perplexity:	6.838536 at step 534541 using 0:02:36.197955.
Perplexity:	2.040053 at step 535542 using 0:02:35.064992.
Perplexity:	15.673441 at step 536543 using 0:02:34.589503.
Perplexity:	2.762461 at step 537544 using 0:02:38.688538.
Perplexity:	6.800305 at step 538545 using 0:02:35.036584.
Perplexity:	40.354931 at step 539546 using 0:02:35.154621.
Perplexity:	1.411777 at step 540547 using 0:02:34.622006.
Perplexity:	11.399481 at step 541548 using 0:02:38.832322.
Perplexity:	4.908330 at step 542549 using 0:02:35.797732.
Perplexity:	3.939443 at step 543550 using 0:02:35.134620.
Perplexity:	78.451958 at step 544551 using 0:02:35.344593.
Perplexity:	2.823125 at step 545552 using 0:02:38.976398.
Perplexity:	7.268397 at step 546553 using 0:02:34.756455.
Perplexity:	7.628588 at step 547554 using 0:02:39.324023.
Perplexity:	1.132926 at step 548555 using 0:02:35.405892.
Perplexity:	4.000771 at step 549556 using 0:02:39.154705.
Perplexity:	1.558342 at step 550557 using 0:02:36.181338.
Perplexity:	3.450435 at step 551558 using 0:02:35.414025.
Perplexity:	1.061866 at step 552559 using 0:02:36.090383.
Perplexity:	10.938140 at step 553560 using 0:02:38.708671.
Perplexity:	9.338432 at step 554561 using 0:02:34.597695.
Perplexity:	1.381047 at step 555562 using 0:02:34.862002.
Perplexity:	4.225028 at step 556563 using 0:02:34.837795.
Perplexity:	6.041023 at step 557564 using 0:02:38.512891.
Perplexity:	2.032106 at step 558565 using 0:02:35.150459.
Perplexity:	1.446808 at step 559566 using 0:02:34.351705.
Perplexity:	2.845458 at step 560567 using 0:02:39.429527.
Perplexity:	2.658771 at step 561568 using 0:02:35.508974.
Perplexity:	15.142606 at step 562569 using 0:02:35.496070.
Perplexity:	20.529810 at step 563570 using 0:02:35.109844.
Perplexity:	11.947580 at step 564571 using 0:02:37.343542.
Perplexity:	6.996861 at step 565572 using 0:02:35.044504.
Perplexity:	6.652417 at step 566573 using 0:02:33.693594.
Perplexity:	2.108800 at step 567574 using 0:02:34.334481.
Perplexity:	35.315594 at step 568575 using 0:02:36.988479.
Perplexity:	26.421177 at step 569576 using 0:02:34.333934.
Perplexity:	4.448675 at step 570577 using 0:02:33.388574.
Perplexity:	4.136821 at step 571578 using 0:02:35.064142.
Perplexity:	2.751636 at step 572579 using 0:02:37.948050.
Perplexity:	20.540348 at step 573580 using 0:02:37.160361.
Perplexity:	112.639839 at step 574581 using 0:02:34.186885.
Perplexity:	1.367696 at step 575582 using 0:02:34.086813.
Perplexity:	6.787752 at step 576583 using 0:02:36.575738.
Perplexity:	2.542415 at step 577584 using 0:02:33.827666.
Perplexity:	2.663635 at step 578585 using 0:02:33.698171.
Perplexity:	3.233304 at step 579586 using 0:02:33.865843.
Perplexity:	2.066623 at step 580587 using 0:02:37.293468.
Perplexity:	5.841461 at step 581588 using 0:02:33.880909.
Perplexity:	10.855034 at step 582589 using 0:02:33.935439.
Perplexity:	3.399505 at step 583590 using 0:02:34.182338.
Perplexity:	38.315746 at step 584591 using 0:02:37.454824.
Perplexity:	5.821792 at step 585592 using 0:02:33.191374.
Perplexity:	1.630111 at step 586593 using 0:02:33.964548.
Perplexity:	13.427814 at step 587594 using 0:02:37.969202.
Perplexity:	8.517855 at step 588595 using 0:02:33.821211.
Perplexity:	1.816161 at step 589596 using 0:02:33.874579.
Perplexity:	2.128845 at step 590597 using 0:02:33.939115.
Perplexity:	5.219444 at step 591598 using 0:02:36.654815.
Perplexity:	6.177936 at step 592599 using 0:02:33.810141.
Perplexity:	6.163541 at step 593600 using 0:02:33.391632.
Perplexity:	4.524895 at step 594601 using 0:02:33.441325.
Perplexity:	2.009645 at step 595602 using 0:02:37.224490.
Perplexity:	19.898312 at step 596603 using 0:02:33.663128.
Perplexity:	2.472540 at step 597604 using 0:02:33.402673.
Perplexity:	6.383426 at step 598605 using 0:02:33.372968.
Perplexity:	4.578175 at step 599606 using 0:02:41.178640.
Perplexity:	1.131108 at step 600607 using 0:02:34.134338.
Perplexity:	3.486934 at step 601608 using 0:02:33.473752.
Perplexity:	6.064749 at step 602609 using 0:02:33.718544.
Perplexity:	4.527526 at step 603610 using 0:02:37.764746.
Perplexity:	5.841910 at step 604611 using 0:02:34.081885.
Perplexity:	2.241958 at step 605612 using 0:02:33.505288.
Perplexity:	2.658515 at step 606613 using 0:02:33.677869.
Perplexity:	2.667727 at step 607614 using 0:02:37.714542.
Perplexity:	3.844978 at step 608615 using 0:02:33.339049.
Perplexity:	2.281121 at step 609616 using 0:02:33.924431.
Perplexity:	6.104705 at step 610617 using 0:02:33.776501.
Perplexity:	12.358817 at step 611618 using 0:02:37.081106.
Perplexity:	7.987254 at step 612619 using 0:02:33.898963.
Perplexity:	12.277620 at step 613620 using 0:02:33.859693.
Perplexity:	30.346821 at step 614621 using 0:02:33.067668.
Perplexity:	2.411287 at step 615622 using 0:02:37.156949.
Perplexity:	3.425965 at step 616623 using 0:02:33.268100.
Perplexity:	2.749493 at step 617624 using 0:02:34.044276.
Perplexity:	4.778180 at step 618625 using 0:02:32.944142.
Perplexity:	5.256940 at step 619626 using 0:02:37.032682.
Perplexity:	1.249067 at step 620627 using 0:02:34.074400.
Perplexity:	2.642046 at step 621628 using 0:02:34.493365.
Perplexity:	2.937056 at step 622629 using 0:02:37.308422.
Perplexity:	26.066938 at step 623630 using 0:02:34.587836.
Perplexity:	3.124534 at step 624631 using 0:02:33.852667.
Perplexity:	8.561429 at step 625632 using 0:02:36.912656.
Perplexity:	2.737586 at step 626633 using 0:02:36.889062.
Perplexity:	1.237431 at step 627634 using 0:02:33.747063.
Perplexity:	4.818807 at step 628635 using 0:02:33.734593.
Perplexity:	23.161436 at step 629636 using 0:02:34.084640.
Perplexity:	2.924174 at step 630637 using 0:02:36.811858.
Perplexity:	4.047668 at step 631638 using 0:02:33.890289.
Perplexity:	1.408813 at step 632639 using 0:02:34.190203.
Perplexity:	5.759786 at step 633640 using 0:02:33.322555.
Perplexity:	5.195606 at step 634641 using 0:02:37.126860.
Perplexity:	7.774578 at step 635642 using 0:02:33.710149.
Perplexity:	2.827114 at step 636643 using 0:02:33.712510.
Perplexity:	6.143960 at step 637644 using 0:02:33.694531.
Perplexity:	29.616943 at step 638645 using 0:02:37.150587.
Perplexity:	3.045857 at step 639646 using 0:02:33.925867.
Perplexity:	1.793260 at step 640647 using 0:02:34.401904.
Perplexity:	2.370048 at step 641648 using 0:02:34.018418.
Perplexity:	2.086393 at step 642649 using 0:02:36.732269.
Perplexity:	3.357507 at step 643650 using 0:02:33.673544.
Perplexity:	5.722958 at step 644651 using 0:02:34.894943.
Perplexity:	1.547669 at step 645652 using 0:02:33.644823.
Perplexity:	5.736059 at step 646653 using 0:02:37.457556.
Perplexity:	2.675072 at step 647654 using 0:02:34.105422.
Perplexity:	2.302570 at step 648655 using 0:02:34.110690.
Perplexity:	15.502996 at step 649656 using 0:02:33.977496.
Perplexity:	8.724396 at step 650657 using 0:02:37.637027.
Perplexity:	1.650878 at step 651658 using 0:02:37.107332.
Perplexity:	4.013576 at step 652659 using 0:02:33.496414.
Perplexity:	9.723250 at step 653660 using 0:02:37.261444.
Perplexity:	3.451523 at step 654661 using 0:02:34.256732.
Perplexity:	4.407841 at step 655662 using 0:02:33.158881.
Perplexity:	1.937531 at step 656663 using 0:02:34.005347.
Perplexity:	4.966140 at step 657664 using 0:02:38.295694.
Perplexity:	4.355732 at step 658665 using 0:02:34.091052.
Perplexity:	6.443143 at step 659666 using 0:02:34.134574.
Perplexity:	6.990653 at step 660667 using 0:02:33.673923.
Perplexity:	3.737005 at step 661668 using 0:02:37.545155.
Perplexity:	3.912137 at step 662669 using 0:02:34.126082.
Perplexity:	6.119285 at step 663670 using 0:02:33.763591.
Perplexity:	3.296819 at step 664671 using 0:02:33.670480.
Perplexity:	2.380928 at step 665672 using 0:02:37.262453.
Perplexity:	5.651471 at step 666673 using 0:02:33.977467.
Perplexity:	3.556597 at step 667674 using 0:02:34.420380.
Perplexity:	2.424335 at step 668675 using 0:02:34.065856.
Perplexity:	7.780271 at step 669676 using 0:02:37.287898.
Perplexity:	1.512917 at step 670677 using 0:02:34.160494.
Perplexity:	4.176565 at step 671678 using 0:02:33.733989.
Perplexity:	4.839190 at step 672679 using 0:02:34.116121.
Perplexity:	1.538399 at step 673680 using 0:02:37.361634.
Perplexity:	6.501663 at step 674681 using 0:02:33.296441.
Perplexity:	2.021459 at step 675682 using 0:02:33.774853.
Perplexity:	5.578230 at step 676683 using 0:02:33.478807.
Perplexity:	161.512543 at step 677684 using 0:02:39.988430.
Perplexity:	5.488190 at step 678685 using 0:02:33.432144.
Perplexity:	4.736947 at step 679686 using 0:02:34.268813.
Perplexity:	12.391298 at step 680687 using 0:02:33.888022.
Perplexity:	17.873098 at step 681688 using 0:02:37.548542.
Perplexity:	6.552871 at step 682689 using 0:02:34.315508.
Perplexity:	13.402086 at step 683690 using 0:02:34.363073.
Perplexity:	1.678305 at step 684691 using 0:02:38.111407.
Perplexity:	2.477782 at step 685692 using 0:02:33.785848.
Perplexity:	2.670209 at step 686693 using 0:02:33.919329.
Perplexity:	7.066112 at step 687694 using 0:02:33.851332.
Perplexity:	5.126200 at step 688695 using 0:02:37.508256.
Perplexity:	2.192047 at step 689696 using 0:02:33.826079.
Perplexity:	2.185033 at step 690697 using 0:02:33.566213.
Perplexity:	3.026961 at step 691698 using 0:02:33.496089.
Perplexity:	18.398058 at step 692699 using 0:02:37.426960.
Perplexity:	1.231838 at step 693700 using 0:02:33.209247.
Perplexity:	4.163283 at step 694701 using 0:02:33.624498.
Perplexity:	2.349056 at step 695702 using 0:02:33.483474.
Perplexity:	5.457048 at step 696703 using 0:02:37.159268.
Perplexity:	7.482757 at step 697704 using 0:02:33.820168.
Perplexity:	2.054349 at step 698705 using 0:02:34.172125.
Perplexity:	3.257227 at step 699706 using 0:02:33.858632.
Perplexity:	36.455177 at step 700707 using 0:02:37.296819.
Perplexity:	2.384924 at step 701708 using 0:02:34.380444.
Perplexity:	2.600907 at step 702709 using 0:02:33.521339.
Perplexity:	3.839642 at step 703710 using 0:02:36.923698.
Perplexity:	8.885001 at step 704711 using 0:02:37.877874.
Perplexity:	3.085424 at step 705712 using 0:02:34.028723.
Perplexity:	20.786057 at step 706713 using 0:02:33.293605.
Perplexity:	20.217108 at step 707714 using 0:02:33.230714.
Perplexity:	14.302366 at step 708715 using 0:02:37.888772.
Perplexity:	1.565207 at step 709716 using 0:02:34.351096.
Perplexity:	3.578963 at step 710717 using 0:02:34.026908.
Perplexity:	1.493819 at step 711718 using 0:02:33.210435.
Perplexity:	30.852318 at step 712719 using 0:02:37.635897.
Perplexity:	5.794713 at step 713720 using 0:02:33.508282.
Perplexity:	2.938376 at step 714721 using 0:02:34.481866.
Perplexity:	6.507931 at step 715722 using 0:02:37.391258.
Perplexity:	6.442072 at step 716723 using 0:02:33.927746.
Perplexity:	3.835251 at step 717724 using 0:02:33.820488.
Perplexity:	5.383918 at step 718725 using 0:02:33.975522.
Perplexity:	2.935940 at step 719726 using 0:02:37.033803.
Perplexity:	1.000246 at step 720727 using 0:02:33.361068.
Perplexity:	7.548045 at step 721728 using 0:02:33.290913.
Perplexity:	13.292426 at step 722729 using 0:02:33.339097.
Perplexity:	18.343531 at step 723730 using 0:02:37.659911.
Perplexity:	4.183864 at step 724731 using 0:02:33.401008.
Perplexity:	3.412813 at step 725732 using 0:02:33.975664.
Perplexity:	13.615553 at step 726733 using 0:02:33.598270.
Perplexity:	10.783390 at step 727734 using 0:02:37.446110.
Perplexity:	14.104581 at step 728735 using 0:02:33.692071.
Perplexity:	7.534555 at step 729736 using 0:02:37.269279.
Perplexity:	14.629044 at step 730737 using 0:02:34.262313.
Perplexity:	8.286665 at step 731738 using 0:02:37.651072.
Perplexity:	2.640182 at step 732739 using 0:02:34.383256.
Perplexity:	1.041782 at step 733740 using 0:02:34.215336.
Perplexity:	1.752888 at step 734741 using 0:02:34.252958.
Perplexity:	2.419610 at step 735742 using 0:02:37.434960.
Perplexity:	1.963549 at step 736743 using 0:02:34.696720.
Perplexity:	2.452428 at step 737744 using 0:02:33.679885.
Perplexity:	20.644514 at step 738745 using 0:02:33.684700.
Perplexity:	7.888820 at step 739746 using 0:02:37.772162.
Perplexity:	45.818054 at step 740747 using 0:02:34.117714.
Perplexity:	4.830948 at step 741748 using 0:02:34.088002.
Perplexity:	15.790089 at step 742749 using 0:02:34.195548.
Perplexity:	22.805235 at step 743750 using 0:02:37.990383.
Perplexity:	5.250510 at step 744751 using 0:02:33.844937.
Perplexity:	2.611260 at step 745752 using 0:02:33.470642.
Perplexity:	5.668501 at step 746753 using 0:02:37.408655.
Perplexity:	4.385556 at step 747754 using 0:02:33.955597.
Perplexity:	11.903485 at step 748755 using 0:02:34.749377.
Perplexity:	2.790329 at step 749756 using 0:02:34.196220.
Perplexity:	2.226491 at step 750757 using 0:02:37.674423.
Perplexity:	8.595552 at step 751758 using 0:02:33.610783.
Perplexity:	8.819675 at step 752759 using 0:02:33.936177.
Perplexity:	23.252987 at step 753760 using 0:02:33.801397.
Perplexity:	15.306816 at step 754761 using 0:02:40.209214.
Perplexity:	28.057888 at step 755762 using 0:02:33.879725.
Perplexity:	41.415562 at step 756763 using 0:02:33.132838.
Perplexity:	28.538015 at step 757764 using 0:02:34.667691.
Perplexity:	2.431691 at step 758765 using 0:02:37.221409.
Perplexity:	1.799387 at step 759766 using 0:02:34.368065.
Perplexity:	2.514856 at step 760767 using 0:02:34.084340.
Perplexity:	2.761831 at step 761768 using 0:02:33.706506.
Perplexity:	2.640959 at step 762769 using 0:02:37.675731.
Perplexity:	2.095729 at step 763770 using 0:02:33.461417.
Perplexity:	1.990945 at step 764771 using 0:02:32.965999.
Perplexity:	6.526310 at step 765772 using 0:02:34.521567.
Perplexity:	3.298671 at step 766773 using 0:02:37.536866.
Perplexity:	8.307708 at step 767774 using 0:02:33.747358.
Perplexity:	1.181477 at step 768775 using 0:02:33.851033.
Perplexity:	1.195853 at step 769776 using 0:02:34.364084.
Perplexity:	1.648355 at step 770777 using 0:02:37.341132.
Perplexity:	3.093529 at step 771778 using 0:02:33.402992.
Perplexity:	220.234695 at step 772779 using 0:02:33.745690.
Perplexity:	3.232352 at step 773780 using 0:02:33.658881.
Perplexity:	6.353601 at step 774781 using 0:02:36.870816.
Perplexity:	3.465240 at step 775782 using 0:02:33.929384.
Perplexity:	2.855095 at step 776783 using 0:02:34.203402.
Perplexity:	3.009169 at step 777784 using 0:02:37.569046.
Perplexity:	30.927668 at step 778785 using 0:02:34.166610.
Perplexity:	19.848179 at step 779786 using 0:02:34.074777.
Perplexity:	22.426916 at step 780787 using 0:02:33.654343.
Perplexity:	3.171222 at step 781788 using 0:02:40.663240.
Perplexity:	4.162161 at step 782789 using 0:02:34.239132.
Perplexity:	10.738366 at step 783790 using 0:02:33.550772.
Perplexity:	5.388002 at step 784791 using 0:02:33.795929.
Perplexity:	6.015381 at step 785792 using 0:02:37.325520.
Perplexity:	7.167554 at step 786793 using 0:02:33.918240.
Perplexity:	5.785415 at step 787794 using 0:02:33.824439.
Perplexity:	3.396221 at step 788795 using 0:02:33.924850.
Perplexity:	2.820940 at step 789796 using 0:02:37.874554.
Perplexity:	1.593336 at step 790797 using 0:02:34.013029.
Perplexity:	9.814894 at step 791798 using 0:02:33.835572.
Perplexity:	3.116287 at step 792799 using 0:02:34.214289.
Perplexity:	4.584146 at step 793800 using 0:02:37.832472.
Perplexity:	4.492973 at step 794801 using 0:02:34.434629.
Perplexity:	1.036918 at step 795802 using 0:02:34.713792.
Perplexity:	19.365503 at step 796803 using 0:02:34.276755.
Perplexity:	5.916796 at step 797804 using 0:02:37.399102.
Perplexity:	1.698532 at step 798805 using 0:02:33.638165.
Perplexity:	2.636505 at step 799806 using 0:02:33.900966.
Perplexity:	2.707347 at step 800807 using 0:02:33.692996.
Perplexity:	5.968384 at step 801808 using 0:02:37.559012.
Perplexity:	3.338995 at step 802809 using 0:02:33.804100.
Perplexity:	2.308110 at step 803810 using 0:02:34.456585.
Perplexity:	1.038726 at step 804811 using 0:02:33.876338.
Perplexity:	3.575954 at step 805812 using 0:02:38.184940.
Perplexity:	16.404421 at step 806813 using 0:02:33.851173.
Perplexity:	3.468743 at step 807814 using 0:02:37.057674.
Perplexity:	20.443712 at step 808815 using 0:02:37.640474.
Perplexity:	4.838920 at step 809816 using 0:02:34.096872.
Perplexity:	2.676886 at step 810817 using 0:02:33.561656.
Perplexity:	3.765772 at step 811818 using 0:02:33.758842.
Perplexity:	31.517733 at step 812819 using 0:02:37.757272.
Perplexity:	49.327679 at step 813820 using 0:02:33.623121.
Perplexity:	7.642338 at step 814821 using 0:02:33.355987.
Perplexity:	5.397339 at step 815822 using 0:02:33.557274.
Perplexity:	3.225136 at step 816823 using 0:02:37.709111.
Perplexity:	2.239692 at step 817824 using 0:02:33.980948.
Perplexity:	15.863955 at step 818825 using 0:02:33.090766.
Perplexity:	15.157581 at step 819826 using 0:02:33.751225.
Perplexity:	4.389985 at step 820827 using 0:02:37.734790.
Perplexity:	1.300113 at step 821828 using 0:02:34.188385.
Perplexity:	3.871739 at step 822829 using 0:02:33.985552.
Perplexity:	13.151185 at step 823830 using 0:02:33.739657.
Perplexity:	6.905905 at step 824831 using 0:02:37.155922.
Perplexity:	1.436572 at step 825832 using 0:02:33.499883.
Perplexity:	1.913559 at step 826833 using 0:02:33.085242.
Perplexity:	9.662682 at step 827834 using 0:02:34.328929.
Perplexity:	3.834697 at step 828835 using 0:02:37.043207.
Perplexity:	71.160767 at step 829836 using 0:02:34.343190.
Perplexity:	7.923996 at step 830837 using 0:02:33.583160.
Perplexity:	6.394698 at step 831838 using 0:02:33.913588.
Perplexity:	1.230153 at step 832839 using 0:02:40.407866.
Perplexity:	2.364692 at step 833840 using 0:02:34.226131.
Perplexity:	3.603436 at step 834841 using 0:02:33.515214.
Perplexity:	2.128363 at step 835842 using 0:02:34.141406.
Perplexity:	2.850636 at step 836843 using 0:02:38.007444.
Perplexity:	34.350124 at step 837844 using 0:02:34.454437.
Perplexity:	3.400116 at step 838845 using 0:02:34.178289.
Perplexity:	2.100708 at step 839846 using 0:02:37.346471.
Perplexity:	1.985875 at step 840847 using 0:02:33.835087.
Perplexity:	3.077258 at step 841848 using 0:02:34.050613.
Perplexity:	23.124380 at step 842849 using 0:02:33.737311.
Perplexity:	10.381157 at step 843850 using 0:02:37.978631.
Perplexity:	3.078423 at step 844851 using 0:02:33.742566.
Perplexity:	7.690798 at step 845852 using 0:02:33.838518.
Perplexity:	1.845982 at step 846853 using 0:02:33.555330.
Perplexity:	1.165403 at step 847854 using 0:02:37.794404.
Perplexity:	1.024622 at step 848855 using 0:02:34.641506.
Perplexity:	1.562786 at step 849856 using 0:02:33.802247.
Perplexity:	5.806910 at step 850857 using 0:02:34.194461.
Perplexity:	8.089890 at step 851858 using 0:02:37.731747.
Perplexity:	2.966087 at step 852859 using 0:02:33.829169.
Perplexity:	6.379909 at step 853860 using 0:02:34.710676.
Perplexity:	8.771461 at step 854861 using 0:02:33.717451.
Perplexity:	1.767173 at step 855862 using 0:02:37.555464.
Perplexity:	25.145548 at step 856863 using 0:02:33.874114.
Perplexity:	1.669219 at step 857864 using 0:02:34.154946.
Perplexity:	2.446221 at step 858865 using 0:02:33.634775.
Perplexity:	11.394190 at step 859866 using 0:02:41.608973.
Perplexity:	15.144379 at step 860867 using 0:02:34.001216.
Perplexity:	3.727760 at step 861868 using 0:02:33.612335.
Perplexity:	1.517756 at step 862869 using 0:02:33.540896.
Perplexity:	1.469447 at step 863870 using 0:02:38.057358.
Perplexity:	6.317392 at step 864871 using 0:02:34.067529.
Perplexity:	18.579805 at step 865872 using 0:02:33.853600.
Perplexity:	2.586177 at step 866873 using 0:02:32.956567.
Perplexity:	14.914108 at step 867874 using 0:02:37.660981.
Perplexity:	2.092369 at step 868875 using 0:02:34.030711.
Perplexity:	3.565755 at step 869876 using 0:02:34.381903.
Perplexity:	3.351648 at step 870877 using 0:02:37.468749.
Perplexity:	2.423297 at step 871878 using 0:02:33.852837.
Perplexity:	2.271493 at step 872879 using 0:02:33.746374.
Perplexity:	36.239323 at step 873880 using 0:02:34.415466.
Perplexity:	20.799829 at step 874881 using 0:02:37.548794.
Perplexity:	6.298927 at step 875882 using 0:02:33.963494.
Perplexity:	40.460716 at step 876883 using 0:02:34.195350.
Perplexity:	634.533386 at step 877884 using 0:02:33.530827.
Perplexity:	10.700380 at step 878885 using 0:02:36.514981.
Perplexity:	27.697720 at step 879886 using 0:02:34.055831.
Perplexity:	7.177515 at step 880887 using 0:02:33.997319.
Perplexity:	1.571604 at step 881888 using 0:02:34.108938.
Perplexity:	2.550715 at step 882889 using 0:02:37.174230.
Perplexity:	8.642219 at step 883890 using 0:02:34.053210.
Perplexity:	13.465268 at step 884891 using 0:02:34.186018.
Perplexity:	1.037113 at step 885892 using 0:02:37.015761.
Perplexity:	20.362354 at step 886893 using 0:02:37.256311.
Perplexity:	3.357799 at step 887894 using 0:02:34.252494.
Perplexity:	8.998568 at step 888895 using 0:02:33.582799.
Perplexity:	2.027806 at step 889896 using 0:02:34.403180.
Perplexity:	2.258128 at step 890897 using 0:02:37.501605.
Perplexity:	4.235512 at step 891898 using 0:02:33.692172.
Perplexity:	2.245206 at step 892899 using 0:02:33.677538.
Perplexity:	7.486455 at step 893900 using 0:02:33.982734.
Perplexity:	2.900674 at step 894901 using 0:02:38.034527.
Perplexity:	4.466133 at step 895902 using 0:02:33.888148.
Perplexity:	5.135110 at step 896903 using 0:02:33.454252.
Perplexity:	2.391489 at step 897904 using 0:02:34.417183.
Perplexity:	2.695755 at step 898905 using 0:02:36.789225.
Perplexity:	1.613320 at step 899906 using 0:02:33.744954.
Perplexity:	1.194409 at step 900907 using 0:02:33.720818.
Perplexity:	5.371694 at step 901908 using 0:02:37.449649.
Perplexity:	2.080122 at step 902909 using 0:02:33.951152.
Perplexity:	17.599346 at step 903910 using 0:02:33.792592.
Perplexity:	7.189340 at step 904911 using 0:02:33.788272.
Perplexity:	2.999926 at step 905912 using 0:02:37.633376.
Perplexity:	5.645494 at step 906913 using 0:02:34.050983.
Perplexity:	2.851733 at step 907914 using 0:02:33.788073.
Perplexity:	5.354933 at step 908915 using 0:02:33.716572.
Perplexity:	2.627741 at step 909916 using 0:02:37.237953.
Perplexity:	4.681868 at step 910917 using 0:02:37.309597.
Perplexity:	20.700430 at step 911918 using 0:02:34.418592.
Perplexity:	4.054664 at step 912919 using 0:02:33.892144.
Perplexity:	15.366065 at step 913920 using 0:02:36.999060.
Perplexity:	2.072013 at step 914921 using 0:02:33.297029.
Perplexity:	2.534363 at step 915922 using 0:02:33.319199.
Perplexity:	1.221945 at step 916923 using 0:02:33.610330.
Perplexity:	3.875672 at step 917924 using 0:02:36.469933.
Perplexity:	19.863253 at step 918925 using 0:02:34.117577.
Perplexity:	1.918613 at step 919926 using 0:02:34.220746.
Perplexity:	3.927390 at step 920927 using 0:02:33.411569.
Perplexity:	2.061757 at step 921928 using 0:02:37.547993.
Perplexity:	12.741803 at step 922929 using 0:02:33.869709.
Perplexity:	59.430943 at step 923930 using 0:02:34.126609.
Perplexity:	1.116594 at step 924931 using 0:02:33.917231.
Perplexity:	2.139221 at step 925932 using 0:02:37.199097.
Perplexity:	1.790780 at step 926933 using 0:02:33.909688.
Perplexity:	5.085793 at step 927934 using 0:02:34.427329.
Perplexity:	3.379158 at step 928935 using 0:02:34.514934.
Perplexity:	4.748261 at step 929936 using 0:02:37.403136.
Perplexity:	5.317057 at step 930937 using 0:02:33.053775.
Perplexity:	12.944054 at step 931938 using 0:02:33.841385.
Perplexity:	1.173437 at step 932939 using 0:02:37.218763.
Perplexity:	1.595205 at step 933940 using 0:02:33.935324.
Perplexity:	2.250920 at step 934941 using 0:02:33.805870.
Perplexity:	1.033573 at step 935942 using 0:02:34.662131.
Perplexity:	4.453760 at step 936943 using 0:02:40.992200.
Perplexity:	2.480703 at step 937944 using 0:02:33.867996.
Perplexity:	2.308855 at step 938945 using 0:02:34.445137.
Perplexity:	1.182577 at step 939946 using 0:02:34.424328.
Perplexity:	4.304159 at step 940947 using 0:02:37.170346.
Perplexity:	7.204761 at step 941948 using 0:02:34.155358.
Perplexity:	3.733217 at step 942949 using 0:02:34.160300.
Perplexity:	15.082664 at step 943950 using 0:02:33.956613.
Perplexity:	84.186569 at step 944951 using 0:02:37.858932.
Perplexity:	3.492994 at step 945952 using 0:02:34.024616.
Perplexity:	1.745127 at step 946953 using 0:02:34.070523.
Perplexity:	7.248097 at step 947954 using 0:02:33.530700.
Perplexity:	3.790900 at step 948955 using 0:02:37.649115.
Perplexity:	14.092194 at step 949956 using 0:02:33.911433.
Perplexity:	3.446049 at step 950957 using 0:02:33.455981.
Perplexity:	1.837278 at step 951958 using 0:02:33.652335.
Perplexity:	1.352852 at step 952959 using 0:02:36.975531.
Perplexity:	1.163024 at step 953960 using 0:02:33.926426.
Perplexity:	3.862682 at step 954961 using 0:02:34.224087.
Perplexity:	2.084546 at step 955962 using 0:02:33.687737.
Perplexity:	1.975194 at step 956963 using 0:02:37.435307.
Perplexity:	2.682997 at step 957964 using 0:02:34.130145.
Perplexity:	7.309983 at step 958965 using 0:02:33.677245.
Perplexity:	2.661024 at step 959966 using 0:02:34.163225.
Perplexity:	1.031092 at step 960967 using 0:02:37.383748.
Perplexity:	9.395758 at step 961968 using 0:02:33.939607.
Perplexity:	12.211096 at step 962969 using 0:02:33.244818.
Perplexity:	5.344515 at step 963970 using 0:02:40.583757.
Perplexity:	1.147837 at step 964971 using 0:02:34.000575.
Perplexity:	4.806582 at step 965972 using 0:02:34.006956.
Perplexity:	4.341607 at step 966973 using 0:02:34.395838.
Perplexity:	1.319718 at step 967974 using 0:02:37.611919.
Perplexity:	1.307840 at step 968975 using 0:02:34.482334.
Perplexity:	2.049813 at step 969976 using 0:02:34.146761.
Perplexity:	28.196768 at step 970977 using 0:02:34.259067.
Perplexity:	2.390304 at step 971978 using 0:02:37.131566.
Perplexity:	6.313947 at step 972979 using 0:02:33.962316.
Perplexity:	9.040679 at step 973980 using 0:02:33.386918.
Perplexity:	3.398792 at step 974981 using 0:02:34.027279.
Perplexity:	1.661350 at step 975982 using 0:02:38.231355.
Perplexity:	2.049902 at step 976983 using 0:02:33.910245.
Perplexity:	35.047607 at step 977984 using 0:02:33.463386.
Perplexity:	4.479690 at step 978985 using 0:02:33.095225.
Perplexity:	18.073496 at step 979986 using 0:02:37.702459.
Perplexity:	1.440575 at step 980987 using 0:02:33.246494.
Perplexity:	1.945387 at step 981988 using 0:02:34.072864.
Perplexity:	4.204263 at step 982989 using 0:02:33.606200.
Perplexity:	2.644597 at step 983990 using 0:02:38.058639.
Perplexity:	1.361029 at step 984991 using 0:02:33.728150.
Perplexity:	5.828405 at step 985992 using 0:02:34.194775.
Perplexity:	2.905913 at step 986993 using 0:02:32.978654.
Perplexity:	1.698127 at step 987994 using 0:02:37.386928.
Perplexity:	1.779129 at step 988995 using 0:02:38.343322.
Perplexity:	7.817168 at step 989996 using 0:02:33.971458.
Perplexity:	3.775738 at step 990997 using 0:02:33.959054.
Perplexity:	5.835059 at step 991998 using 0:02:37.265732.
Perplexity:	3.220941 at step 992999 using 0:02:33.824974.
Perplexity:	9.563472 at step 994000 using 0:02:34.170453.
Perplexity:	13.768408 at step 995001 using 0:02:37.646127.
Perplexity:	2.047546 at step 996002 using 0:02:33.523741.
Perplexity:	1.507155 at step 997003 using 0:02:33.731965.
Perplexity:	1.479258 at step 998004 using 0:02:33.681478.
Perplexity:	12.470463 at step 999005 using 0:02:38.595655.
Perplexity:	3.459675 at step 1000006 using 0:02:33.750695.
Perplexity:	13.275020 at step 1001007 using 0:02:33.038581.
Perplexity:	2.421951 at step 1002008 using 0:02:33.418037.
Perplexity:	2.576987 at step 1003009 using 0:02:37.569642.
Perplexity:	7.924021 at step 1004010 using 0:02:34.964289.
Perplexity:	4.385956 at step 1005011 using 0:02:34.410415.
Perplexity:	4.105572 at step 1006012 using 0:02:34.353778.
Perplexity:	15.387490 at step 1007013 using 0:02:37.511381.
Perplexity:	4.639382 at step 1008014 using 0:02:33.705730.
Perplexity:	2.446863 at step 1009015 using 0:02:34.230943.
Perplexity:	3.690323 at step 1010016 using 0:02:33.702670.
Perplexity:	1.383324 at step 1011017 using 0:02:37.191471.
Perplexity:	15.669790 at step 1012018 using 0:02:33.576875.
Perplexity:	5.653286 at step 1013019 using 0:02:34.293802.
Perplexity:	2.166581 at step 1014020 using 0:02:34.537868.
Perplexity:	3.368109 at step 1015021 using 0:02:40.523636.
Perplexity:	1.005560 at step 1016022 using 0:02:33.564501.
Perplexity:	1.339674 at step 1017023 using 0:02:34.358561.
Perplexity:	3.498396 at step 1018024 using 0:02:34.198171.
Perplexity:	1.057082 at step 1019025 using 0:02:37.074887.
Perplexity:	67.699081 at step 1020026 using 0:02:33.511635.
Perplexity:	2.408128 at step 1021027 using 0:02:33.816071.
Perplexity:	6.500569 at step 1022028 using 0:02:34.134979.
Perplexity:	2.599788 at step 1023029 using 0:02:37.375410.
Perplexity:	3.141324 at step 1024036 using 0:02:34.394827.
Perplexity:	4.974419 at step 1025038 using 0:02:35.014046.
Perplexity:	2.197947 at step 1026039 using 0:02:37.736394.
Perplexity:	133.600510 at step 1027040 using 0:02:33.502816.
Perplexity:	4.411616 at step 1028041 using 0:02:33.484823.
Perplexity:	1.207157 at step 1029042 using 0:02:33.888880.
Perplexity:	7.771402 at step 1030043 using 0:02:37.307571.
Perplexity:	1.223963 at step 1031044 using 0:02:34.287593.
Perplexity:	1.914919 at step 1032045 using 0:02:34.143504.
Perplexity:	7.855888 at step 1033046 using 0:02:33.752738.
Perplexity:	3.842236 at step 1034047 using 0:02:36.544144.
Perplexity:	1.803869 at step 1035048 using 0:02:34.121409.
Perplexity:	4.540675 at step 1036049 using 0:02:34.113769.
Perplexity:	2.349189 at step 1037050 using 0:02:34.167177.
Perplexity:	3.118493 at step 1038051 using 0:02:37.028629.
Perplexity:	5.376153 at step 1039052 using 0:02:33.366765.
Perplexity:	2.395389 at step 1040053 using 0:02:34.291588.
Perplexity:	2.454361 at step 1041054 using 0:02:34.050534.
Perplexity:	3.781147 at step 1042055 using 0:02:40.679317.
Perplexity:	1.657151 at step 1043056 using 0:02:33.969127.
Perplexity:	4.492663 at step 1044057 using 0:02:33.248974.
Perplexity:	1.200826 at step 1045058 using 0:02:33.922526.
Perplexity:	2.800030 at step 1046059 using 0:02:37.844903.
Perplexity:	2.620022 at step 1047060 using 0:02:33.356387.
Perplexity:	2.446898 at step 1048061 using 0:02:34.729957.
Perplexity:	4.520037 at step 1049062 using 0:02:33.689288.
Perplexity:	3.527695 at step 1050063 using 0:02:37.692677.
Perplexity:	4.659392 at step 1051064 using 0:02:34.059628.
Perplexity:	1.423571 at step 1052065 using 0:02:34.077321.
Perplexity:	1.887411 at step 1053066 using 0:02:34.106941.
Perplexity:	1.186479 at step 1054067 using 0:02:37.588735.
Perplexity:	3.397963 at step 1055068 using 0:02:32.837582.
Perplexity:	6.249865 at step 1056069 using 0:02:33.740993.
Perplexity:	5.136525 at step 1057070 using 0:02:37.432002.
Perplexity:	27.317942 at step 1058071 using 0:02:34.202843.
Perplexity:	6.210544 at step 1059072 using 0:02:34.462443.
Perplexity:	10.332320 at step 1060073 using 0:02:33.770334.
Perplexity:	2.779487 at step 1061074 using 0:02:37.176137.
Perplexity:	3.700731 at step 1062075 using 0:02:33.644683.
Perplexity:	5.718446 at step 1063076 using 0:02:34.514486.
Perplexity:	4.265638 at step 1064077 using 0:02:34.167790.
Perplexity:	7.905405 at step 1065078 using 0:02:37.081918.
Perplexity:	2.029887 at step 1066079 using 0:02:34.173264.
Perplexity:	7.202235 at step 1067080 using 0:02:37.777189.
Perplexity:	9.794745 at step 1068081 using 0:02:33.719423.
Perplexity:	6.491822 at step 1069082 using 0:02:38.318517.
Perplexity:	1.800784 at step 1070083 using 0:02:34.282926.
Perplexity:	4.199100 at step 1071084 using 0:02:34.276257.
Perplexity:	4.006269 at step 1072085 using 0:02:33.955389.
Perplexity:	1.891357 at step 1073086 using 0:02:37.615464.
Perplexity:	1.807612 at step 1074087 using 0:02:33.630144.
Perplexity:	1.230077 at step 1075088 using 0:02:34.546393.
Perplexity:	5.352137 at step 1076089 using 0:02:33.607302.
Perplexity:	10.024946 at step 1077090 using 0:02:37.254795.
Perplexity:	3.198225 at step 1078091 using 0:02:33.737595.
Perplexity:	16.213026 at step 1079092 using 0:02:34.363839.
Perplexity:	25.036654 at step 1080093 using 0:02:34.235330.
Perplexity:	5.022143 at step 1081094 using 0:02:37.094384.
Perplexity:	8.679834 at step 1082095 using 0:02:34.032164.
Perplexity:	1.127698 at step 1083096 using 0:02:33.682867.
Perplexity:	1.374087 at step 1084097 using 0:02:33.919855.
Perplexity:	1.767291 at step 1085098 using 0:02:37.462627.
Perplexity:	6.480070 at step 1086099 using 0:02:34.273699.
Perplexity:	4.805038 at step 1087100 using 0:02:35.051861.
Perplexity:	3.218811 at step 1088101 using 0:02:37.897092.
Perplexity:	3.941137 at step 1089102 using 0:02:34.168516.
Perplexity:	1.909991 at step 1090103 using 0:02:33.143129.
Perplexity:	2.731744 at step 1091104 using 0:02:34.119732.
Perplexity:	2.445539 at step 1092105 using 0:02:37.223032.
Perplexity:	1.147340 at step 1093106 using 0:02:37.225029.
Perplexity:	27.884590 at step 1094107 using 0:02:34.451975.
Perplexity:	2.679076 at step 1095108 using 0:02:34.849579.
Perplexity:	7.377034 at step 1096109 using 0:02:38.068303.
Perplexity:	2.906929 at step 1097110 using 0:02:34.511372.
Perplexity:	3.234472 at step 1098111 using 0:02:34.066688.
Perplexity:	1.011492 at step 1099112 using 0:02:33.478683.
Perplexity:	3.932716 at step 1100113 using 0:02:37.475621.
Perplexity:	2.286956 at step 1101114 using 0:02:33.925900.
Perplexity:	2.560175 at step 1102115 using 0:02:34.244428.
Perplexity:	10.013332 at step 1103116 using 0:02:33.785710.
Perplexity:	10.662766 at step 1104117 using 0:02:37.323119.
Perplexity:	1.897977 at step 1105118 using 0:02:33.743174.
Perplexity:	1.622282 at step 1106119 using 0:02:34.368783.
Perplexity:	2.353611 at step 1107120 using 0:02:33.358178.
Perplexity:	7.748013 at step 1108121 using 0:02:36.920530.
Perplexity:	5.299902 at step 1109122 using 0:02:33.640207.
Perplexity:	1.409266 at step 1110123 using 0:02:33.873822.
Perplexity:	1.649084 at step 1111124 using 0:02:33.703286.
Perplexity:	2.886950 at step 1112125 using 0:02:37.517728.
Perplexity:	2.057278 at step 1113126 using 0:02:33.703723.
Perplexity:	1.730702 at step 1114127 using 0:02:34.264822.
Perplexity:	13.482374 at step 1115128 using 0:02:33.469704.
Perplexity:	1.883783 at step 1116129 using 0:02:37.893854.
Perplexity:	2.529790 at step 1117130 using 0:02:34.787205.
Perplexity:	17.504642 at step 1118131 using 0:02:33.715217.
Perplexity:	2.752464 at step 1119132 using 0:02:40.681616.
Perplexity:	21.381050 at step 1120133 using 0:02:34.244780.
Perplexity:	4.532704 at step 1121134 using 0:02:33.941530.
Perplexity:	1.998937 at step 1122135 using 0:02:34.314410.
Perplexity:	8.405776 at step 1123136 using 0:02:36.838058.
Perplexity:	5.579283 at step 1124137 using 0:02:33.774569.
Perplexity:	2.309149 at step 1125138 using 0:02:33.976125.
Perplexity:	1.712957 at step 1126139 using 0:02:33.424770.