/home/zhaos5/anaconda3/lib/python3.6/site-packages/h5py/__init__.py:36: FutureWarning: Conversion of the second argument of issubdtype from `float` to `np.floating` is deprecated. In future, it will be treated as `np.float64 == np.dtype(float).type`.
  from ._conv import register_converters as _register_converters
WARNING:tensorflow:From /home/zhaos5/anaconda3/lib/python3.6/site-packages/tensorflow/contrib/learn/python/learn/datasets/base.py:198: retry (from tensorflow.contrib.learn.python.learn.datasets.base) is deprecated and will be removed in a future version.
Instructions for updating:
Use the retry module or similar alternatives.
WARNING:tensorflow:From /home/zhaos5/projs/wsd/wsd_code/tensor2tensor/layers/common_layers.py:513: calling reduce_mean (from tensorflow.python.ops.math_ops) with keep_dims is deprecated and will be removed in a future version.
Instructions for updating:
keep_dims is deprecated, use keepdims instead
2018-04-07 05:44:48.027718: I tensorflow/core/platform/cpu_feature_guard.cc:140] Your CPU supports instructions that this TensorFlow binary was not compiled to use: AVX2 FMA
2018-04-07 05:45:16.482917: I tensorflow/stream_executor/cuda/cuda_gpu_executor.cc:898] successful NUMA node read from SysFS had negative value (-1), but there must be at least one NUMA node, so returning NUMA node zero
2018-04-07 05:45:16.484054: I tensorflow/core/common_runtime/gpu/gpu_device.cc:1344] Found device 0 with properties: 
name: Tesla K80 major: 3 minor: 7 memoryClockRate(GHz): 0.8235
pciBusID: 0000:00:14.0
totalMemory: 11.17GiB freeMemory: 11.10GiB
2018-04-07 05:45:16.484111: I tensorflow/core/common_runtime/gpu/gpu_device.cc:1423] Adding visible gpu devices: 0
2018-04-07 05:45:16.810839: I tensorflow/core/common_runtime/gpu/gpu_device.cc:911] Device interconnect StreamExecutor with strength 1 edge matrix:
2018-04-07 05:45:16.810904: I tensorflow/core/common_runtime/gpu/gpu_device.cc:917]      0 
2018-04-07 05:45:16.810916: I tensorflow/core/common_runtime/gpu/gpu_device.cc:930] 0:   N 
2018-04-07 05:45:16.811305: I tensorflow/core/common_runtime/gpu/gpu_device.cc:1041] Created TensorFlow device (/job:localhost/replica:0/task:0/device:GPU:0 with 10764 MB memory) -> physical GPU (device: 0, name: Tesla K80, pci bus id: 0000:00:14.0, compute capability: 3.7)
Subword Vocab Populated with size 49588 for path /home/zhaos5/projs/wsd/wsd_code/model/../../wsd_data/medline/subvoc.txt.
Finished Populate Data with 383360 samples.
Perplexity:	372.737396 at step 1001 using 0:03:36.298178.
Perplexity:	89.686325 at step 2002 using 0:02:57.323646.
Perplexity:	9.440724 at step 3003 using 0:02:58.294891.
Perplexity:	8.216910 at step 4004 using 0:03:02.255031.
Perplexity:	24.056578 at step 5005 using 0:03:07.007593.
Perplexity:	62.327564 at step 6006 using 0:02:57.221369.
Perplexity:	3.301099 at step 7007 using 0:03:01.286117.
Perplexity:	8.690451 at step 8008 using 0:02:56.433211.
Perplexity:	268.577148 at step 9009 using 0:02:58.199244.
Perplexity:	5.229625 at step 10010 using 0:03:01.535444.
Perplexity:	31.057411 at step 11011 using 0:02:56.797852.
Perplexity:	21.175650 at step 12012 using 0:02:58.367346.
Perplexity:	26.169460 at step 13013 using 0:02:56.944738.
Perplexity:	80.472237 at step 14014 using 0:03:01.438991.
Perplexity:	4.517850 at step 15015 using 0:03:05.202605.
Perplexity:	18.699331 at step 16016 using 0:02:56.330037.
Perplexity:	3.450027 at step 17017 using 0:02:59.877328.
Perplexity:	5.871429 at step 18018 using 0:02:56.497510.
Perplexity:	19.005835 at step 19019 using 0:02:57.915746.
Perplexity:	22.079309 at step 20020 using 0:02:55.321754.
Perplexity:	14.706374 at step 21021 using 0:03:01.386347.
Perplexity:	1.957891 at step 22022 using 0:02:57.212988.
Perplexity:	1.140543 at step 23023 using 0:02:57.581990.
Perplexity:	162.025497 at step 24024 using 0:03:01.375524.
Perplexity:	10.003711 at step 25025 using 0:02:57.009167.
Perplexity:	2.487571 at step 26026 using 0:03:05.204868.
Perplexity:	4.350875 at step 27027 using 0:03:01.143321.
Perplexity:	4.448524 at step 28028 using 0:02:56.153696.
Perplexity:	4.381987 at step 29029 using 0:02:56.988847.
Perplexity:	2.444819 at step 30030 using 0:02:56.049224.
Perplexity:	37.226810 at step 31031 using 0:03:00.976852.
Perplexity:	2.709575 at step 32032 using 0:02:55.629711.
Perplexity:	34.865578 at step 33033 using 0:02:56.709438.
Perplexity:	5.059614 at step 34034 using 0:03:00.335212.
Perplexity:	7.922234 at step 35035 using 0:02:57.115096.
Perplexity:	13.670901 at step 36036 using 0:02:55.998954.
Perplexity:	3.445154 at step 37037 using 0:03:09.438786.
Perplexity:	5.571690 at step 38038 using 0:02:56.444349.
Perplexity:	2.635818 at step 39039 using 0:02:54.984265.
Perplexity:	2.415755 at step 40040 using 0:02:57.410739.
Perplexity:	5.145581 at step 41041 using 0:03:01.307820.
Perplexity:	47.619492 at step 42042 using 0:02:56.746797.
Perplexity:	11.104228 at step 43043 using 0:02:56.660929.
Perplexity:	2.670882 at step 44044 using 0:03:01.934474.
Perplexity:	2.441386 at step 45045 using 0:02:56.384004.
Perplexity:	6.174974 at step 46046 using 0:02:57.360844.
Perplexity:	3.365448 at step 47047 using 0:03:07.716950.
Perplexity:	1.363153 at step 48048 using 0:02:55.720464.
Perplexity:	14.181799 at step 49049 using 0:02:56.044287.
Perplexity:	7.078245 at step 50050 using 0:02:55.426562.
Perplexity:	48.416058 at step 51051 using 0:03:00.721194.
Perplexity:	25.514923 at step 52052 using 0:02:57.020363.
Perplexity:	7.251828 at step 53053 using 0:02:55.805640.
Perplexity:	3.386489 at step 54054 using 0:03:00.403057.
Perplexity:	15.391404 at step 55055 using 0:02:56.372014.
Perplexity:	2.047022 at step 56056 using 0:02:55.974211.
Perplexity:	64.525894 at step 57057 using 0:02:56.530607.
Perplexity:	1.775307 at step 58058 using 0:03:06.338736.
Perplexity:	3.350766 at step 59059 using 0:02:56.306488.
Perplexity:	1.231602 at step 60060 using 0:02:56.962783.
Perplexity:	19.398420 at step 61061 using 0:03:01.491962.
Perplexity:	3.695550 at step 62062 using 0:02:56.870308.
Perplexity:	15.172029 at step 63063 using 0:02:55.339637.
Perplexity:	5.254370 at step 64064 using 0:03:01.230310.
Perplexity:	240.556152 at step 65065 using 0:02:55.810517.
Perplexity:	1.245700 at step 66066 using 0:02:56.415341.
Perplexity:	7.216649 at step 67067 using 0:02:56.349400.
Perplexity:	5.047551 at step 68068 using 0:03:10.958622.
Perplexity:	4.735223 at step 69069 using 0:02:56.711159.
Perplexity:	4.025188 at step 70070 using 0:02:56.668077.
Perplexity:	3.762355 at step 71071 using 0:03:01.269049.
Perplexity:	11.083672 at step 72072 using 0:02:56.604446.
Perplexity:	7.455778 at step 73073 using 0:02:56.202244.
Perplexity:	9.612072 at step 74074 using 0:03:01.094146.
Perplexity:	25.324678 at step 75075 using 0:02:57.010941.
Perplexity:	6.394055 at step 76076 using 0:02:56.152002.
Perplexity:	5.387479 at step 77077 using 0:02:55.397056.
Perplexity:	7.244477 at step 78078 using 0:02:59.219921.
Perplexity:	397.797424 at step 79079 using 0:03:06.346644.
Perplexity:	2.365263 at step 80080 using 0:02:56.211702.
Perplexity:	2.154982 at step 81081 using 0:03:00.432929.
Perplexity:	13.956333 at step 82082 using 0:02:56.993917.
Perplexity:	3.703861 at step 83083 using 0:02:57.282157.
Perplexity:	10.106833 at step 84084 using 0:03:01.636708.
Perplexity:	45.634377 at step 85085 using 0:02:57.869846.
Perplexity:	31.854570 at step 86086 using 0:02:56.660715.
Perplexity:	2.442909 at step 87087 using 0:02:56.512106.
Perplexity:	10.904091 at step 88088 using 0:03:01.094229.
Perplexity:	1.116358 at step 89089 using 0:02:56.075999.
Perplexity:	12.611885 at step 90090 using 0:03:05.537294.
Perplexity:	2.285043 at step 91091 using 0:03:01.283777.
Perplexity:	3.210114 at step 92092 using 0:02:56.186668.
Perplexity:	2.880289 at step 93093 using 0:02:56.845070.
Perplexity:	2.960967 at step 94094 using 0:02:56.521949.
Perplexity:	6.994857 at step 95095 using 0:03:00.565310.
Perplexity:	6.523403 at step 96096 using 0:02:55.015347.
Perplexity:	9.399248 at step 97097 using 0:02:55.464410.
Perplexity:	118.262054 at step 98098 using 0:03:01.632867.
Perplexity:	246.401840 at step 99099 using 0:02:56.406903.
Perplexity:	33.314865 at step 100100 using 0:02:55.921780.
Perplexity:	4.231662 at step 101101 using 0:03:12.027943.
Perplexity:	83.434532 at step 102102 using 0:02:56.727168.
Perplexity:	26.054457 at step 103103 using 0:02:56.338242.
Perplexity:	2.268336 at step 104104 using 0:02:56.676690.
Perplexity:	1.620499 at step 105105 using 0:03:01.512631.
Perplexity:	8.664968 at step 106106 using 0:02:57.701163.
Perplexity:	8.819641 at step 107107 using 0:02:56.052282.
Perplexity:	38.722820 at step 108108 using 0:03:00.846604.
Perplexity:	7.070236 at step 109109 using 0:02:55.948687.
Perplexity:	50.600449 at step 110110 using 0:02:56.720319.
Perplexity:	11.960061 at step 111111 using 0:03:09.302676.
Perplexity:	3.227514 at step 112112 using 0:02:56.124407.
Perplexity:	2.029749 at step 113113 using 0:02:56.670824.
Perplexity:	1.561268 at step 114114 using 0:02:56.044953.
Perplexity:	7.555474 at step 115115 using 0:02:59.559706.
Perplexity:	39.488419 at step 116116 using 0:02:56.405442.
Perplexity:	3.219729 at step 117117 using 0:02:55.461451.
Perplexity:	5.446011 at step 118118 using 0:03:01.335327.
Perplexity:	8.516421 at step 119119 using 0:02:56.736441.
Perplexity:	4.265890 at step 120120 using 0:02:56.110172.
Perplexity:	2.305269 at step 121121 using 0:03:10.832450.
Perplexity:	20.448105 at step 122122 using 0:02:56.461311.
Perplexity:	2.428493 at step 123123 using 0:02:56.873166.
Perplexity:	2.710130 at step 124124 using 0:02:56.960865.
Perplexity:	9.319077 at step 125125 using 0:03:00.779927.
Perplexity:	5.184241 at step 126126 using 0:02:56.182237.
Perplexity:	3.058636 at step 127127 using 0:02:56.150617.
Perplexity:	2.028895 at step 128128 using 0:03:01.490271.
Perplexity:	3.589850 at step 129129 using 0:02:56.606801.
Perplexity:	2.525937 at step 130130 using 0:02:56.175124.
Perplexity:	2.102175 at step 131131 using 0:02:55.661509.
Perplexity:	4.474406 at step 132132 using 0:03:08.088285.
Perplexity:	1.084377 at step 133133 using 0:02:56.772951.
Perplexity:	3.215291 at step 134134 using 0:02:55.026925.
Perplexity:	2.449175 at step 135135 using 0:03:00.149343.
Perplexity:	17.264837 at step 136136 using 0:02:54.916184.
Perplexity:	22.368992 at step 137137 using 0:02:55.223269.
Perplexity:	74.329323 at step 138138 using 0:03:01.237274.
Perplexity:	5.312871 at step 139139 using 0:02:55.957089.
Perplexity:	4.905258 at step 140140 using 0:02:55.927619.
Perplexity:	11.777258 at step 141141 using 0:02:56.663016.
Perplexity:	1.991263 at step 142142 using 0:03:00.928706.
Perplexity:	11.216651 at step 143143 using 0:03:03.458728.
Perplexity:	4.561239 at step 144144 using 0:02:57.041309.
Perplexity:	6.345300 at step 145145 using 0:03:00.577103.
Perplexity:	6.332430 at step 146146 using 0:02:56.635853.
Perplexity:	13.185884 at step 147147 using 0:02:56.435529.
Perplexity:	6.053853 at step 148148 using 0:03:01.081621.
Perplexity:	8.907448 at step 149149 using 0:02:55.867550.
Perplexity:	19.556297 at step 150150 using 0:02:55.971942.
Perplexity:	2.619173 at step 151151 using 0:02:54.251463.
Perplexity:	2.498431 at step 152152 using 0:02:59.019017.
Perplexity:	2.690326 at step 153153 using 0:02:54.711653.
Perplexity:	4.200158 at step 154154 using 0:03:00.198537.
Perplexity:	1.041601 at step 155155 using 0:02:58.602247.
Perplexity:	5.081744 at step 156156 using 0:02:54.548834.
Perplexity:	12.305534 at step 157157 using 0:02:53.767246.
Perplexity:	3.843912 at step 158158 using 0:02:54.324599.
Perplexity:	6.663710 at step 159159 using 0:02:58.821132.
Perplexity:	2.306823 at step 160160 using 0:02:53.799121.
Perplexity:	3.848311 at step 161161 using 0:02:52.983475.
Perplexity:	2.120956 at step 162162 using 0:02:58.218694.
Perplexity:	2.889113 at step 163163 using 0:02:54.003663.
Perplexity:	5.117544 at step 164164 using 0:03:00.588355.
Perplexity:	4.231094 at step 165165 using 0:02:58.138537.
Perplexity:	6.546478 at step 166166 using 0:02:54.227691.
Perplexity:	1.600871 at step 167167 using 0:02:54.306442.
Perplexity:	5.118406 at step 168168 using 0:02:53.504308.
Perplexity:	26.490282 at step 169169 using 0:02:57.664226.
Perplexity:	8.376756 at step 170170 using 0:02:54.262408.
Perplexity:	2.286160 at step 171171 using 0:02:53.341127.
Perplexity:	4.811449 at step 172172 using 0:02:58.125481.
Perplexity:	8.977301 at step 173173 using 0:02:52.193343.
Perplexity:	3.397803 at step 174174 using 0:02:53.710691.
Perplexity:	1.297471 at step 175175 using 0:02:58.900297.
Perplexity:	3.612405 at step 176176 using 0:02:58.321654.
Perplexity:	2.695010 at step 177177 using 0:02:53.142391.
Perplexity:	1.056533 at step 178178 using 0:02:53.467947.
Perplexity:	7.102277 at step 179179 using 0:02:59.006783.
Perplexity:	3.100378 at step 180180 using 0:02:53.752078.
Perplexity:	3.637866 at step 181181 using 0:02:53.905727.
Perplexity:	1.303160 at step 182182 using 0:02:53.145098.
Perplexity:	11.779145 at step 183183 using 0:02:58.431765.
Perplexity:	3.407509 at step 184184 using 0:02:53.872751.
Perplexity:	9.107603 at step 185185 using 0:02:54.603444.
Perplexity:	7.322652 at step 186186 using 0:03:03.239806.
Perplexity:	4.026598 at step 187187 using 0:02:54.058670.
Perplexity:	3.067189 at step 188188 using 0:02:53.625637.
Perplexity:	1.894518 at step 189189 using 0:02:57.390734.
Perplexity:	2.862571 at step 190190 using 0:02:54.406278.
Perplexity:	1.191999 at step 191191 using 0:02:53.298905.
Perplexity:	1.872186 at step 192192 using 0:02:51.732931.
Perplexity:	14.293115 at step 193193 using 0:02:58.089574.
Perplexity:	3.300336 at step 194194 using 0:02:52.876703.
Perplexity:	1.972631 at step 195195 using 0:02:54.034199.
Perplexity:	2.196536 at step 196196 using 0:03:04.407870.
Perplexity:	4.884211 at step 197197 using 0:02:54.385768.
Perplexity:	99.928360 at step 198198 using 0:02:53.793993.
Perplexity:	1.119194 at step 199199 using 0:02:54.629871.
Perplexity:	13.061264 at step 200200 using 0:02:59.948070.
Perplexity:	8.160112 at step 201201 using 0:02:53.513700.
Perplexity:	1.379802 at step 202202 using 0:02:52.614269.
Perplexity:	2.180721 at step 203203 using 0:02:59.097991.
Perplexity:	5.058008 at step 204204 using 0:02:54.857215.
Perplexity:	9.162894 at step 205205 using 0:02:54.073430.
Perplexity:	13.079624 at step 206206 using 0:02:58.758178.
Perplexity:	7.324293 at step 207207 using 0:03:00.114583.
Perplexity:	21.724827 at step 208208 using 0:02:54.459330.
Perplexity:	1.593302 at step 209209 using 0:02:54.061181.
Perplexity:	1.584261 at step 210210 using 0:02:59.004311.
Perplexity:	10.054680 at step 211211 using 0:02:53.400882.
Perplexity:	26.464779 at step 212212 using 0:02:53.941848.
Perplexity:	5.263749 at step 213213 using 0:02:58.491631.
Perplexity:	5.404586 at step 214214 using 0:02:53.396696.
Perplexity:	5.722358 at step 215215 using 0:02:54.352249.
Perplexity:	3.804824 at step 216216 using 0:02:54.433959.
Perplexity:	68.342651 at step 217217 using 0:03:03.512650.
Perplexity:	1.567651 at step 218218 using 0:02:53.449073.
Perplexity:	5.735511 at step 219219 using 0:02:53.811137.
Perplexity:	1.975412 at step 220220 using 0:02:57.761649.
Perplexity:	1.324485 at step 221221 using 0:02:53.707896.
Perplexity:	104.708244 at step 222222 using 0:02:53.975589.
Perplexity:	4.107459 at step 223223 using 0:02:53.747369.
Perplexity:	3.669509 at step 224224 using 0:02:58.745870.
Perplexity:	1.777240 at step 225225 using 0:02:53.175344.
Perplexity:	3.013685 at step 226226 using 0:02:53.960995.
Perplexity:	7.174508 at step 227227 using 0:02:58.981179.
Perplexity:	2.259341 at step 228228 using 0:02:59.982623.
Perplexity:	2.217460 at step 229229 using 0:02:53.943434.
Perplexity:	4.159084 at step 230230 using 0:02:57.459672.
Perplexity:	1.011598 at step 231231 using 0:02:53.033032.
Perplexity:	2.987279 at step 232232 using 0:02:53.725733.
Perplexity:	10.811442 at step 233233 using 0:02:52.605729.
Perplexity:	2.931731 at step 234234 using 0:02:58.506922.
Perplexity:	6.075425 at step 235235 using 0:02:54.302808.
Perplexity:	1.620692 at step 236236 using 0:02:53.497991.
Perplexity:	3.116776 at step 237237 using 0:02:58.507966.
Perplexity:	4.721664 at step 238238 using 0:02:54.012623.
Perplexity:	7.143891 at step 239239 using 0:02:59.740115.
Perplexity:	3.525666 at step 240240 using 0:02:53.822519.
Perplexity:	2.662798 at step 241241 using 0:02:57.665449.
Perplexity:	1.348587 at step 242242 using 0:02:54.327512.
Perplexity:	6.525535 at step 243243 using 0:02:54.675860.
Perplexity:	1.727519 at step 244244 using 0:02:58.300228.
Perplexity:	1.366671 at step 245245 using 0:02:53.611680.
Perplexity:	1.031884 at step 246246 using 0:02:53.980987.
Perplexity:	1.741564 at step 247247 using 0:02:53.697395.
Perplexity:	40.999794 at step 248248 using 0:02:57.603968.
Perplexity:	1.184819 at step 249249 using 0:02:59.109528.
Perplexity:	2.773852 at step 250250 using 0:02:53.411690.
Perplexity:	1.715997 at step 251251 using 0:02:58.377321.
Perplexity:	2.902612 at step 252252 using 0:02:53.262065.
Perplexity:	7.063241 at step 253253 using 0:02:53.086631.
Perplexity:	3.535722 at step 254254 using 0:02:58.205082.
Perplexity:	1.279973 at step 255255 using 0:02:53.548199.
Perplexity:	1.491899 at step 256256 using 0:02:54.637221.
Perplexity:	4.233400 at step 257257 using 0:02:53.040324.
Perplexity:	2.239677 at step 258258 using 0:02:58.288349.
Perplexity:	1.124902 at step 259259 using 0:02:53.182332.
Perplexity:	15.887554 at step 260260 using 0:02:59.055747.
Perplexity:	4.513971 at step 261261 using 0:02:57.636958.
Perplexity:	3.097418 at step 262262 using 0:02:54.256508.
Perplexity:	4.993955 at step 263263 using 0:02:53.136314.
Perplexity:	23.179529 at step 264264 using 0:02:53.792132.
Perplexity:	3.059439 at step 265265 using 0:02:58.215382.
Perplexity:	1.032637 at step 266266 using 0:02:53.694207.
Perplexity:	3.379720 at step 267267 using 0:02:53.217079.
Perplexity:	3.662617 at step 268268 using 0:02:57.626407.
Perplexity:	6.989925 at step 269269 using 0:02:53.889427.
Perplexity:	4.507602 at step 270270 using 0:02:53.425967.
Perplexity:	1.398004 at step 271271 using 0:03:03.299680.
Perplexity:	5.073442 at step 272272 using 0:02:53.344928.
Perplexity:	2.958593 at step 273273 using 0:02:53.219618.
Perplexity:	4.172791 at step 274274 using 0:02:53.818203.
Perplexity:	2.361440 at step 275275 using 0:02:58.264593.
Perplexity:	10.552380 at step 276276 using 0:02:53.733626.
Perplexity:	2.051054 at step 277277 using 0:02:53.716848.
Perplexity:	5.268369 at step 278278 using 0:02:58.270677.
Perplexity:	5.212973 at step 279279 using 0:02:52.761399.
Perplexity:	4.590031 at step 280280 using 0:02:53.539760.
Perplexity:	1.048544 at step 281281 using 0:02:53.936427.
Perplexity:	2.801131 at step 282282 using 0:03:03.926832.
Perplexity:	3.495933 at step 283283 using 0:02:53.873736.
Perplexity:	2.481864 at step 284284 using 0:02:53.191506.
Perplexity:	2.607575 at step 285285 using 0:02:58.335649.
Perplexity:	2.118176 at step 286286 using 0:02:53.324866.
Perplexity:	14.520267 at step 287287 using 0:02:53.906153.
Perplexity:	19.703716 at step 288288 using 0:02:53.662808.
Perplexity:	10.963777 at step 289289 using 0:02:56.275987.
Perplexity:	1.016183 at step 290290 using 0:02:54.005871.
Perplexity:	1.983328 at step 291291 using 0:02:54.234730.
Perplexity:	2.644058 at step 292292 using 0:03:03.458083.
Perplexity:	2.236894 at step 293293 using 0:02:54.106557.
Perplexity:	1.340618 at step 294294 using 0:02:53.252189.
Perplexity:	3.098634 at step 295295 using 0:02:57.883935.
Perplexity:	6.903248 at step 296296 using 0:02:54.679684.
Perplexity:	1.954046 at step 297297 using 0:02:54.023863.
Perplexity:	23.529768 at step 298298 using 0:02:53.707274.
Perplexity:	8.751238 at step 299299 using 0:02:57.759908.
Perplexity:	1.501660 at step 300300 using 0:02:54.143400.
Perplexity:	5.512131 at step 301301 using 0:02:53.888648.
Perplexity:	1.243548 at step 302302 using 0:03:02.708022.
Perplexity:	1.101102 at step 303303 using 0:02:53.362496.
Perplexity:	3.472438 at step 304304 using 0:02:53.933269.
Perplexity:	8.890731 at step 305305 using 0:02:52.862375.
Perplexity:	2.624302 at step 306306 using 0:02:57.747256.
Perplexity:	9.715512 at step 307307 using 0:02:53.830555.
Perplexity:	1.177297 at step 308308 using 0:02:53.011226.
Perplexity:	5.521711 at step 309309 using 0:02:58.058580.
Perplexity:	3.637755 at step 310310 using 0:02:53.289526.
Perplexity:	1.374598 at step 311311 using 0:02:53.026863.
Perplexity:	1.868487 at step 312312 using 0:02:53.637313.
Perplexity:	4.139937 at step 313313 using 0:03:04.008093.
Perplexity:	6.868739 at step 314314 using 0:02:53.687833.
Perplexity:	2.980197 at step 315315 using 0:02:54.280385.
Perplexity:	3.637541 at step 316316 using 0:02:58.445289.
Perplexity:	11.758883 at step 317317 using 0:02:53.200699.
Perplexity:	2.473885 at step 318318 using 0:02:53.435198.
Perplexity:	3.366489 at step 319319 using 0:02:58.268625.
Perplexity:	10.696225 at step 320320 using 0:02:54.169797.
Perplexity:	2.601734 at step 321321 using 0:02:52.924346.
Perplexity:	2.679727 at step 322322 using 0:02:54.118797.
Perplexity:	18.823761 at step 323323 using 0:02:58.590541.
Perplexity:	37.743690 at step 324324 using 0:02:59.023133.
Perplexity:	14.621193 at step 325325 using 0:02:53.187882.
Perplexity:	1.616383 at step 326326 using 0:02:56.808910.
Perplexity:	6.711120 at step 327327 using 0:02:52.878569.
Perplexity:	2.709051 at step 328328 using 0:02:52.949780.
Perplexity:	14.352177 at step 329329 using 0:02:54.042597.
Perplexity:	5.365179 at step 330330 using 0:02:58.086197.
Perplexity:	5.860373 at step 331331 using 0:02:53.565466.
Perplexity:	3.050497 at step 332332 using 0:02:53.555620.
Perplexity:	2.636324 at step 333333 using 0:02:57.699372.
Perplexity:	2.552280 at step 334334 using 0:02:59.638447.
Perplexity:	10.836262 at step 335335 using 0:02:53.694390.
Perplexity:	5.439577 at step 336336 using 0:02:53.639415.
Perplexity:	8.825215 at step 337337 using 0:02:56.936528.
Perplexity:	3.251738 at step 338338 using 0:02:54.160111.
Perplexity:	3.574088 at step 339339 using 0:02:53.581963.
Perplexity:	1.842445 at step 340340 using 0:02:58.505578.
Perplexity:	5.031858 at step 341341 using 0:02:52.824001.
Perplexity:	11.508830 at step 342342 using 0:02:53.572197.
Perplexity:	9.298381 at step 343343 using 0:02:58.155352.
Perplexity:	1.295900 at step 344344 using 0:02:53.865093.
Perplexity:	1.632641 at step 345345 using 0:03:00.461689.
Perplexity:	7.522104 at step 346346 using 0:02:52.885964.
Perplexity:	4.278601 at step 347347 using 0:02:57.653170.
Perplexity:	14.746867 at step 348348 using 0:02:53.238027.
Perplexity:	21.160448 at step 349349 using 0:02:52.979156.
Perplexity:	1.773157 at step 350350 using 0:02:58.452333.
Perplexity:	5.584860 at step 351351 using 0:02:54.072370.
Perplexity:	2.632595 at step 352352 using 0:02:55.152211.
Perplexity:	2.184407 at step 353353 using 0:02:53.950775.
Perplexity:	14.612432 at step 354354 using 0:02:58.813430.
Perplexity:	4.144981 at step 355355 using 0:02:52.941493.
Perplexity:	6.553539 at step 356356 using 0:02:59.161950.
Perplexity:	2.335218 at step 357357 using 0:02:57.598693.
Perplexity:	5.990123 at step 358358 using 0:02:54.232666.
Perplexity:	8.094980 at step 359359 using 0:02:54.540048.
Perplexity:	3.236162 at step 360360 using 0:02:58.714765.
Perplexity:	5.824864 at step 361361 using 0:02:54.158514.
Perplexity:	1.452269 at step 362362 using 0:02:52.898060.
Perplexity:	14.663580 at step 363363 using 0:02:53.505823.
Perplexity:	6.910906 at step 364364 using 0:02:58.953678.
Perplexity:	2.316465 at step 365365 using 0:02:52.664297.
Perplexity:	1.215270 at step 366366 using 0:02:59.661403.
Perplexity:	15.865739 at step 367367 using 0:02:57.569111.
Perplexity:	3.018614 at step 368368 using 0:02:54.267652.
Perplexity:	16.295073 at step 369369 using 0:02:52.531356.
Perplexity:	1.445884 at step 370370 using 0:02:53.262720.
Perplexity:	3.853271 at step 371371 using 0:02:57.768229.
Perplexity:	1.299266 at step 372372 using 0:02:53.146348.
Perplexity:	1.705242 at step 373373 using 0:02:53.361936.
Perplexity:	2.597100 at step 374374 using 0:02:58.509127.
Perplexity:	3.125367 at step 375375 using 0:02:53.623390.
Perplexity:	8.214972 at step 376376 using 0:02:53.388381.
Perplexity:	12.772907 at step 377377 using 0:02:59.503184.
Perplexity:	13.702229 at step 378378 using 0:02:58.077381.
Perplexity:	2.617755 at step 379379 using 0:02:54.477201.
Perplexity:	4.499409 at step 380380 using 0:02:53.630250.
Perplexity:	3.532390 at step 381381 using 0:02:58.622082.
Perplexity:	2.501072 at step 382382 using 0:02:54.110857.
Perplexity:	30.566320 at step 383383 using 0:02:54.089507.
Perplexity:	2.087794 at step 384384 using 0:02:57.564753.
Perplexity:	7.542749 at step 385385 using 0:02:53.697260.
Perplexity:	1.903356 at step 386386 using 0:02:53.925728.
Perplexity:	9.967839 at step 387387 using 0:02:53.126094.
Perplexity:	1.890479 at step 388388 using 0:03:03.644080.
Perplexity:	6.329287 at step 389389 using 0:02:53.460301.
Perplexity:	5.423390 at step 390390 using 0:02:53.704153.
Perplexity:	9.646200 at step 391391 using 0:02:58.024847.
Perplexity:	19.044132 at step 392392 using 0:02:53.571015.
Perplexity:	2.405492 at step 393393 using 0:02:53.360201.
Perplexity:	2.491651 at step 394394 using 0:02:53.584025.
Perplexity:	9.814561 at step 395395 using 0:02:58.268958.
Perplexity:	1.107484 at step 396396 using 0:02:53.942445.
Perplexity:	4.195610 at step 397397 using 0:02:54.179929.
Perplexity:	2.603782 at step 398398 using 0:03:02.607013.
Perplexity:	1.359057 at step 399399 using 0:02:53.202493.
Perplexity:	2.468132 at step 400400 using 0:02:53.149850.
Perplexity:	11.461061 at step 401401 using 0:02:52.947068.
Perplexity:	3.079271 at step 402402 using 0:02:58.885685.
Perplexity:	1.255401 at step 403403 using 0:02:52.697033.
Perplexity:	5.795252 at step 404404 using 0:02:53.479481.
Perplexity:	3.550544 at step 405405 using 0:02:57.459901.
Perplexity:	21.487221 at step 406406 using 0:02:54.343345.
Perplexity:	2.187062 at step 407407 using 0:02:53.933485.
Perplexity:	1.015497 at step 408408 using 0:02:57.965664.
Perplexity:	3.120408 at step 409409 using 0:02:59.578377.
Perplexity:	2.859581 at step 410410 using 0:02:53.759430.
Perplexity:	2.542332 at step 411411 using 0:02:53.987145.
Perplexity:	3.144858 at step 412412 using 0:02:58.128685.
Perplexity:	5.023689 at step 413413 using 0:02:53.476298.
Perplexity:	11.267414 at step 414414 using 0:02:53.443093.
Perplexity:	3.122709 at step 415415 using 0:02:58.326200.
Perplexity:	4.676797 at step 416416 using 0:02:53.789895.
Perplexity:	1.439698 at step 417417 using 0:02:52.737361.
Perplexity:	4.568592 at step 418418 using 0:02:53.580989.
Perplexity:	2.264235 at step 419419 using 0:02:58.184570.
Perplexity:	1.529298 at step 420420 using 0:02:59.582225.
Perplexity:	1.593843 at step 421421 using 0:02:53.833725.
Perplexity:	1.285061 at step 422422 using 0:02:57.495491.
Perplexity:	3.577839 at step 423423 using 0:02:54.010282.
Perplexity:	3.301241 at step 424424 using 0:02:53.219329.
Perplexity:	9.570061 at step 425425 using 0:02:52.496931.
Perplexity:	8.062057 at step 426426 using 0:02:57.735636.
Perplexity:	8.688832 at step 427427 using 0:02:54.488369.
Perplexity:	2.336352 at step 428428 using 0:02:53.797554.
Perplexity:	4.159226 at step 429429 using 0:02:58.312164.
Perplexity:	1.250638 at step 430430 using 0:02:59.315585.
Perplexity:	2.129130 at step 431431 using 0:02:53.992564.
Perplexity:	1.986654 at step 432432 using 0:02:58.607468.
Perplexity:	5.012616 at step 433433 using 0:02:53.354628.
Perplexity:	7.253855 at step 434434 using 0:02:54.155784.
Perplexity:	8.770603 at step 435435 using 0:02:53.485184.
Perplexity:	2.096122 at step 436436 using 0:02:57.299392.
Perplexity:	2.687676 at step 437437 using 0:02:53.433011.
Perplexity:	13.643814 at step 438438 using 0:02:53.551559.
Perplexity:	17.862782 at step 439439 using 0:02:58.527348.
Perplexity:	3.262595 at step 440440 using 0:02:52.945453.
Perplexity:	10.999499 at step 441441 using 0:02:58.971162.
Perplexity:	9.620504 at step 442442 using 0:02:53.155253.
Perplexity:	4.477024 at step 443443 using 0:02:58.777370.
Perplexity:	26.483185 at step 444444 using 0:02:53.222875.
Perplexity:	2.716464 at step 445445 using 0:02:53.184685.
Perplexity:	1.274672 at step 446446 using 0:02:57.999654.
Perplexity:	1.742562 at step 447447 using 0:02:53.600168.
Perplexity:	1.591156 at step 448448 using 0:02:53.836398.
Perplexity:	7.358785 at step 449449 using 0:02:52.691169.
Perplexity:	2.688886 at step 450450 using 0:02:58.177312.
Perplexity:	2.641310 at step 451451 using 0:02:53.547350.
Perplexity:	5.340360 at step 452452 using 0:02:59.223941.
Perplexity:	2.671709 at step 453453 using 0:02:59.394185.
Perplexity:	1.463099 at step 454454 using 0:02:54.362202.
Perplexity:	5.733253 at step 455455 using 0:02:53.804985.
Perplexity:	20.659838 at step 456456 using 0:02:58.852173.
Perplexity:	7.075690 at step 457457 using 0:02:53.763957.
Perplexity:	4.068099 at step 458458 using 0:02:53.050508.
Perplexity:	3.419563 at step 459459 using 0:02:52.698615.
Perplexity:	1.321846 at step 460460 using 0:02:58.230115.
Perplexity:	57.467331 at step 461461 using 0:02:54.388573.
Perplexity:	1.209935 at step 462462 using 0:02:59.349644.
Perplexity:	1.040728 at step 463463 using 0:02:57.080156.
Perplexity:	1.212213 at step 464464 using 0:02:53.046179.
Perplexity:	16.938984 at step 465465 using 0:02:52.235374.
Perplexity:	5.827652 at step 466466 using 0:02:53.943937.
Perplexity:	27.421803 at step 467467 using 0:02:59.277979.
Perplexity:	4.980312 at step 468468 using 0:02:53.602335.
Perplexity:	7.254108 at step 469469 using 0:02:53.089845.
Perplexity:	2.046391 at step 470470 using 0:02:58.106249.
Perplexity:	2.231400 at step 471471 using 0:02:53.702544.
Perplexity:	4.158372 at step 472472 using 0:02:53.391255.
Perplexity:	1.012222 at step 473473 using 0:03:04.353095.
Perplexity:	3.574481 at step 474474 using 0:02:53.822386.
Perplexity:	2.842115 at step 475475 using 0:02:53.233347.
Perplexity:	1.457868 at step 476476 using 0:02:53.543688.
Perplexity:	6.657800 at step 477477 using 0:02:58.103528.
Perplexity:	8.089788 at step 478478 using 0:02:52.250431.
Perplexity:	2.873731 at step 479479 using 0:02:54.424878.
Perplexity:	5.114534 at step 480480 using 0:02:57.137607.
Perplexity:	686.399475 at step 481481 using 0:02:52.555447.
Perplexity:	6.752069 at step 482482 using 0:02:53.349132.
Perplexity:	1.046890 at step 483483 using 0:02:54.157763.
Perplexity:	3.655597 at step 484484 using 0:03:02.921976.
Perplexity:	46.412476 at step 485485 using 0:02:53.586813.
Perplexity:	3.573150 at step 486486 using 0:02:53.439110.
Perplexity:	9.356902 at step 487487 using 0:02:57.907698.
Perplexity:	4.172883 at step 488488 using 0:02:52.729118.
Perplexity:	3.935948 at step 489489 using 0:02:52.677364.
Perplexity:	1.037900 at step 490490 using 0:02:53.922823.
Perplexity:	2.627798 at step 491491 using 0:02:58.442284.
Perplexity:	14.716982 at step 492492 using 0:02:53.134792.
Perplexity:	1.893635 at step 493493 using 0:02:54.708568.
Perplexity:	8.292745 at step 494494 using 0:03:04.170043.
Perplexity:	1.416258 at step 495495 using 0:02:53.475903.
Perplexity:	10.255588 at step 496496 using 0:02:52.360444.
Perplexity:	1.770927 at step 497497 using 0:02:57.524102.
Perplexity:	5.416743 at step 498498 using 0:02:53.991980.
Perplexity:	11.205316 at step 499499 using 0:02:54.204187.
Perplexity:	1.119849 at step 500500 using 0:02:52.071547.
Perplexity:	2.955770 at step 501501 using 0:02:55.906073.
Perplexity:	6.988470 at step 502502 using 0:02:51.861292.
Perplexity:	34.140102 at step 503503 using 0:02:51.537718.
Perplexity:	1.193400 at step 504504 using 0:02:56.616461.
Perplexity:	9.981130 at step 505505 using 0:02:56.659152.
Perplexity:	1.864211 at step 506506 using 0:02:52.455774.
Perplexity:	1.238132 at step 507507 using 0:02:52.445066.
Perplexity:	10.383208 at step 508508 using 0:02:56.917854.
Perplexity:	2.089125 at step 509509 using 0:02:52.556369.
Perplexity:	3.574497 at step 510510 using 0:02:52.353516.
Perplexity:	2.303005 at step 511511 using 0:02:56.187231.
Perplexity:	3.256783 at step 512512 using 0:02:52.200074.
Perplexity:	1.276517 at step 513513 using 0:02:51.848212.
Perplexity:	4.784358 at step 514514 using 0:02:51.882888.
Perplexity:	17.682323 at step 515515 using 0:03:00.268227.
Perplexity:	25.941225 at step 516516 using 0:02:51.446454.
Perplexity:	8.301892 at step 517517 using 0:02:51.811408.
Perplexity:	4.101645 at step 518518 using 0:02:55.906898.
Perplexity:	2.719786 at step 519519 using 0:02:51.352348.
Perplexity:	3.054211 at step 520520 using 0:02:51.446379.
Perplexity:	4.207129 at step 521521 using 0:02:52.090027.
Perplexity:	1.598582 at step 522522 using 0:02:55.559644.
Perplexity:	1.453411 at step 523523 using 0:02:51.921261.
Perplexity:	8.820676 at step 524524 using 0:02:51.885834.
Perplexity:	2.477149 at step 525525 using 0:02:55.799454.
Perplexity:	3.950351 at step 526526 using 0:02:57.544138.
Perplexity:	2.671702 at step 527527 using 0:02:52.199874.
Perplexity:	6.009542 at step 528528 using 0:02:51.825103.
Perplexity:	3.312078 at step 529529 using 0:02:54.791891.
Perplexity:	2.388127 at step 530530 using 0:02:51.920536.
Perplexity:	14.753515 at step 531531 using 0:02:51.326500.
Perplexity:	36.398426 at step 532532 using 0:02:56.163436.
Perplexity:	2.851029 at step 533533 using 0:02:51.834908.
Perplexity:	2.527498 at step 534534 using 0:02:50.679447.
Perplexity:	2.374337 at step 535535 using 0:02:51.244133.
Perplexity:	3.890506 at step 536536 using 0:02:55.693829.
Perplexity:	1.982657 at step 537537 using 0:02:56.768557.
Perplexity:	6.826542 at step 538538 using 0:02:51.245919.
Perplexity:	31.671717 at step 539539 using 0:02:55.547182.
Perplexity:	1.254635 at step 540540 using 0:02:51.021487.
Perplexity:	2.212649 at step 541541 using 0:02:51.929002.
Perplexity:	3.641743 at step 542542 using 0:02:55.067795.
Perplexity:	7.081041 at step 543543 using 0:02:51.624812.
Perplexity:	3.064787 at step 544544 using 0:02:51.432023.
Perplexity:	10.994521 at step 545545 using 0:02:51.006586.
Perplexity:	76.386345 at step 546546 using 0:02:55.399807.
Perplexity:	5.797046 at step 547547 using 0:02:51.461850.
Perplexity:	2.820399 at step 548548 using 0:02:57.618755.
Perplexity:	3.919765 at step 549549 using 0:02:56.031952.
Perplexity:	2.165429 at step 550550 using 0:02:51.182942.
Perplexity:	2.763872 at step 551551 using 0:02:52.629018.
Perplexity:	14.694963 at step 552552 using 0:02:51.037241.
Perplexity:	2.261619 at step 553553 using 0:02:55.592423.
Perplexity:	1.990887 at step 554554 using 0:02:51.550826.
Perplexity:	3.299681 at step 555555 using 0:02:51.084632.
Perplexity:	12.653279 at step 556556 using 0:02:56.619209.
Perplexity:	1.730324 at step 557557 using 0:02:51.503921.
Perplexity:	59.372307 at step 558558 using 0:02:56.984195.
Perplexity:	3.698059 at step 559559 using 0:02:51.948409.
Perplexity:	4.593180 at step 560560 using 0:02:56.044251.
Perplexity:	1.688990 at step 561561 using 0:02:51.416578.
Perplexity:	1.379459 at step 562562 using 0:02:51.827601.
Perplexity:	16.595911 at step 563563 using 0:02:55.573845.
Perplexity:	1.288820 at step 564564 using 0:02:51.873751.
Perplexity:	2.620086 at step 565565 using 0:02:51.525155.
Perplexity:	7.009118 at step 566566 using 0:02:52.284396.
Perplexity:	4.319541 at step 567567 using 0:02:56.394370.
Perplexity:	1.105142 at step 568568 using 0:02:52.603200.
Perplexity:	3.307334 at step 569569 using 0:02:56.670439.
Perplexity:	6.905398 at step 570570 using 0:02:55.930107.
Perplexity:	3.538433 at step 571571 using 0:02:51.570207.
Perplexity:	2.591050 at step 572572 using 0:02:52.173455.
Perplexity:	1.578310 at step 573573 using 0:02:51.246170.
Perplexity:	1.000118 at step 574574 using 0:02:56.680345.
Perplexity:	2.076272 at step 575575 using 0:02:51.817297.
Perplexity:	13.664899 at step 576576 using 0:02:52.010787.
Perplexity:	2.537319 at step 577577 using 0:02:55.520100.
Perplexity:	1.868912 at step 578578 using 0:02:51.969282.
Perplexity:	32.258839 at step 579579 using 0:02:52.163230.
Perplexity:	16.119982 at step 580580 using 0:02:57.899315.
Perplexity:	16.037134 at step 581581 using 0:02:55.959866.
Perplexity:	1.748472 at step 582582 using 0:02:51.497465.
Perplexity:	4.556670 at step 583583 using 0:02:52.114970.
Perplexity:	18.137426 at step 584584 using 0:02:55.719169.
Perplexity:	2.827901 at step 585585 using 0:02:52.226279.
Perplexity:	1.062636 at step 586586 using 0:02:51.798192.
Perplexity:	2.931741 at step 587587 using 0:02:56.283981.
Perplexity:	1.511283 at step 588588 using 0:02:51.194013.
Perplexity:	2.830393 at step 589589 using 0:02:51.812411.
Perplexity:	42.079887 at step 590590 using 0:02:57.191016.
Perplexity:	2.266998 at step 591591 using 0:02:56.331580.
Perplexity:	1.740640 at step 592592 using 0:02:51.839365.
Perplexity:	1.326960 at step 593593 using 0:02:51.345011.
Perplexity:	1.586853 at step 594594 using 0:02:56.476127.
Perplexity:	2.063107 at step 595595 using 0:02:51.825417.
Perplexity:	20.404081 at step 596596 using 0:02:51.584973.
Perplexity:	2.125906 at step 597597 using 0:02:52.041975.
Perplexity:	2.679142 at step 598598 using 0:02:56.372690.
Perplexity:	1.100821 at step 599599 using 0:02:52.441423.
Perplexity:	65.588608 at step 600600 using 0:02:51.642822.
Perplexity:	3.664740 at step 601601 using 0:03:01.459003.
Perplexity:	17.802439 at step 602602 using 0:02:52.111138.
Perplexity:	1.594236 at step 603603 using 0:02:51.596705.
Perplexity:	1.422294 at step 604604 using 0:02:51.671458.
Perplexity:	2.395891 at step 605605 using 0:02:55.998092.
Perplexity:	1.255569 at step 606606 using 0:02:51.359963.
Perplexity:	49.015579 at step 607607 using 0:02:51.343096.
Perplexity:	7.694077 at step 608608 using 0:02:55.316087.
Perplexity:	22.428585 at step 609609 using 0:02:51.313454.
Perplexity:	1.391944 at step 610610 using 0:02:51.858525.
Perplexity:	9.368720 at step 611611 using 0:02:52.489756.
Perplexity:	78.187027 at step 612612 using 0:03:00.588728.
Perplexity:	1.615763 at step 613613 using 0:02:51.928562.
Perplexity:	3.608087 at step 614614 using 0:02:51.902591.
Perplexity:	5.705981 at step 615615 using 0:02:56.397777.
Perplexity:	10.770802 at step 616616 using 0:02:51.484810.
Perplexity:	11.460130 at step 617617 using 0:02:50.816852.
Perplexity:	5.641983 at step 618618 using 0:02:51.885774.
Perplexity:	1.213596 at step 619619 using 0:02:56.179562.
Perplexity:	1.319891 at step 620620 using 0:02:52.020086.
Perplexity:	7.483294 at step 621621 using 0:02:51.363209.
Perplexity:	3.623884 at step 622622 using 0:03:01.206010.
Perplexity:	1.037631 at step 623623 using 0:02:52.242663.
Perplexity:	17.900417 at step 624624 using 0:02:51.723098.
Perplexity:	3.558172 at step 625625 using 0:02:51.678622.
Perplexity:	4.786286 at step 626626 using 0:02:55.922821.
Perplexity:	9.345630 at step 627627 using 0:02:50.728992.
Perplexity:	4.004884 at step 628628 using 0:02:51.529187.
Perplexity:	5.510526 at step 629629 using 0:02:55.547282.
Perplexity:	2.250333 at step 630630 using 0:02:51.785076.
Perplexity:	1.003869 at step 631631 using 0:02:51.626677.
Perplexity:	2.299316 at step 632632 using 0:03:00.979735.
Perplexity:	2.012954 at step 633633 using 0:02:51.402550.
Perplexity:	2.680360 at step 634634 using 0:02:51.284173.
Perplexity:	2.748645 at step 635635 using 0:02:51.115980.
Perplexity:	5.769607 at step 636636 using 0:02:55.528200.
Perplexity:	3.846810 at step 637637 using 0:02:51.914642.
Perplexity:	3.417557 at step 638638 using 0:02:52.123795.
Perplexity:	17.777578 at step 639639 using 0:02:55.233130.
Perplexity:	8.913420 at step 640640 using 0:02:52.336053.
Perplexity:	3.907436 at step 641641 using 0:02:51.161399.
Perplexity:	1.775230 at step 642642 using 0:02:51.810048.
Perplexity:	6.912623 at step 643643 using 0:03:00.729597.
Perplexity:	3.209787 at step 644644 using 0:02:51.215057.
Perplexity:	3.355848 at step 645645 using 0:02:50.944261.
Perplexity:	15.670274 at step 646646 using 0:02:55.854376.
Perplexity:	2.562324 at step 647647 using 0:02:51.525623.
Perplexity:	2.100031 at step 648648 using 0:02:51.754828.
Perplexity:	3.804895 at step 649649 using 0:02:52.096126.
Perplexity:	1.222093 at step 650650 using 0:02:56.079550.
Perplexity:	2.568642 at step 651651 using 0:02:51.519148.
Perplexity:	1.595548 at step 652652 using 0:02:52.447261.
Perplexity:	3.714139 at step 653653 using 0:02:55.803729.
Perplexity:	1.732113 at step 654654 using 0:02:56.447204.
Perplexity:	3.909406 at step 655655 using 0:02:52.361965.
Perplexity:	4.096676 at step 656656 using 0:02:52.223787.
Perplexity:	6.092698 at step 657657 using 0:02:55.334527.
Perplexity:	1.336968 at step 658658 using 0:02:51.544759.
Perplexity:	3.310176 at step 659659 using 0:02:52.244626.
Perplexity:	24.912268 at step 660660 using 0:02:56.061485.
Perplexity:	31.429516 at step 661661 using 0:02:51.583380.
Perplexity:	4.267488 at step 662662 using 0:02:51.617244.
Perplexity:	6.734063 at step 663663 using 0:02:51.466723.
Perplexity:	1.000187 at step 664664 using 0:02:55.304510.
Perplexity:	2.272697 at step 665665 using 0:02:57.527262.
Perplexity:	1.015907 at step 666666 using 0:02:51.816359.
Perplexity:	7.824486 at step 667667 using 0:02:55.502133.
Perplexity:	1.262593 at step 668668 using 0:02:51.899851.
Perplexity:	7.919900 at step 669669 using 0:02:52.236198.
Perplexity:	1.612784 at step 670670 using 0:02:51.033027.
Perplexity:	3.533790 at step 671671 using 0:02:56.000375.
Perplexity:	1.248474 at step 672672 using 0:02:51.741384.
Perplexity:	10.097326 at step 673673 using 0:02:52.211556.
Perplexity:	2.349103 at step 674674 using 0:02:55.490905.
Perplexity:	16.815577 at step 675675 using 0:02:57.055998.
Perplexity:	1.392641 at step 676676 using 0:02:52.300816.
Perplexity:	1.000215 at step 677677 using 0:02:55.358555.
Perplexity:	1.134173 at step 678678 using 0:02:52.393967.
Perplexity:	6.265628 at step 679679 using 0:02:51.637512.
Perplexity:	5.108848 at step 680680 using 0:02:51.708936.
Perplexity:	2.958708 at step 681681 using 0:02:55.999690.
Perplexity:	7.866314 at step 682682 using 0:02:52.226076.
Perplexity:	2.012301 at step 683683 using 0:02:51.221829.
Perplexity:	2.563110 at step 684684 using 0:02:55.193958.
Perplexity:	17.200018 at step 685685 using 0:02:51.582763.
Perplexity:	4.033516 at step 686686 using 0:02:56.736752.
Perplexity:	8.265361 at step 687687 using 0:02:51.614016.
Perplexity:	2.423655 at step 688688 using 0:02:56.299553.
Perplexity:	3.127832 at step 689689 using 0:02:50.857062.
Perplexity:	3.647805 at step 690690 using 0:02:51.432923.
Perplexity:	5.919883 at step 691691 using 0:02:55.898859.
Perplexity:	2.598393 at step 692692 using 0:02:51.937619.
Perplexity:	23.048368 at step 693693 using 0:02:51.127658.
Perplexity:	3.318912 at step 694694 using 0:02:50.941797.
Perplexity:	4.525476 at step 695695 using 0:02:55.967585.
Perplexity:	1.695690 at step 696696 using 0:02:51.408883.
Perplexity:	5.895572 at step 697697 using 0:02:57.143361.
Perplexity:	22.354912 at step 698698 using 0:02:55.841243.
Perplexity:	3.744213 at step 699699 using 0:02:51.919918.
Perplexity:	6.304941 at step 700700 using 0:02:52.267728.
Perplexity:	3.425596 at step 701701 using 0:02:51.235819.
Perplexity:	2.607432 at step 702702 using 0:02:56.266333.
Perplexity:	3.713552 at step 703703 using 0:02:52.523269.
Perplexity:	24.455015 at step 704704 using 0:02:52.064671.
Perplexity:	84.906746 at step 705705 using 0:02:55.404728.
Perplexity:	2.096865 at step 706706 using 0:02:51.979829.
Perplexity:	10.704997 at step 707707 using 0:02:52.169211.
Perplexity:	2.824469 at step 708708 using 0:02:57.285017.
Perplexity:	10.268682 at step 709709 using 0:02:55.949005.
Perplexity:	4.583675 at step 710710 using 0:02:51.528645.
Perplexity:	2.475063 at step 711711 using 0:02:52.171812.
Perplexity:	5.465626 at step 712712 using 0:02:56.378208.
Perplexity:	1.940599 at step 713713 using 0:02:51.605645.
Perplexity:	3.068789 at step 714714 using 0:02:51.930610.
Perplexity:	43.782082 at step 715715 using 0:02:51.136991.
Perplexity:	3.666645 at step 716716 using 0:02:56.424506.
Perplexity:	5.643566 at step 717717 using 0:02:51.971802.
Perplexity:	5.419691 at step 718718 using 0:02:57.559872.
Perplexity:	1.156953 at step 719719 using 0:02:55.980822.
Perplexity:	1.227369 at step 720720 using 0:02:51.793295.
Perplexity:	9.399629 at step 721721 using 0:02:51.507696.
Perplexity:	5.866234 at step 722722 using 0:02:51.771363.
Perplexity:	2.391556 at step 723723 using 0:02:56.425835.
Perplexity:	16.113703 at step 724724 using 0:02:51.945360.
Perplexity:	6.730967 at step 725725 using 0:02:52.831754.
Perplexity:	23.194323 at step 726726 using 0:02:55.150355.
Perplexity:	12.752025 at step 727727 using 0:02:53.100394.
Perplexity:	4.731139 at step 728728 using 0:02:51.847233.
Perplexity:	1.139019 at step 729729 using 0:03:01.966794.
Perplexity:	1.787131 at step 730730 using 0:02:51.664275.
Perplexity:	29.650780 at step 731731 using 0:02:52.021419.
Perplexity:	7.540883 at step 732732 using 0:02:51.248412.
Perplexity:	10.924486 at step 733733 using 0:02:56.660088.
Perplexity:	5.323769 at step 734734 using 0:02:51.154531.
Perplexity:	3.213013 at step 735735 using 0:02:51.653470.
Perplexity:	2.646618 at step 736736 using 0:02:55.545330.
Perplexity:	1.693340 at step 737737 using 0:02:50.848250.
Perplexity:	1.138366 at step 738738 using 0:02:51.563255.
Perplexity:	5.250509 at step 739739 using 0:02:51.700092.
Perplexity:	4.497739 at step 740740 using 0:03:01.010206.
Perplexity:	1.593002 at step 741741 using 0:02:52.385264.
Perplexity:	1.169660 at step 742742 using 0:02:52.202579.
Perplexity:	2.299297 at step 743743 using 0:02:56.105970.
Perplexity:	2.820578 at step 744744 using 0:02:52.347585.
Perplexity:	4.676080 at step 745745 using 0:02:51.740259.
Perplexity:	6.351528 at step 746746 using 0:02:51.828820.
Perplexity:	2.847491 at step 747747 using 0:02:56.330840.
Perplexity:	88.203209 at step 748748 using 0:02:51.878376.
Perplexity:	1.898509 at step 749749 using 0:02:51.960184.
Perplexity:	1.213108 at step 750750 using 0:03:01.678087.
Perplexity:	3.881767 at step 751751 using 0:02:52.726711.
Perplexity:	1.337217 at step 752752 using 0:02:51.646893.
Perplexity:	4.386606 at step 753753 using 0:02:52.143209.
Perplexity:	15.133720 at step 754754 using 0:02:56.878792.
Perplexity:	11.175669 at step 755755 using 0:02:51.616626.
Perplexity:	36.650475 at step 756756 using 0:02:51.933429.
Perplexity:	4.302379 at step 757757 using 0:02:55.647350.
Perplexity:	4.716115 at step 758758 using 0:02:52.220232.
Perplexity:	3.021096 at step 759759 using 0:02:52.243052.
Perplexity:	5.912064 at step 760760 using 0:02:51.940323.
Perplexity:	7.737572 at step 761761 using 0:03:01.689731.
Perplexity:	1.029455 at step 762762 using 0:02:51.756142.
Perplexity:	18.448536 at step 763763 using 0:02:51.451873.
Perplexity:	4.462769 at step 764764 using 0:02:55.467506.
Perplexity:	2.273934 at step 765765 using 0:02:51.978419.
Perplexity:	11.092623 at step 766766 using 0:02:52.346475.
Perplexity:	4.015621 at step 767767 using 0:02:52.121155.
Perplexity:	144.455353 at step 768768 using 0:02:56.006388.
Perplexity:	4.320776 at step 769769 using 0:02:52.205590.
Perplexity:	3.797193 at step 770770 using 0:02:52.317297.
Perplexity:	3.481677 at step 771771 using 0:03:01.975790.
Perplexity:	1.944165 at step 772772 using 0:02:52.329049.
Perplexity:	3.552596 at step 773773 using 0:02:51.866701.
Perplexity:	4.949496 at step 774774 using 0:02:56.502537.
Perplexity:	4.265206 at step 775775 using 0:02:51.861525.
Perplexity:	11.906488 at step 776776 using 0:02:51.780228.
Perplexity:	2.421652 at step 777777 using 0:02:52.055842.
Perplexity:	1.363302 at step 778778 using 0:02:56.113372.
Perplexity:	3.496319 at step 779779 using 0:02:52.720188.
Perplexity:	2.581039 at step 780780 using 0:02:52.251437.
Perplexity:	2.186092 at step 781781 using 0:02:56.364461.
Perplexity:	3.761275 at step 782782 using 0:02:57.236945.
Perplexity:	5.980319 at step 783783 using 0:02:51.617413.
Perplexity:	4.015235 at step 784784 using 0:02:51.916632.
Perplexity:	10.053439 at step 785785 using 0:02:56.256525.
Perplexity:	3.862389 at step 786786 using 0:02:51.489722.
Perplexity:	2.596668 at step 787787 using 0:02:52.082116.
Perplexity:	2.127671 at step 788788 using 0:02:56.758886.
Perplexity:	5.989878 at step 789789 using 0:02:52.708174.
Perplexity:	1.499256 at step 790790 using 0:02:51.826339.
Perplexity:	17.464457 at step 791791 using 0:02:52.142746.
Perplexity:	3.920495 at step 792792 using 0:02:55.751059.
Perplexity:	2.240699 at step 793793 using 0:02:56.979485.
Perplexity:	1.019057 at step 794794 using 0:02:51.337547.
Perplexity:	19.736214 at step 795795 using 0:02:56.319745.
Perplexity:	18.310568 at step 796796 using 0:02:52.494660.
Perplexity:	5.692421 at step 797797 using 0:02:52.163820.
Perplexity:	4.034420 at step 798798 using 0:02:51.914866.
Perplexity:	1.003666 at step 799799 using 0:02:55.506163.
Perplexity:	1.758610 at step 800800 using 0:02:52.358290.
Perplexity:	12.019301 at step 801801 using 0:02:50.694543.
Perplexity:	1.687074 at step 802802 using 0:02:56.645463.
Perplexity:	1.843383 at step 803803 using 0:02:56.953007.
Perplexity:	2.820980 at step 804804 using 0:02:52.309182.
Perplexity:	4.477805 at step 805805 using 0:02:51.471101.
Perplexity:	4.289932 at step 806806 using 0:02:55.500420.
Perplexity:	14.024515 at step 807807 using 0:02:52.207915.
Perplexity:	1.212863 at step 808808 using 0:02:52.068495.
Perplexity:	3.434615 at step 809809 using 0:02:55.344768.
Perplexity:	7.390531 at step 810810 using 0:02:52.610348.
Perplexity:	1.519492 at step 811811 using 0:02:52.215879.
Perplexity:	3.335041 at step 812812 using 0:02:56.115701.
Perplexity:	4.712250 at step 813813 using 0:02:51.659167.
Perplexity:	6.818210 at step 814814 using 0:02:57.137178.
Perplexity:	14.279064 at step 815815 using 0:02:52.223994.
Perplexity:	3.869757 at step 816816 using 0:02:55.783445.
Perplexity:	5.480244 at step 817817 using 0:02:51.382056.
Perplexity:	20.278082 at step 818818 using 0:02:52.022480.
Perplexity:	2.840018 at step 819819 using 0:02:55.373443.
Perplexity:	2.848063 at step 820820 using 0:02:51.514759.
Perplexity:	3.051577 at step 821821 using 0:02:52.495222.
Perplexity:	1.436331 at step 822822 using 0:02:51.736287.
Perplexity:	6.984601 at step 823823 using 0:02:55.792221.
Perplexity:	1.302911 at step 824824 using 0:02:52.312213.
Perplexity:	9.605045 at step 825825 using 0:02:57.141749.
Perplexity:	7.023691 at step 826826 using 0:02:55.966529.
Perplexity:	2.498364 at step 827827 using 0:02:51.919517.
Perplexity:	1.824053 at step 828828 using 0:02:52.119860.
Perplexity:	1.977650 at step 829829 using 0:02:52.322638.
Perplexity:	3.317137 at step 830830 using 0:02:56.240739.
Perplexity:	5.549472 at step 831831 using 0:02:51.177245.
Perplexity:	1.140951 at step 832832 using 0:02:52.194156.
Perplexity:	8.113332 at step 833833 using 0:02:55.567370.
Perplexity:	2.026470 at step 834834 using 0:02:51.963454.
Perplexity:	8.136363 at step 835835 using 0:02:52.043591.
Perplexity:	2.325437 at step 836836 using 0:02:57.664866.
Perplexity:	1.391372 at step 837837 using 0:02:56.028713.
Perplexity:	1.872362 at step 838838 using 0:02:51.645181.
Perplexity:	8.423200 at step 839839 using 0:02:52.401281.
Perplexity:	2.261058 at step 840840 using 0:02:56.236792.
Perplexity:	3.844903 at step 841841 using 0:02:51.742565.
Perplexity:	4.109923 at step 842842 using 0:02:51.749782.
Perplexity:	2.821520 at step 843843 using 0:02:52.331787.
Perplexity:	3.077379 at step 844844 using 0:02:56.559840.
Perplexity:	5.560624 at step 845845 using 0:02:52.067153.
Perplexity:	3.719615 at step 846846 using 0:02:56.885835.
Perplexity:	1.922585 at step 847847 using 0:02:55.684115.
Perplexity:	2.961415 at step 848848 using 0:02:51.612627.
Perplexity:	1.821617 at step 849849 using 0:02:50.501951.
Perplexity:	1.261588 at step 850850 using 0:02:51.497454.
Perplexity:	1.012344 at step 851851 using 0:02:55.626411.
Perplexity:	3.835439 at step 852852 using 0:02:51.488343.
Perplexity:	18.153418 at step 853853 using 0:02:51.164063.
Perplexity:	24.965069 at step 854854 using 0:02:56.228698.
Perplexity:	14.212774 at step 855855 using 0:02:52.059391.
Perplexity:	1.001573 at step 856856 using 0:02:51.871669.
Perplexity:	1.005561 at step 857857 using 0:03:01.671462.
Perplexity:	2.793031 at step 858858 using 0:02:51.905246.
Perplexity:	2.835696 at step 859859 using 0:02:52.072682.
Perplexity:	1.375141 at step 860860 using 0:02:51.996687.
Perplexity:	6.771786 at step 861861 using 0:02:56.602960.
Perplexity:	6.412787 at step 862862 using 0:02:51.990676.
Perplexity:	23.642099 at step 863863 using 0:02:52.242383.
Perplexity:	2.290921 at step 864864 using 0:02:56.129266.
Perplexity:	1.113494 at step 865865 using 0:02:51.480866.
Perplexity:	3.119963 at step 866866 using 0:02:51.699185.
Perplexity:	4.011713 at step 867867 using 0:02:51.888453.
Perplexity:	1.005629 at step 868868 using 0:03:00.827720.
Perplexity:	10.642889 at step 869869 using 0:02:51.554145.
Perplexity:	5.271093 at step 870870 using 0:02:52.067701.
Perplexity:	5.348268 at step 871871 using 0:02:55.823263.
Perplexity:	2.883832 at step 872872 using 0:02:52.684056.
Perplexity:	4.568742 at step 873873 using 0:02:51.389559.
Perplexity:	1.909477 at step 874874 using 0:02:51.936030.
Perplexity:	2.343694 at step 875875 using 0:02:55.694486.
Perplexity:	3.101985 at step 876876 using 0:02:50.872235.
Perplexity:	1.721106 at step 877877 using 0:02:51.769368.
Perplexity:	2.556315 at step 878878 using 0:03:01.367093.
Perplexity:	2.538007 at step 879879 using 0:02:51.971140.
Perplexity:	9.918497 at step 880880 using 0:02:51.493350.
Perplexity:	4.778296 at step 881881 using 0:02:51.245685.
Perplexity:	5.059130 at step 882882 using 0:02:55.935068.
Perplexity:	3.671380 at step 883883 using 0:02:52.344181.
Perplexity:	6.312085 at step 884884 using 0:02:51.845449.
Perplexity:	8.352783 at step 885885 using 0:02:56.836131.
Perplexity:	1.340833 at step 886886 using 0:02:52.383429.
Perplexity:	1.089911 at step 887887 using 0:02:51.482642.
Perplexity:	3.321676 at step 888888 using 0:02:52.575315.
Perplexity:	3.153357 at step 889889 using 0:03:00.760868.
Perplexity:	2.081581 at step 890890 using 0:02:51.624749.
Perplexity:	4.219744 at step 891891 using 0:02:51.267951.
Perplexity:	4.657942 at step 892892 using 0:02:55.760471.
Perplexity:	7.377635 at step 893893 using 0:02:51.529138.
Perplexity:	2.122298 at step 894894 using 0:02:51.702565.
Perplexity:	5.309776 at step 895895 using 0:02:51.283513.
Perplexity:	2.484240 at step 896896 using 0:02:55.245878.
Perplexity:	19.634542 at step 897897 using 0:02:51.467244.
Perplexity:	2.819378 at step 898898 using 0:02:52.363234.
Perplexity:	10.415135 at step 899899 using 0:03:01.992452.
Perplexity:	7.725541 at step 900900 using 0:02:52.285994.
Perplexity:	1.090471 at step 901901 using 0:02:52.050266.
Perplexity:	1.355707 at step 902902 using 0:02:56.359717.
Perplexity:	3.689650 at step 903903 using 0:02:51.209964.
Perplexity:	1.021679 at step 904904 using 0:02:51.972089.
Perplexity:	2.730062 at step 905905 using 0:02:51.144757.
Perplexity:	4.312319 at step 906906 using 0:02:55.939268.
Perplexity:	120.295975 at step 907907 using 0:02:50.930290.
Perplexity:	8.324439 at step 908908 using 0:02:51.262849.
Perplexity:	6.640993 at step 909909 using 0:02:55.529258.
Perplexity:	4.629883 at step 910910 using 0:02:58.063293.
Perplexity:	5.806023 at step 911911 using 0:02:51.742762.
Perplexity:	2.847085 at step 912912 using 0:02:51.649482.
Perplexity:	4.043006 at step 913913 using 0:02:55.104833.
Perplexity:	7.094651 at step 914914 using 0:02:51.725057.
Perplexity:	31.841961 at step 915915 using 0:02:51.482838.
Perplexity:	18.888527 at step 916916 using 0:02:56.273803.
Perplexity:	1.081415 at step 917917 using 0:02:51.563833.
Perplexity:	1.316183 at step 918918 using 0:02:51.465975.
Perplexity:	5.528133 at step 919919 using 0:02:50.801462.
Perplexity:	6.973816 at step 920920 using 0:02:56.109433.
Perplexity:	4.430729 at step 921921 using 0:02:57.371011.
Perplexity:	2.869381 at step 922922 using 0:02:51.573648.
Perplexity:	28.950218 at step 923923 using 0:02:55.520112.
Perplexity:	9.059482 at step 924924 using 0:02:50.782705.
Perplexity:	1.710345 at step 925925 using 0:02:51.680293.
Perplexity:	2.497690 at step 926926 using 0:02:52.825726.
Perplexity:	3.953691 at step 927927 using 0:02:56.521732.
Perplexity:	3.775087 at step 928928 using 0:02:51.529859.
Perplexity:	16.088518 at step 929929 using 0:02:50.625093.
Perplexity:	4.316080 at step 930930 using 0:02:56.018612.
Perplexity:	45.843601 at step 931931 using 0:02:57.117720.
Perplexity:	1.651355 at step 932932 using 0:02:51.966811.
Perplexity:	23.039928 at step 933933 using 0:02:51.134536.
Perplexity:	4.522723 at step 934934 using 0:02:56.092043.
Perplexity:	19.885588 at step 935935 using 0:02:51.792010.
Perplexity:	7.734841 at step 936936 using 0:02:51.594632.
Perplexity:	2.045877 at step 937937 using 0:02:56.211616.
Perplexity:	1.085935 at step 938938 using 0:02:51.519853.
Perplexity:	7.116454 at step 939939 using 0:02:51.340195.
Perplexity:	13.255841 at step 940940 using 0:02:52.079491.
Perplexity:	31.473143 at step 941941 using 0:02:56.197541.
Perplexity:	12.260340 at step 942942 using 0:02:57.399269.
Perplexity:	10.583519 at step 943943 using 0:02:51.377691.
Perplexity:	7.029310 at step 944944 using 0:02:56.413338.
Perplexity:	3.714354 at step 945945 using 0:02:52.093946.
Perplexity:	9.669120 at step 946946 using 0:02:51.779766.
Perplexity:	1.001093 at step 947947 using 0:02:55.137970.
Perplexity:	1.645306 at step 948948 using 0:02:51.587516.
Perplexity:	2.334504 at step 949949 using 0:02:51.188530.
Perplexity:	3.832745 at step 950950 using 0:02:51.661910.
Perplexity:	7.062840 at step 951951 using 0:02:56.312699.
Perplexity:	1.908917 at step 952952 using 0:02:52.006617.
Perplexity:	29.205505 at step 953953 using 0:02:56.902358.
Perplexity:	1.326013 at step 954954 using 0:02:55.650070.
Perplexity:	2.682621 at step 955955 using 0:02:52.281625.
Perplexity:	7.093225 at step 956956 using 0:02:52.754479.
Perplexity:	3.743493 at step 957957 using 0:02:51.743330.
Perplexity:	5.734049 at step 958958 using 0:02:56.017477.
Perplexity:	11.119175 at step 959959 using 0:02:52.107654.
Perplexity:	4.454616 at step 960960 using 0:02:52.244611.
Perplexity:	1.016355 at step 961961 using 0:02:54.495794.
Perplexity:	2.864822 at step 962962 using 0:02:50.771149.
Perplexity:	7.207687 at step 963963 using 0:02:51.401475.
Perplexity:	2.338686 at step 964964 using 0:02:56.942218.
Perplexity:	8.912875 at step 965965 using 0:02:56.139852.
Perplexity:	1.081882 at step 966966 using 0:02:51.912799.
Perplexity:	6.193525 at step 967967 using 0:02:52.471294.
Perplexity:	1.695673 at step 968968 using 0:02:55.922150.
Perplexity:	1.042992 at step 969969 using 0:02:51.443346.
Perplexity:	4.568534 at step 970970 using 0:02:51.623567.
Perplexity:	1.099271 at step 971971 using 0:02:51.170114.
Perplexity:	6.480417 at step 972972 using 0:02:56.150202.
Perplexity:	1.908605 at step 973973 using 0:02:52.289795.
Perplexity:	2.516091 at step 974974 using 0:02:56.742020.
Perplexity:	1.648639 at step 975975 using 0:02:56.131864.
Perplexity:	5.153998 at step 976976 using 0:02:51.279671.
Perplexity:	1.617714 at step 977977 using 0:02:51.192900.
Perplexity:	4.088600 at step 978978 using 0:02:52.495409.
Perplexity:	2.390558 at step 979979 using 0:02:55.796775.
Perplexity:	1.232159 at step 980980 using 0:02:51.433915.
Perplexity:	24.668386 at step 981981 using 0:02:52.452237.
Perplexity:	3.523344 at step 982982 using 0:02:56.652978.
Perplexity:	4.168783 at step 983983 using 0:02:51.560667.
Perplexity:	1.053714 at step 984984 using 0:02:51.985475.
Perplexity:	2.966805 at step 985985 using 0:02:57.312809.
Perplexity:	2.123730 at step 986986 using 0:02:57.270344.